[93mWARNING [0m:   DEPRECATED FEATURE: flwr.client.start_numpy_client() is deprecated. 
	Instead, use `flwr.client.start_client()` by ensuring you first call the `.to_client()` method as shown below: 
	flwr.client.start_client(
		server_address='<IP>:<PORT>',
		client=FlowerClient().to_client(), # <-- where FlowerClient is of type flwr.client.NumPyClient object
	)
	Using `start_numpy_client()` is deprecated.

            This is a deprecated feature. It will be removed
            entirely in future versions of Flower.
        
[93mWARNING [0m:   DEPRECATED FEATURE: flwr.client.start_client() is deprecated.
	Instead, use the `flower-supernode` CLI command to start a SuperNode as shown below:

		$ flower-supernode --insecure --superlink='<IP>:<PORT>'

	To view all available options, run:

		$ flower-supernode --help

	Using `start_client()` is deprecated.

            This is a deprecated feature. It will be removed
            entirely in future versions of Flower.
        
[92mINFO [0m:      
[92mINFO [0m:      Received: get_parameters message 7996dc49-8ec1-4757-beb0-42e54663b6f5
[92mINFO [0m:      Sent reply
[92mINFO [0m:      
[92mINFO [0m:      Received: train message 7d576bd2-f038-4e7d-8fe7-6c813e9c5920
[92mINFO [0m:      Sent reply
[92mINFO [0m:      
[92mINFO [0m:      Received: evaluate message eea1a623-aa0c-4e2c-8941-6fea3439aff9
[92mINFO [0m:      Sent reply
[92mINFO [0m:      
[92mINFO [0m:      Received: train message 2d5668da-c6ef-4ff0-bd72-01a5e1531e2c
[92mINFO [0m:      Sent reply
[92mINFO [0m:      
[92mINFO [0m:      Received: evaluate message a7610e73-d7e4-427e-b7ba-c367ef680e09
[92mINFO [0m:      Sent reply
[92mINFO [0m:      
[92mINFO [0m:      Received: train message 04c85467-6099-44b7-b555-2a186ee8fdd5
[92mINFO [0m:      Sent reply
[92mINFO [0m:      
[92mINFO [0m:      Received: evaluate message c7283fbc-00f1-4b2c-8409-f4a603552382
[92mINFO [0m:      Sent reply
[92mINFO [0m:      
[92mINFO [0m:      Received: train message f2719153-ac66-4a28-8ab5-c605c5b390fb
[92mINFO [0m:      Sent reply
[92mINFO [0m:      
[92mINFO [0m:      Received: evaluate message 10d27425-e02c-4ff1-bbd5-afe4159026d4
[92mINFO [0m:      Sent reply
[92mINFO [0m:      
[92mINFO [0m:      Received: train message f3b40d71-e6b8-4dd3-81d6-bc7e15b13b0e
[92mINFO [0m:      Sent reply
[92mINFO [0m:      
[92mINFO [0m:      Received: evaluate message 545ec53f-28b7-4be6-9351-2142d6ef61d4
[92mINFO [0m:      Sent reply
[92mINFO [0m:      
[92mINFO [0m:      Received: train message a210a64f-9eb2-4118-b53e-c502a668e7db
[92mINFO [0m:      Sent reply
[92mINFO [0m:      
[92mINFO [0m:      Received: evaluate message a7b27b9a-e2b1-4d13-92b0-fd6863de2723
[92mINFO [0m:      Sent reply
[92mINFO [0m:      
[92mINFO [0m:      Received: train message a8ad71f8-358b-4f49-be9d-9d603516f6ba
[92mINFO [0m:      Sent reply
[92mINFO [0m:      
[92mINFO [0m:      Received: evaluate message 3d6305ca-25fb-4038-8be6-bf8d5045ce5c
[92mINFO [0m:      Sent reply
[92mINFO [0m:      
[92mINFO [0m:      Received: train message 80cf5726-e75b-42cd-99ac-080778e43536
[92mINFO [0m:      Sent reply
[92mINFO [0m:      
[92mINFO [0m:      Received: evaluate message 2f09995f-21e5-4d5e-99af-f4e2b4f4d39c
[92mINFO [0m:      Sent reply
[92mINFO [0m:      
[92mINFO [0m:      Received: train message b1e4dcc0-0db2-4a07-b1e2-6ad25d092b9e
[92mINFO [0m:      Sent reply
[92mINFO [0m:      
[92mINFO [0m:      Received: evaluate message b202f2d5-5f3c-40d2-be72-f11e0d70c87a
[92mINFO [0m:      Sent reply
[92mINFO [0m:      
[92mINFO [0m:      Received: train message 1ad5773a-9164-489b-b54b-3056491fbf4d
[92mINFO [0m:      Sent reply
[92mINFO [0m:      
[92mINFO [0m:      Received: evaluate message ce7a9c77-b755-47e3-a8f6-2bb2fe17acfe
[92mINFO [0m:      Sent reply
[92mINFO [0m:      
[92mINFO [0m:      Received: train message 026f18f3-7a56-4936-9829-08f7069fcd9b
[92mINFO [0m:      Sent reply
[92mINFO [0m:      
[92mINFO [0m:      Received: evaluate message 15cb5a2d-e2fa-4dcc-a03d-a1a757c808d4
[92mINFO [0m:      Sent reply
[92mINFO [0m:      
[92mINFO [0m:      Received: train message cb87a745-fda3-4b10-a629-bfbdc30117e9
[92mINFO [0m:      Sent reply
[92mINFO [0m:      
[92mINFO [0m:      Received: evaluate message eebabfb8-111d-4eaf-a5c2-f50b473c0223
[92mINFO [0m:      Sent reply
[92mINFO [0m:      
[92mINFO [0m:      Received: train message 3a6714d5-0517-4b82-9afc-a213cf8a5db7
[92mINFO [0m:      Sent reply
[92mINFO [0m:      
[92mINFO [0m:      Received: evaluate message 2eada33e-c1a1-4d96-a8f1-932eb91a3448
[92mINFO [0m:      Sent reply
[92mINFO [0m:      
[92mINFO [0m:      Received: train message 64996e96-9a36-4e98-809c-9cb36894ab87
[92mINFO [0m:      Sent reply
[92mINFO [0m:      
[92mINFO [0m:      Received: evaluate message 750548a5-4288-4488-80ed-0ae25120f4d1
[92mINFO [0m:      Sent reply
[92mINFO [0m:      
[92mINFO [0m:      Received: train message 1491d6e2-0439-4ef1-9825-22fb351a74a4
[92mINFO [0m:      Sent reply
[92mINFO [0m:      
[92mINFO [0m:      Received: evaluate message fa9452db-c4e6-4516-bf43-58a0cd51cd54
[92mINFO [0m:      Sent reply
[92mINFO [0m:      
[92mINFO [0m:      Received: train message c50cddab-525e-48c9-8880-cddc4006e144
[92mINFO [0m:      Sent reply
[92mINFO [0m:      
[92mINFO [0m:      Received: evaluate message aff07d6e-2a36-47b1-be99-85c1e8c6397e
[92mINFO [0m:      Sent reply
[92mINFO [0m:      
[92mINFO [0m:      Received: train message 002dcdd2-3651-42ca-9e37-66d2177ea9cc
[92mINFO [0m:      Sent reply
[92mINFO [0m:      
[92mINFO [0m:      Received: evaluate message 085b24f7-7358-4cd0-92e3-7b20b1b15062
[92mINFO [0m:      Sent reply
[92mINFO [0m:      
[92mINFO [0m:      Received: train message dfe32da8-8e4a-43b7-b865-ad775b6b5e16
[92mINFO [0m:      Sent reply
[92mINFO [0m:      
[92mINFO [0m:      Received: evaluate message da0ad482-e1fa-41c8-bad0-ba2e59fb58d1
[92mINFO [0m:      Sent reply
[92mINFO [0m:      
[92mINFO [0m:      Received: train message 9931f3b9-86f2-4cc9-b107-0333433be4d4
[92mINFO [0m:      Sent reply
[92mINFO [0m:      
[92mINFO [0m:      Received: evaluate message 04f12ec5-4bef-471e-a4fe-61d631a5916b
[92mINFO [0m:      Sent reply
[92mINFO [0m:      
[92mINFO [0m:      Received: train message 2c89256a-cf53-4936-95ce-f1b2d25de2fb
[92mINFO [0m:      Sent reply
[92mINFO [0m:      
[92mINFO [0m:      Received: evaluate message c69188ee-a51a-455c-bc74-fcfe305318b4
[92mINFO [0m:      Sent reply
[92mINFO [0m:      
[92mINFO [0m:      Received: reconnect message ada47824-2504-48eb-8414-7877859cf355
[92mINFO [0m:      Disconnect and shut down
[Client 8] Logging metrics to: runs/manual_fedprox_alpha0.1_mu0.1/client_8_metrics.csv
[Data] Train samples=800, class_counts={0: 400, 1: 400}; Test samples=200, class_counts={0: 100, 1: 100}
[Client 8] Model validation passed: out_features=2, num_classes_global=2
[Client 8] Label histogram: {"0": 490, "1": 510}
