[93mWARNING [0m:   DEPRECATED FEATURE: flwr.client.start_numpy_client() is deprecated. 
	Instead, use `flwr.client.start_client()` by ensuring you first call the `.to_client()` method as shown below: 
	flwr.client.start_client(
		server_address='<IP>:<PORT>',
		client=FlowerClient().to_client(), # <-- where FlowerClient is of type flwr.client.NumPyClient object
	)
	Using `start_numpy_client()` is deprecated.

            This is a deprecated feature. It will be removed
            entirely in future versions of Flower.
        
[93mWARNING [0m:   DEPRECATED FEATURE: flwr.client.start_client() is deprecated.
	Instead, use the `flower-supernode` CLI command to start a SuperNode as shown below:

		$ flower-supernode --insecure --superlink='<IP>:<PORT>'

	To view all available options, run:

		$ flower-supernode --help

	Using `start_client()` is deprecated.

            This is a deprecated feature. It will be removed
            entirely in future versions of Flower.
        
[92mINFO [0m:      
[92mINFO [0m:      Received: evaluate message c2f14663-99d0-44e5-8311-a7ea0969c35b
[92mINFO [0m:      Sent reply
[92mINFO [0m:      
[92mINFO [0m:      Received: train message 9578c82f-95da-441a-8d02-8cd212f8e4cd
[92mINFO [0m:      Sent reply
[92mINFO [0m:      
[92mINFO [0m:      Received: evaluate message f11a1a33-25e0-4677-b520-de69e492d97a
[92mINFO [0m:      Sent reply
[92mINFO [0m:      
[92mINFO [0m:      Received: train message 19042e46-baed-4c26-8b0f-33897eeb7609
[92mINFO [0m:      Sent reply
[92mINFO [0m:      
[92mINFO [0m:      Received: evaluate message 8d4cfa41-adba-4388-a061-70ddc8cdcb65
[92mINFO [0m:      Sent reply
[92mINFO [0m:      
[92mINFO [0m:      Received: train message 05d5f788-135d-4073-947d-82e7b0472da8
[92mINFO [0m:      Sent reply
[92mINFO [0m:      
[92mINFO [0m:      Received: evaluate message 55aba8d8-6ffd-4a63-8642-52a9d103d74d
[92mINFO [0m:      Sent reply
[92mINFO [0m:      
[92mINFO [0m:      Received: train message 5dbf9364-d37e-49ff-9ef2-7d727440e430
[92mINFO [0m:      Sent reply
[92mINFO [0m:      
[92mINFO [0m:      Received: evaluate message ad015360-34e5-435f-af13-f521f65dd623
[92mINFO [0m:      Sent reply
[92mINFO [0m:      
[92mINFO [0m:      Received: train message d2bff33e-e55c-47ec-8beb-374977bf061b
[92mINFO [0m:      Sent reply
[92mINFO [0m:      
[92mINFO [0m:      Received: evaluate message b39c9bd3-6a18-4139-9fbf-d2b8b23503e4
[92mINFO [0m:      Sent reply
[92mINFO [0m:      
[92mINFO [0m:      Received: train message 7ced450c-352d-4eba-ab0f-151a6ad995c8
[92mINFO [0m:      Sent reply
[92mINFO [0m:      
[92mINFO [0m:      Received: evaluate message 2d0672e6-ae99-48d5-ac75-ea3e7e0da273
[92mINFO [0m:      Sent reply
[92mINFO [0m:      
[92mINFO [0m:      Received: train message aabbf10b-d6d6-43d1-9f1b-4c5b717c5ec6
[92mINFO [0m:      Sent reply
[92mINFO [0m:      
[92mINFO [0m:      Received: evaluate message 8a3685c1-1696-4bc4-9cdc-f15b0250b161
[92mINFO [0m:      Sent reply
[92mINFO [0m:      
[92mINFO [0m:      Received: train message 5f8cd6cc-2b0f-446e-90ab-e3e25aedfca6
[92mINFO [0m:      Sent reply
[92mINFO [0m:      
[92mINFO [0m:      Received: evaluate message b8c62429-ee2b-45a0-81b3-b58937ebd888
[92mINFO [0m:      Sent reply
[92mINFO [0m:      
[92mINFO [0m:      Received: train message 63df8c13-6899-4803-b0d9-304bf5c890c6
[92mINFO [0m:      Sent reply
[92mINFO [0m:      
[92mINFO [0m:      Received: evaluate message baa41e1c-1e17-4afe-a68b-ced91e5dc155
[92mINFO [0m:      Sent reply
[92mINFO [0m:      
[92mINFO [0m:      Received: train message 2f5080a5-b331-4f54-8e4d-db1a8f018dcd
[92mINFO [0m:      Sent reply
[92mINFO [0m:      
[92mINFO [0m:      Received: evaluate message 7c4bf8c9-cfd9-4fa5-997d-62a082be30a7
[92mINFO [0m:      Sent reply
[92mINFO [0m:      
[92mINFO [0m:      Received: train message bd1d0ab1-ecaf-4fb3-b58a-6887956ea013
[92mINFO [0m:      Sent reply
[92mINFO [0m:      
[92mINFO [0m:      Received: evaluate message d5d48f30-8578-4fc5-92e1-add4a0084e53
[92mINFO [0m:      Sent reply
[92mINFO [0m:      
[92mINFO [0m:      Received: train message 3a35d9f8-43b8-4a68-b66b-a5173e99ec4e
[92mINFO [0m:      Sent reply
[92mINFO [0m:      
[92mINFO [0m:      Received: evaluate message 51586721-2521-48c2-bc0b-5a99daa3d14a
[92mINFO [0m:      Sent reply
[92mINFO [0m:      
[92mINFO [0m:      Received: train message 2a05c571-5ed7-483e-a075-dc0c9b873a22
[92mINFO [0m:      Sent reply
[92mINFO [0m:      
[92mINFO [0m:      Received: evaluate message 45ba389f-b0aa-4702-81d0-27f51969ca12
[92mINFO [0m:      Sent reply
[92mINFO [0m:      
[92mINFO [0m:      Received: train message dd2cdc5b-994d-4910-b953-107cbf40872f
[92mINFO [0m:      Sent reply
[92mINFO [0m:      
[92mINFO [0m:      Received: evaluate message 2f4364fb-e7aa-46bb-9917-5db84471e021
[92mINFO [0m:      Sent reply
[92mINFO [0m:      
[92mINFO [0m:      Received: train message be413683-1fb9-4726-bbdc-983cb62b92fc
[92mINFO [0m:      Sent reply
[92mINFO [0m:      
[92mINFO [0m:      Received: evaluate message 981d61ec-d7f3-4863-b11b-f6767d04c162
[92mINFO [0m:      Sent reply
[92mINFO [0m:      
[92mINFO [0m:      Received: train message cf2cb8fc-9f81-45b0-89d6-83758e2aa0f9
[92mINFO [0m:      Sent reply
[92mINFO [0m:      
[92mINFO [0m:      Received: evaluate message 79438439-1dba-4fe0-97f3-4e850138bd67
[92mINFO [0m:      Sent reply
[92mINFO [0m:      
[92mINFO [0m:      Received: train message f6b4f597-daab-4f33-9b64-a7478a3fd3a3
[92mINFO [0m:      Sent reply
[92mINFO [0m:      
[92mINFO [0m:      Received: evaluate message 9f7a7495-b40a-4415-8c38-371bea2e42ad
[92mINFO [0m:      Sent reply
[92mINFO [0m:      
[92mINFO [0m:      Received: train message 072d3b8b-8d72-4794-af55-16574671ef8b
[92mINFO [0m:      Sent reply
[92mINFO [0m:      
[92mINFO [0m:      Received: evaluate message 2635b295-f60f-4828-b316-586f9385913e
[92mINFO [0m:      Sent reply
[92mINFO [0m:      
[92mINFO [0m:      Received: train message 7e246962-e841-4bda-9e74-041de9a7244e
[92mINFO [0m:      Sent reply
[92mINFO [0m:      
[92mINFO [0m:      Received: evaluate message d5886144-64ac-4a79-8589-e2c0798b5c88
[92mINFO [0m:      Sent reply
[92mINFO [0m:      
[92mINFO [0m:      Received: reconnect message 10d33a9c-b0a7-4235-bc7e-fa6520e5aa5a
[92mINFO [0m:      Disconnect and shut down
[Client 7] Logging metrics to: runs/manual_fedprox_alpha0.1_mu0.1/client_7_metrics.csv
[Data] Train samples=800, class_counts={0: 400, 1: 400}; Test samples=200, class_counts={0: 100, 1: 100}
[Client 7] Model validation passed: out_features=2, num_classes_global=2
[Client 7] Label histogram: {"0": 490, "1": 510}
