[93mWARNING [0m:   DEPRECATED FEATURE: flwr.client.start_numpy_client() is deprecated. 
	Instead, use `flwr.client.start_client()` by ensuring you first call the `.to_client()` method as shown below: 
	flwr.client.start_client(
		server_address='<IP>:<PORT>',
		client=FlowerClient().to_client(), # <-- where FlowerClient is of type flwr.client.NumPyClient object
	)
	Using `start_numpy_client()` is deprecated.

            This is a deprecated feature. It will be removed
            entirely in future versions of Flower.
        
[93mWARNING [0m:   DEPRECATED FEATURE: flwr.client.start_client() is deprecated.
	Instead, use the `flower-supernode` CLI command to start a SuperNode as shown below:

		$ flower-supernode --insecure --superlink='<IP>:<PORT>'

	To view all available options, run:

		$ flower-supernode --help

	Using `start_client()` is deprecated.

            This is a deprecated feature. It will be removed
            entirely in future versions of Flower.
        
[92mINFO [0m:      
[92mINFO [0m:      Received: evaluate message 2178f65f-79b0-4d7d-900e-c28feee272e3
[92mINFO [0m:      Sent reply
[92mINFO [0m:      
[92mINFO [0m:      Received: train message 0c02e504-86e7-4c88-ad54-376a8d0f5d89
[92mINFO [0m:      Sent reply
[92mINFO [0m:      
[92mINFO [0m:      Received: evaluate message d8778687-f3bd-4f8c-bc44-3f198ead8928
[92mINFO [0m:      Sent reply
[92mINFO [0m:      
[92mINFO [0m:      Received: train message 2bd169e4-cec2-4c3e-9958-02aa72af143d
[92mINFO [0m:      Sent reply
[92mINFO [0m:      
[92mINFO [0m:      Received: evaluate message 2b457252-8e90-487c-a93f-ad96a59c6991
[92mINFO [0m:      Sent reply
[92mINFO [0m:      
[92mINFO [0m:      Received: train message ff1c11b1-ec0c-45de-a0c4-a0fe19d34825
[92mINFO [0m:      Sent reply
[92mINFO [0m:      
[92mINFO [0m:      Received: evaluate message 262a34bc-2bdf-4cfe-91ce-9d0d1a26741c
[92mINFO [0m:      Sent reply
[92mINFO [0m:      
[92mINFO [0m:      Received: train message 60e89165-320c-4f13-a7bb-49d7924a191d
[92mINFO [0m:      Sent reply
[92mINFO [0m:      
[92mINFO [0m:      Received: evaluate message 810d38da-46cf-4674-b96b-a46c803d3ed6
[92mINFO [0m:      Sent reply
[92mINFO [0m:      
[92mINFO [0m:      Received: train message a088fbea-5534-4c0e-ab0f-a10e6b951570
[92mINFO [0m:      Sent reply
[92mINFO [0m:      
[92mINFO [0m:      Received: evaluate message 36252a23-8c90-482e-8bc9-72e24228718f
[92mINFO [0m:      Sent reply
[92mINFO [0m:      
[92mINFO [0m:      Received: train message aaf39cd6-57ab-4d8a-8441-4376072c54bc
[92mINFO [0m:      Sent reply
[92mINFO [0m:      
[92mINFO [0m:      Received: evaluate message 1b0fdf12-1809-4018-9eb0-9d131a7ed312
[92mINFO [0m:      Sent reply
[92mINFO [0m:      
[92mINFO [0m:      Received: train message 47f8fc8a-e96f-4615-86a3-72818e311fe9
[92mINFO [0m:      Sent reply
[92mINFO [0m:      
[92mINFO [0m:      Received: evaluate message ccdea25e-17bf-4357-88a1-8d3955e18445
[92mINFO [0m:      Sent reply
[92mINFO [0m:      
[92mINFO [0m:      Received: train message ba31dea8-efba-4fca-815d-ff8b9057a589
[92mINFO [0m:      Sent reply
[92mINFO [0m:      
[92mINFO [0m:      Received: evaluate message 599abe67-3685-49ee-92a6-c0e76b77e969
[92mINFO [0m:      Sent reply
[92mINFO [0m:      
[92mINFO [0m:      Received: train message 89834066-c03d-4d69-ae53-16460e9d69f2
[92mINFO [0m:      Sent reply
[92mINFO [0m:      
[92mINFO [0m:      Received: evaluate message d82ec8d5-ff16-4061-827f-1e335e22de80
[92mINFO [0m:      Sent reply
[92mINFO [0m:      
[92mINFO [0m:      Received: train message 2733d163-b852-4540-96a4-ea54c93027c7
[92mINFO [0m:      Sent reply
[92mINFO [0m:      
[92mINFO [0m:      Received: evaluate message a536ea5b-efae-40f3-9c32-5ba30522b4ab
[92mINFO [0m:      Sent reply
[92mINFO [0m:      
[92mINFO [0m:      Received: train message f86c16d3-e559-4f6d-9c56-469f00299edc
[92mINFO [0m:      Sent reply
[92mINFO [0m:      
[92mINFO [0m:      Received: evaluate message 5de8e9ec-9df3-4a17-941f-7697c9763cd7
[92mINFO [0m:      Sent reply
[92mINFO [0m:      
[92mINFO [0m:      Received: train message ad1bfb37-6d90-475d-8a7c-3e84a05d3a08
[92mINFO [0m:      Sent reply
[92mINFO [0m:      
[92mINFO [0m:      Received: evaluate message bf21ee97-5196-44cd-b817-57fbb7c93814
[92mINFO [0m:      Sent reply
[92mINFO [0m:      
[92mINFO [0m:      Received: train message 8dd46bec-d8a2-43ee-9d5b-e39d3d5272a2
[92mINFO [0m:      Sent reply
[92mINFO [0m:      
[92mINFO [0m:      Received: evaluate message 69ea1762-8a22-46d8-b98d-d5bfddf8bf9c
[92mINFO [0m:      Sent reply
[92mINFO [0m:      
[92mINFO [0m:      Received: train message f83899cc-e637-4806-9494-dac4747e1b05
[92mINFO [0m:      Sent reply
[92mINFO [0m:      
[92mINFO [0m:      Received: evaluate message ca3ed40a-7125-44c0-ba3a-71a61777fa10
[92mINFO [0m:      Sent reply
[92mINFO [0m:      
[92mINFO [0m:      Received: train message 9867f557-9ca4-443c-b912-a865e45bc479
[92mINFO [0m:      Sent reply
[92mINFO [0m:      
[92mINFO [0m:      Received: evaluate message fc89661f-a77c-4965-8861-bbd6ad7a7f45
[92mINFO [0m:      Sent reply
[92mINFO [0m:      
[92mINFO [0m:      Received: train message 810a5718-9937-4e6e-88f1-68ca4d56d2b9
[92mINFO [0m:      Sent reply
[92mINFO [0m:      
[92mINFO [0m:      Received: evaluate message 9d750a3b-8efb-4a50-9ae9-82897c513b45
[92mINFO [0m:      Sent reply
[92mINFO [0m:      
[92mINFO [0m:      Received: train message f4c78fe0-12b6-4941-8126-151bc39adeca
[92mINFO [0m:      Sent reply
[92mINFO [0m:      
[92mINFO [0m:      Received: evaluate message 10cdfbfc-47b7-4629-ab65-b087e975cccf
[92mINFO [0m:      Sent reply
[92mINFO [0m:      
[92mINFO [0m:      Received: train message ec86efbd-8615-4cef-9a3d-54bed56b5371
[92mINFO [0m:      Sent reply
[92mINFO [0m:      
[92mINFO [0m:      Received: evaluate message dff88fde-ed3c-45b9-8498-0a22e6275da3
[92mINFO [0m:      Sent reply
[92mINFO [0m:      
[92mINFO [0m:      Received: train message 4b2fb767-df9f-416d-96fc-10c8174c4746
[92mINFO [0m:      Sent reply
[92mINFO [0m:      
[92mINFO [0m:      Received: evaluate message befc90dc-23b6-45a0-8568-014ff8cd3bf2
[92mINFO [0m:      Sent reply
[92mINFO [0m:      
[92mINFO [0m:      Received: reconnect message de3a6a25-d180-49ac-8c69-6544bec8d714
[92mINFO [0m:      Disconnect and shut down
[Client 6] Logging metrics to: runs/manual_fedprox_alpha0.1_mu0.1/client_6_metrics.csv
[Data] Train samples=800, class_counts={0: 400, 1: 400}; Test samples=200, class_counts={0: 100, 1: 100}
[Client 6] Model validation passed: out_features=2, num_classes_global=2
[Client 6] Label histogram: {"0": 490, "1": 510}
