[93mWARNING [0m:   DEPRECATED FEATURE: flwr.client.start_numpy_client() is deprecated. 
	Instead, use `flwr.client.start_client()` by ensuring you first call the `.to_client()` method as shown below: 
	flwr.client.start_client(
		server_address='<IP>:<PORT>',
		client=FlowerClient().to_client(), # <-- where FlowerClient is of type flwr.client.NumPyClient object
	)
	Using `start_numpy_client()` is deprecated.

            This is a deprecated feature. It will be removed
            entirely in future versions of Flower.
        
[93mWARNING [0m:   DEPRECATED FEATURE: flwr.client.start_client() is deprecated.
	Instead, use the `flower-supernode` CLI command to start a SuperNode as shown below:

		$ flower-supernode --insecure --superlink='<IP>:<PORT>'

	To view all available options, run:

		$ flower-supernode --help

	Using `start_client()` is deprecated.

            This is a deprecated feature. It will be removed
            entirely in future versions of Flower.
        
[92mINFO [0m:      
[92mINFO [0m:      Received: train message dadcf301-7fa9-4a0d-a1c1-d0c6000247da
[92mINFO [0m:      Sent reply
[92mINFO [0m:      
[92mINFO [0m:      Received: evaluate message 63d1c358-6e7a-4b66-bd96-2ef390210e4e
[92mINFO [0m:      Sent reply
[92mINFO [0m:      
[92mINFO [0m:      Received: train message 1b6e81fa-9594-4352-95ad-331ebdaaaafe
[92mINFO [0m:      Sent reply
[92mINFO [0m:      
[92mINFO [0m:      Received: evaluate message 8f2be725-99fd-4173-9c2b-03afa65842c0
[92mINFO [0m:      Sent reply
[92mINFO [0m:      
[92mINFO [0m:      Received: train message ab6003f4-d168-43e5-9ce8-92641848512a
[92mINFO [0m:      Sent reply
[92mINFO [0m:      
[92mINFO [0m:      Received: evaluate message 34c5d2c6-1d85-4bb4-87ef-d5e5df563065
[92mINFO [0m:      Sent reply
[92mINFO [0m:      
[92mINFO [0m:      Received: train message e07a9079-4144-4848-9f85-af0bdee6118a
[92mINFO [0m:      Sent reply
[92mINFO [0m:      
[92mINFO [0m:      Received: evaluate message 8670a644-ea87-4fd3-b3ec-13f7a3dd1067
[92mINFO [0m:      Sent reply
[92mINFO [0m:      
[92mINFO [0m:      Received: train message 679f8b36-d98e-4b80-837b-fccc0e9cdf86
[92mINFO [0m:      Sent reply
[92mINFO [0m:      
[92mINFO [0m:      Received: evaluate message e54c2bcd-492b-44e4-b667-37277b38e6a3
[92mINFO [0m:      Sent reply
[92mINFO [0m:      
[92mINFO [0m:      Received: train message dc3fdfcd-82bd-4a9b-946e-7096565ee1e3
[92mINFO [0m:      Sent reply
[92mINFO [0m:      
[92mINFO [0m:      Received: evaluate message 6d840fd4-179b-4712-95bf-3f2ff9332ddf
[92mINFO [0m:      Sent reply
[92mINFO [0m:      
[92mINFO [0m:      Received: train message 1a0da035-66a8-439f-bbed-d9830d683a76
[92mINFO [0m:      Sent reply
[92mINFO [0m:      
[92mINFO [0m:      Received: evaluate message 966c2ea7-3e51-4ece-98e6-85f471e2f22f
[92mINFO [0m:      Sent reply
[92mINFO [0m:      
[92mINFO [0m:      Received: train message 59e33abf-35eb-47f8-b57b-76648af4fee7
[92mINFO [0m:      Sent reply
[92mINFO [0m:      
[92mINFO [0m:      Received: evaluate message 4b5b6442-a664-48db-9bf5-31bc5efbd937
[92mINFO [0m:      Sent reply
[92mINFO [0m:      
[92mINFO [0m:      Received: train message 84f031ac-2223-4e6e-9bc8-e737745cc2d8
[92mINFO [0m:      Sent reply
[92mINFO [0m:      
[92mINFO [0m:      Received: evaluate message b5eeb497-ea74-44c5-8393-11e0cef2f9d1
[92mINFO [0m:      Sent reply
[92mINFO [0m:      
[92mINFO [0m:      Received: train message b05f5795-7f8c-44cd-bc55-974c83ca63fc
[92mINFO [0m:      Sent reply
[92mINFO [0m:      
[92mINFO [0m:      Received: evaluate message d810a34c-984f-4751-a0b4-d04ddcd6ead0
[92mINFO [0m:      Sent reply
[92mINFO [0m:      
[92mINFO [0m:      Received: train message 7da5c008-620c-44e0-b94a-2f1229f04ec8
[92mINFO [0m:      Sent reply
[92mINFO [0m:      
[92mINFO [0m:      Received: evaluate message b0bee7a8-1d61-47ae-9b3d-a3fb73804759
[92mINFO [0m:      Sent reply
[92mINFO [0m:      
[92mINFO [0m:      Received: train message a4fccea3-567d-4402-b46d-18d7bd58e544
[92mINFO [0m:      Sent reply
[92mINFO [0m:      
[92mINFO [0m:      Received: evaluate message 955f92ff-6a42-400f-999f-33f8a1dbac29
[92mINFO [0m:      Sent reply
[92mINFO [0m:      
[92mINFO [0m:      Received: train message 7f7a733b-fd0d-4cf0-988f-0a53fcf930c4
[92mINFO [0m:      Sent reply
[92mINFO [0m:      
[92mINFO [0m:      Received: evaluate message 12fdc13b-6b7e-450e-b2b8-1c7a5dcafc7c
[92mINFO [0m:      Sent reply
[92mINFO [0m:      
[92mINFO [0m:      Received: train message 230da961-bd19-43ac-b89c-d234f3c5fd7a
[92mINFO [0m:      Sent reply
[92mINFO [0m:      
[92mINFO [0m:      Received: evaluate message 6bf3ab0d-9b3d-420c-a6ce-eb748f29a718
[92mINFO [0m:      Sent reply
[92mINFO [0m:      
[92mINFO [0m:      Received: train message 249b7129-53aa-45af-86d3-be6bf475acac
[92mINFO [0m:      Sent reply
[92mINFO [0m:      
[92mINFO [0m:      Received: evaluate message 6325f1b8-9cc2-4adc-92ae-39b05e80e90e
[92mINFO [0m:      Sent reply
[92mINFO [0m:      
[92mINFO [0m:      Received: train message 7b9f795b-f7de-449d-b1b2-cb4732341125
[92mINFO [0m:      Sent reply
[92mINFO [0m:      
[92mINFO [0m:      Received: evaluate message 4b17ef49-f4c7-46fe-9022-ca309520df69
[92mINFO [0m:      Sent reply
[92mINFO [0m:      
[92mINFO [0m:      Received: train message e075940d-66f5-4b74-8a31-a40c196174a4
[92mINFO [0m:      Sent reply
[92mINFO [0m:      
[92mINFO [0m:      Received: evaluate message fd2cd68a-7421-4b39-8a0a-a1332aba3546
[92mINFO [0m:      Sent reply
[92mINFO [0m:      
[92mINFO [0m:      Received: train message 43edd703-9291-4f29-a75f-0ac6ccd01a76
[92mINFO [0m:      Sent reply
[92mINFO [0m:      
[92mINFO [0m:      Received: evaluate message d5306636-56bd-4a38-a9b9-7cb01e7a4a56
[92mINFO [0m:      Sent reply
[92mINFO [0m:      
[92mINFO [0m:      Received: train message e1b0dbf9-5711-4084-bfaf-b2ec2db0e0c6
[92mINFO [0m:      Sent reply
[92mINFO [0m:      
[92mINFO [0m:      Received: evaluate message ebdb1874-6d0b-4ca2-aefe-10943f166085
[92mINFO [0m:      Sent reply
[92mINFO [0m:      
[92mINFO [0m:      Received: train message 6ea60816-b45e-4630-a6b1-6ce2b276c983
[92mINFO [0m:      Sent reply
[92mINFO [0m:      
[92mINFO [0m:      Received: evaluate message 1738488f-3d2e-4999-993a-5abba13419b9
[92mINFO [0m:      Sent reply
[92mINFO [0m:      
[92mINFO [0m:      Received: reconnect message c41a2381-f0f8-47a7-abd9-00877171b4a3
[92mINFO [0m:      Disconnect and shut down
[Client 2] Logging metrics to: runs/manual_fedprox_alpha0.1_mu0.1/client_2_metrics.csv
[Data] Train samples=800, class_counts={0: 400, 1: 400}; Test samples=200, class_counts={0: 100, 1: 100}
[Client 2] Model validation passed: out_features=2, num_classes_global=2
[Client 2] Label histogram: {"0": 490, "1": 510}
