[93mWARNING [0m:   DEPRECATED FEATURE: flwr.client.start_numpy_client() is deprecated. 
	Instead, use `flwr.client.start_client()` by ensuring you first call the `.to_client()` method as shown below: 
	flwr.client.start_client(
		server_address='<IP>:<PORT>',
		client=FlowerClient().to_client(), # <-- where FlowerClient is of type flwr.client.NumPyClient object
	)
	Using `start_numpy_client()` is deprecated.

            This is a deprecated feature. It will be removed
            entirely in future versions of Flower.
        
[93mWARNING [0m:   DEPRECATED FEATURE: flwr.client.start_client() is deprecated.
	Instead, use the `flower-supernode` CLI command to start a SuperNode as shown below:

		$ flower-supernode --insecure --superlink='<IP>:<PORT>'

	To view all available options, run:

		$ flower-supernode --help

	Using `start_client()` is deprecated.

            This is a deprecated feature. It will be removed
            entirely in future versions of Flower.
        
[92mINFO [0m:      
[92mINFO [0m:      Received: evaluate message 2c737242-9a65-4c3b-a953-74115376e232
[92mINFO [0m:      Sent reply
[92mINFO [0m:      
[92mINFO [0m:      Received: train message b69d0457-d39e-4584-b1bc-f902dcde2ef8
[92mINFO [0m:      Sent reply
[92mINFO [0m:      
[92mINFO [0m:      Received: evaluate message c9e68301-f63c-4f5e-9754-f246e11dbd5c
[92mINFO [0m:      Sent reply
[92mINFO [0m:      
[92mINFO [0m:      Received: train message de2df927-0bdf-4cbf-86dd-1d8e36382b2f
[92mINFO [0m:      Sent reply
[92mINFO [0m:      
[92mINFO [0m:      Received: evaluate message 7f529e35-d90e-48cd-ad8f-8b26e90d933f
[92mINFO [0m:      Sent reply
[92mINFO [0m:      
[92mINFO [0m:      Received: train message 500844f7-b831-4d7b-8d79-da761cd98f03
[92mINFO [0m:      Sent reply
[92mINFO [0m:      
[92mINFO [0m:      Received: evaluate message b363f467-69d4-4e53-a8de-3bd110d3dfb4
[92mINFO [0m:      Sent reply
[92mINFO [0m:      
[92mINFO [0m:      Received: train message ee39c2fb-e58b-420b-a758-dead330ebec6
[92mINFO [0m:      Sent reply
[92mINFO [0m:      
[92mINFO [0m:      Received: evaluate message bc337da5-1981-4463-b658-cd8781664788
[92mINFO [0m:      Sent reply
[92mINFO [0m:      
[92mINFO [0m:      Received: train message 99f41595-bc3f-4cd7-a71a-2eb1d0c7ff7d
[92mINFO [0m:      Sent reply
[92mINFO [0m:      
[92mINFO [0m:      Received: evaluate message d83ec67d-51e3-40f7-9d86-9fcb36e01a93
[92mINFO [0m:      Sent reply
[92mINFO [0m:      
[92mINFO [0m:      Received: train message 633a9c3a-4e1f-488d-9c70-b0d55d5c1327
[92mINFO [0m:      Sent reply
[92mINFO [0m:      
[92mINFO [0m:      Received: evaluate message a2e02bb8-e397-4955-9878-431f3ae10814
[92mINFO [0m:      Sent reply
[92mINFO [0m:      
[92mINFO [0m:      Received: train message 4039f46d-dd9f-4fb2-b75b-616f80728e96
[92mINFO [0m:      Sent reply
[92mINFO [0m:      
[92mINFO [0m:      Received: evaluate message 3e6df30d-682a-488e-8dd4-60dfd27843f6
[92mINFO [0m:      Sent reply
[92mINFO [0m:      
[92mINFO [0m:      Received: train message fa2c0614-78b9-492a-bde2-b0651112d4f1
[92mINFO [0m:      Sent reply
[92mINFO [0m:      
[92mINFO [0m:      Received: evaluate message b9efcb5a-d350-4a3e-b632-9050dbdf7d74
[92mINFO [0m:      Sent reply
[92mINFO [0m:      
[92mINFO [0m:      Received: train message de3f3e00-2ecf-4f5c-bd03-4ec9c786e964
[92mINFO [0m:      Sent reply
[92mINFO [0m:      
[92mINFO [0m:      Received: evaluate message 9e75a7eb-bdfa-48d8-b642-5f5f527eceeb
[92mINFO [0m:      Sent reply
[92mINFO [0m:      
[92mINFO [0m:      Received: train message a65d4af7-d615-46f4-ad9a-55a12b944a50
[92mINFO [0m:      Sent reply
[92mINFO [0m:      
[92mINFO [0m:      Received: evaluate message 2e1cafd2-9f44-4a19-923f-b6f205975c36
[92mINFO [0m:      Sent reply
[92mINFO [0m:      
[92mINFO [0m:      Received: train message 53325855-3858-47e4-8af2-7d385f39ff68
[92mINFO [0m:      Sent reply
[92mINFO [0m:      
[92mINFO [0m:      Received: evaluate message e0c09fe4-d083-4eb5-af5f-315155656b37
[92mINFO [0m:      Sent reply
[92mINFO [0m:      
[92mINFO [0m:      Received: train message 9c8e6028-186d-411a-a851-fef5abfc9802
[92mINFO [0m:      Sent reply
[92mINFO [0m:      
[92mINFO [0m:      Received: evaluate message 01d42e2e-a4da-4288-972e-1859e3b22aa8
[92mINFO [0m:      Sent reply
[92mINFO [0m:      
[92mINFO [0m:      Received: train message f794a7f3-b914-44c3-9307-e072aa38f2fb
[92mINFO [0m:      Sent reply
[92mINFO [0m:      
[92mINFO [0m:      Received: evaluate message ed0014b0-b706-4abb-9551-b0881fadc27b
[92mINFO [0m:      Sent reply
[92mINFO [0m:      
[92mINFO [0m:      Received: train message f6bc5a7a-197f-4900-9a6e-fc549fba99cc
[92mINFO [0m:      Sent reply
[92mINFO [0m:      
[92mINFO [0m:      Received: evaluate message 727fad21-2582-48dd-ab41-b0bc0bf89379
[92mINFO [0m:      Sent reply
[92mINFO [0m:      
[92mINFO [0m:      Received: train message 22455eec-a26d-4c1c-b2c8-19ef58bb2a42
[92mINFO [0m:      Sent reply
[92mINFO [0m:      
[92mINFO [0m:      Received: evaluate message e771d0ab-ece6-4c3c-8490-f1d8661085ed
[92mINFO [0m:      Sent reply
[92mINFO [0m:      
[92mINFO [0m:      Received: train message cb7c1441-f7a2-4b0a-902b-f4d2f1f20924
[92mINFO [0m:      Sent reply
[92mINFO [0m:      
[92mINFO [0m:      Received: evaluate message 5fcad833-f787-4b90-a1c5-7b89db98da78
[92mINFO [0m:      Sent reply
[92mINFO [0m:      
[92mINFO [0m:      Received: train message 74dd5afa-f5f7-40df-a1be-9d8c5b652fe2
[92mINFO [0m:      Sent reply
[92mINFO [0m:      
[92mINFO [0m:      Received: evaluate message 66fcc53a-d8de-46ba-b995-3e8b19e03d98
[92mINFO [0m:      Sent reply
[92mINFO [0m:      
[92mINFO [0m:      Received: train message 0bb4b3c2-29ed-464d-b16c-235bac150d25
[92mINFO [0m:      Sent reply
[92mINFO [0m:      
[92mINFO [0m:      Received: evaluate message 81c18e31-22f5-4d81-b7fd-7a4b59a7708a
[92mINFO [0m:      Sent reply
[92mINFO [0m:      
[92mINFO [0m:      Received: train message 1cffb6c8-e5e1-4282-ba15-aedc86d68a09
[92mINFO [0m:      Sent reply
[92mINFO [0m:      
[92mINFO [0m:      Received: evaluate message 5373dc6b-435c-4c1c-8503-30557f655cf8
[92mINFO [0m:      Sent reply
[92mINFO [0m:      
[92mINFO [0m:      Received: reconnect message f6b71f0f-7b0c-4d73-a9ab-f8c38df4bb8c
[92mINFO [0m:      Disconnect and shut down
[Client 4] Logging metrics to: runs/manual_fedprox_alpha0.1_mu0.1/client_4_metrics.csv
[Data] Train samples=800, class_counts={0: 400, 1: 400}; Test samples=200, class_counts={0: 100, 1: 100}
[Client 4] Model validation passed: out_features=2, num_classes_global=2
[Client 4] Label histogram: {"0": 490, "1": 510}
