[93mWARNING [0m:   DEPRECATED FEATURE: flwr.client.start_numpy_client() is deprecated. 
	Instead, use `flwr.client.start_client()` by ensuring you first call the `.to_client()` method as shown below: 
	flwr.client.start_client(
		server_address='<IP>:<PORT>',
		client=FlowerClient().to_client(), # <-- where FlowerClient is of type flwr.client.NumPyClient object
	)
	Using `start_numpy_client()` is deprecated.

            This is a deprecated feature. It will be removed
            entirely in future versions of Flower.
        
[93mWARNING [0m:   DEPRECATED FEATURE: flwr.client.start_client() is deprecated.
	Instead, use the `flower-supernode` CLI command to start a SuperNode as shown below:

		$ flower-supernode --insecure --superlink='<IP>:<PORT>'

	To view all available options, run:

		$ flower-supernode --help

	Using `start_client()` is deprecated.

            This is a deprecated feature. It will be removed
            entirely in future versions of Flower.
        
[92mINFO [0m:      
[92mINFO [0m:      Received: evaluate message cd4a81b3-9a7f-48ad-b490-9e50ff261f75
[92mINFO [0m:      Sent reply
[92mINFO [0m:      
[92mINFO [0m:      Received: train message 4c78164c-7e39-4cb2-8007-2925c1da7ca5
[92mINFO [0m:      Sent reply
[92mINFO [0m:      
[92mINFO [0m:      Received: evaluate message 1f615a49-b6e6-45f7-a16e-4a1210b57d4e
[92mINFO [0m:      Sent reply
[92mINFO [0m:      
[92mINFO [0m:      Received: train message 4b8a71a4-0a1c-430e-b4b7-010c76e6775f
[92mINFO [0m:      Sent reply
[92mINFO [0m:      
[92mINFO [0m:      Received: evaluate message 53fc6053-3c1a-4fa9-8100-e5c8eedc6356
[92mINFO [0m:      Sent reply
[92mINFO [0m:      
[92mINFO [0m:      Received: train message a3864953-e551-4dff-bf20-15c5b508128e
[92mINFO [0m:      Sent reply
[92mINFO [0m:      
[92mINFO [0m:      Received: evaluate message 3d61c1b9-641c-4a0f-ba99-0b8815f2e3ed
[92mINFO [0m:      Sent reply
[92mINFO [0m:      
[92mINFO [0m:      Received: train message e635c908-d852-4852-b24c-9b8bdf75945d
[92mINFO [0m:      Sent reply
[92mINFO [0m:      
[92mINFO [0m:      Received: evaluate message 08c0f0da-e3e3-4fbd-9c28-56d9bcd74463
[92mINFO [0m:      Sent reply
[92mINFO [0m:      
[92mINFO [0m:      Received: train message e7e9d173-bcdd-4030-9d3e-1eaa5818a4d0
[92mINFO [0m:      Sent reply
[92mINFO [0m:      
[92mINFO [0m:      Received: evaluate message 8a64bb03-5e0f-430d-8a00-4c5f4ad8924c
[92mINFO [0m:      Sent reply
[92mINFO [0m:      
[92mINFO [0m:      Received: train message dfd032d5-5630-4358-9ac6-98d94cc9a72e
[92mINFO [0m:      Sent reply
[92mINFO [0m:      
[92mINFO [0m:      Received: evaluate message 3b44038d-d0e5-4c86-9c4a-e0eabf84575a
[92mINFO [0m:      Sent reply
[92mINFO [0m:      
[92mINFO [0m:      Received: train message 05d7e2c6-0a68-4137-afbc-f2acf98e2ca4
[92mINFO [0m:      Sent reply
[92mINFO [0m:      
[92mINFO [0m:      Received: evaluate message 98281b6b-c1bc-4a90-8069-6ee2eabfc0be
[92mINFO [0m:      Sent reply
[92mINFO [0m:      
[92mINFO [0m:      Received: train message 8687c131-425a-4395-80d3-96b6f2838c46
[92mINFO [0m:      Sent reply
[92mINFO [0m:      
[92mINFO [0m:      Received: evaluate message 9d72d2d0-73dc-4455-81d7-2c8999885326
[92mINFO [0m:      Sent reply
[92mINFO [0m:      
[92mINFO [0m:      Received: train message 593886d9-55dc-4f6f-bd49-bb0bacca41b7
[92mINFO [0m:      Sent reply
[92mINFO [0m:      
[92mINFO [0m:      Received: evaluate message c3311193-ee37-4e76-94b7-9f674cb657f0
[92mINFO [0m:      Sent reply
[92mINFO [0m:      
[92mINFO [0m:      Received: train message c31941d5-4746-4c53-90a9-fbaa87699876
[92mINFO [0m:      Sent reply
[92mINFO [0m:      
[92mINFO [0m:      Received: evaluate message 1ab9dedb-2742-43b4-8168-42d0930858b9
[92mINFO [0m:      Sent reply
[92mINFO [0m:      
[92mINFO [0m:      Received: train message 04154797-af34-41d2-874e-d1b114f983ab
[92mINFO [0m:      Sent reply
[92mINFO [0m:      
[92mINFO [0m:      Received: evaluate message 90a5ea00-4fee-4aa8-9114-00821cf80ec9
[92mINFO [0m:      Sent reply
[92mINFO [0m:      
[92mINFO [0m:      Received: train message 2170424a-0d43-41d3-a049-9ca3dc2435f9
[92mINFO [0m:      Sent reply
[92mINFO [0m:      
[92mINFO [0m:      Received: evaluate message 3664b15c-5a57-4224-bbfd-5625a64ece03
[92mINFO [0m:      Sent reply
[92mINFO [0m:      
[92mINFO [0m:      Received: train message ce57bd96-073f-4f9f-a837-60f2f5fea53a
[92mINFO [0m:      Sent reply
[92mINFO [0m:      
[92mINFO [0m:      Received: evaluate message 011bbcfe-2ad8-4915-ad57-bc162097adaa
[92mINFO [0m:      Sent reply
[92mINFO [0m:      
[92mINFO [0m:      Received: train message afef324d-09c5-4b40-a061-fe264a7205e9
[92mINFO [0m:      Sent reply
[92mINFO [0m:      
[92mINFO [0m:      Received: evaluate message ea720daf-5036-4304-9ee7-c4b07d707ba9
[92mINFO [0m:      Sent reply
[92mINFO [0m:      
[92mINFO [0m:      Received: train message 042424ff-3900-4cbb-86f2-ad131dd14018
[92mINFO [0m:      Sent reply
[92mINFO [0m:      
[92mINFO [0m:      Received: evaluate message 7a66d62e-14b2-428b-aa45-a363db9b4315
[92mINFO [0m:      Sent reply
[92mINFO [0m:      
[92mINFO [0m:      Received: train message 9a0cc631-834c-428d-ad96-cfd32f91aaec
[92mINFO [0m:      Sent reply
[92mINFO [0m:      
[92mINFO [0m:      Received: evaluate message 61efbdcf-8ab6-48ce-a238-e66fcce68de9
[92mINFO [0m:      Sent reply
[92mINFO [0m:      
[92mINFO [0m:      Received: train message 0f567364-206c-430b-83f4-5030779a75a2
[92mINFO [0m:      Sent reply
[92mINFO [0m:      
[92mINFO [0m:      Received: evaluate message 44cb45c1-f25b-4cca-8e68-b44b21f01275
[92mINFO [0m:      Sent reply
[92mINFO [0m:      
[92mINFO [0m:      Received: train message 95127a8b-24c2-43c6-9197-a34e4ebc2f2e
[92mINFO [0m:      Sent reply
[92mINFO [0m:      
[92mINFO [0m:      Received: evaluate message b7584110-96b7-489f-88f2-ee623bf5418b
[92mINFO [0m:      Sent reply
[92mINFO [0m:      
[92mINFO [0m:      Received: train message f354356b-b57d-490e-81c8-88fe9ca6baee
[92mINFO [0m:      Sent reply
[92mINFO [0m:      
[92mINFO [0m:      Received: evaluate message 37245515-6772-47b8-aded-567d31ff0489
[92mINFO [0m:      Sent reply
[92mINFO [0m:      
[92mINFO [0m:      Received: reconnect message ac301748-e031-4be0-b69a-aaa5a290b11e
[92mINFO [0m:      Disconnect and shut down
[Client 5] Logging metrics to: runs/manual_fedprox_alpha0.1_mu0.0/client_5_metrics.csv
[Data] Train samples=800, class_counts={0: 400, 1: 400}; Test samples=200, class_counts={0: 100, 1: 100}
[Client 5] Model validation passed: out_features=2, num_classes_global=2
[Client 5] Label histogram: {"0": 490, "1": 510}
