[93mWARNING [0m:   DEPRECATED FEATURE: flwr.client.start_numpy_client() is deprecated. 
	Instead, use `flwr.client.start_client()` by ensuring you first call the `.to_client()` method as shown below: 
	flwr.client.start_client(
		server_address='<IP>:<PORT>',
		client=FlowerClient().to_client(), # <-- where FlowerClient is of type flwr.client.NumPyClient object
	)
	Using `start_numpy_client()` is deprecated.

            This is a deprecated feature. It will be removed
            entirely in future versions of Flower.
        
[93mWARNING [0m:   DEPRECATED FEATURE: flwr.client.start_client() is deprecated.
	Instead, use the `flower-supernode` CLI command to start a SuperNode as shown below:

		$ flower-supernode --insecure --superlink='<IP>:<PORT>'

	To view all available options, run:

		$ flower-supernode --help

	Using `start_client()` is deprecated.

            This is a deprecated feature. It will be removed
            entirely in future versions of Flower.
        
[92mINFO [0m:      
[92mINFO [0m:      Received: evaluate message fb770105-37b6-4ce9-a43e-aba634f3591c
[92mINFO [0m:      Sent reply
[92mINFO [0m:      
[92mINFO [0m:      Received: train message e0a670c5-7f8d-4eb3-b6ca-f1917ba5a50b
[92mINFO [0m:      Sent reply
[92mINFO [0m:      
[92mINFO [0m:      Received: evaluate message 27ca11b1-1264-44d7-b276-bc8f8aa862d6
[92mINFO [0m:      Sent reply
[92mINFO [0m:      
[92mINFO [0m:      Received: train message 6c3924e1-476c-465e-9570-f95116e56744
[92mINFO [0m:      Sent reply
[92mINFO [0m:      
[92mINFO [0m:      Received: evaluate message 181789b6-86c5-4c90-955d-c032f1c59695
[92mINFO [0m:      Sent reply
[92mINFO [0m:      
[92mINFO [0m:      Received: train message 026b4714-1dd5-40cd-be6c-612fec6c50f4
[92mINFO [0m:      Sent reply
[92mINFO [0m:      
[92mINFO [0m:      Received: evaluate message 2b88b268-19b0-4ac9-bc5a-0cd37e7b4635
[92mINFO [0m:      Sent reply
[92mINFO [0m:      
[92mINFO [0m:      Received: train message 5d762631-1a3c-4289-b16e-c4988d45bf6b
[92mINFO [0m:      Sent reply
[92mINFO [0m:      
[92mINFO [0m:      Received: evaluate message d63dc8c9-2d63-498e-85a3-85f6648f8fdd
[92mINFO [0m:      Sent reply
[92mINFO [0m:      
[92mINFO [0m:      Received: train message cf44ae91-f918-465f-8b8d-30002e4e04e1
[92mINFO [0m:      Sent reply
[92mINFO [0m:      
[92mINFO [0m:      Received: evaluate message a9125f45-0aff-4216-a5ce-8b4d6a120578
[92mINFO [0m:      Sent reply
[92mINFO [0m:      
[92mINFO [0m:      Received: train message 40f45eb3-4414-4bcb-80b5-0d444ebb31f8
[92mINFO [0m:      Sent reply
[92mINFO [0m:      
[92mINFO [0m:      Received: evaluate message e3b8a916-3f28-4dca-b040-bea88f5f4cd7
[92mINFO [0m:      Sent reply
[92mINFO [0m:      
[92mINFO [0m:      Received: train message 73002a20-0403-43f9-892f-ff89de338477
[92mINFO [0m:      Sent reply
[92mINFO [0m:      
[92mINFO [0m:      Received: evaluate message 1a1434c2-e45b-4c93-b4e7-c5b98f351b32
[92mINFO [0m:      Sent reply
[92mINFO [0m:      
[92mINFO [0m:      Received: train message 0b622dfb-6ef2-4c88-bc86-73a2e30171b7
[92mINFO [0m:      Sent reply
[92mINFO [0m:      
[92mINFO [0m:      Received: evaluate message e16496b0-fa80-4b90-91f2-ff7ae8a63c9e
[92mINFO [0m:      Sent reply
[92mINFO [0m:      
[92mINFO [0m:      Received: train message c87cc4df-092d-4dcc-b349-85d2ae494847
[92mINFO [0m:      Sent reply
[92mINFO [0m:      
[92mINFO [0m:      Received: evaluate message a2df0f8c-667c-4d25-b966-bf4cc992a172
[92mINFO [0m:      Sent reply
[92mINFO [0m:      
[92mINFO [0m:      Received: train message ddea6eb8-4de5-4bee-8448-490337588825
[92mINFO [0m:      Sent reply
[92mINFO [0m:      
[92mINFO [0m:      Received: evaluate message ac900209-d262-4f56-bf6d-16d977266f25
[92mINFO [0m:      Sent reply
[92mINFO [0m:      
[92mINFO [0m:      Received: train message fc4a1208-57c5-47af-a059-f1819bee1535
[92mINFO [0m:      Sent reply
[92mINFO [0m:      
[92mINFO [0m:      Received: evaluate message 167bebf4-d37d-4805-9824-b45f07ebac42
[92mINFO [0m:      Sent reply
[92mINFO [0m:      
[92mINFO [0m:      Received: train message ff0ea0c5-78b2-4385-9c3b-a893acad20a7
[92mINFO [0m:      Sent reply
[92mINFO [0m:      
[92mINFO [0m:      Received: evaluate message a9a1b9bc-3e0f-41d3-a1cf-e7005afc427b
[92mINFO [0m:      Sent reply
[92mINFO [0m:      
[92mINFO [0m:      Received: train message 53bdd5cf-b4e8-48bd-9a3d-0bab40dcaa75
[92mINFO [0m:      Sent reply
[92mINFO [0m:      
[92mINFO [0m:      Received: evaluate message f52bec1e-5f5e-4c50-a063-8d719d2780ba
[92mINFO [0m:      Sent reply
[92mINFO [0m:      
[92mINFO [0m:      Received: train message 7657500c-3b66-42bf-a5ee-daae08eb4d54
[92mINFO [0m:      Sent reply
[92mINFO [0m:      
[92mINFO [0m:      Received: evaluate message f9a5529d-dd8c-4336-af87-e83dcb9d2243
[92mINFO [0m:      Sent reply
[92mINFO [0m:      
[92mINFO [0m:      Received: train message e403c765-f956-4559-bda4-978a14be49b8
[92mINFO [0m:      Sent reply
[92mINFO [0m:      
[92mINFO [0m:      Received: evaluate message 4043af54-b702-47de-9da9-4884c6d2fdd2
[92mINFO [0m:      Sent reply
[92mINFO [0m:      
[92mINFO [0m:      Received: train message f33e15b8-4666-49a8-a84f-72059bc0f310
[92mINFO [0m:      Sent reply
[92mINFO [0m:      
[92mINFO [0m:      Received: evaluate message 904ad0c6-9b7f-4ce7-af3f-38a2297735b0
[92mINFO [0m:      Sent reply
[92mINFO [0m:      
[92mINFO [0m:      Received: train message 2535c3fe-c96a-427d-9acd-59f86401df37
[92mINFO [0m:      Sent reply
[92mINFO [0m:      
[92mINFO [0m:      Received: evaluate message e56e632b-61ce-411d-bc7e-cc30f282ca16
[92mINFO [0m:      Sent reply
[92mINFO [0m:      
[92mINFO [0m:      Received: train message 4ff76c4f-8ee6-46b9-bcf4-a796c6e8042a
[92mINFO [0m:      Sent reply
[92mINFO [0m:      
[92mINFO [0m:      Received: evaluate message 95c14b1d-7679-4d8c-afaf-9b647ad24e23
[92mINFO [0m:      Sent reply
[92mINFO [0m:      
[92mINFO [0m:      Received: train message d92eddfe-9123-45b9-9e02-c557d18cfeea
[92mINFO [0m:      Sent reply
[92mINFO [0m:      
[92mINFO [0m:      Received: evaluate message 3a12e601-efd2-4512-85ca-d1020fe67afd
[92mINFO [0m:      Sent reply
[92mINFO [0m:      
[92mINFO [0m:      Received: reconnect message 685b107a-89ba-407c-97c5-87c2928231c7
[92mINFO [0m:      Disconnect and shut down
[Client 2] Logging metrics to: runs/manual_fedprox_alpha0.1_mu0.0/client_2_metrics.csv
[Data] Train samples=800, class_counts={0: 400, 1: 400}; Test samples=200, class_counts={0: 100, 1: 100}
[Client 2] Model validation passed: out_features=2, num_classes_global=2
[Client 2] Label histogram: {"0": 490, "1": 510}
