[93mWARNING [0m:   DEPRECATED FEATURE: flwr.client.start_numpy_client() is deprecated. 
	Instead, use `flwr.client.start_client()` by ensuring you first call the `.to_client()` method as shown below: 
	flwr.client.start_client(
		server_address='<IP>:<PORT>',
		client=FlowerClient().to_client(), # <-- where FlowerClient is of type flwr.client.NumPyClient object
	)
	Using `start_numpy_client()` is deprecated.

            This is a deprecated feature. It will be removed
            entirely in future versions of Flower.
        
[93mWARNING [0m:   DEPRECATED FEATURE: flwr.client.start_client() is deprecated.
	Instead, use the `flower-supernode` CLI command to start a SuperNode as shown below:

		$ flower-supernode --insecure --superlink='<IP>:<PORT>'

	To view all available options, run:

		$ flower-supernode --help

	Using `start_client()` is deprecated.

            This is a deprecated feature. It will be removed
            entirely in future versions of Flower.
        
[92mINFO [0m:      
[92mINFO [0m:      Received: evaluate message 3d6fdf3e-4c54-4e26-be71-1679a62bbd84
[92mINFO [0m:      Sent reply
[92mINFO [0m:      
[92mINFO [0m:      Received: train message 1f77df94-7899-44b1-8c47-cce43cdabbf4
[92mINFO [0m:      Sent reply
[92mINFO [0m:      
[92mINFO [0m:      Received: evaluate message 0dce2300-72ba-4284-9207-b87be58646a8
[92mINFO [0m:      Sent reply
[92mINFO [0m:      
[92mINFO [0m:      Received: train message cbbe127e-7269-4b24-a707-4bdada38a36f
[92mINFO [0m:      Sent reply
[92mINFO [0m:      
[92mINFO [0m:      Received: evaluate message e8bae8d8-58b7-4848-930a-6ad31c7c82d8
[92mINFO [0m:      Sent reply
[92mINFO [0m:      
[92mINFO [0m:      Received: train message 43f07e22-8ba5-471a-9c39-ab542b098424
[92mINFO [0m:      Sent reply
[92mINFO [0m:      
[92mINFO [0m:      Received: evaluate message bc37464b-99ac-4979-aaef-7a55f296a7f9
[92mINFO [0m:      Sent reply
[92mINFO [0m:      
[92mINFO [0m:      Received: train message 6dada10a-5c88-45f3-ade5-ae6caa4eeea9
[92mINFO [0m:      Sent reply
[92mINFO [0m:      
[92mINFO [0m:      Received: evaluate message cb2c8257-a8d3-459a-9956-6d603429cb00
[92mINFO [0m:      Sent reply
[92mINFO [0m:      
[92mINFO [0m:      Received: train message 234289d0-3400-45a7-a6e8-53dc5f6cf878
[92mINFO [0m:      Sent reply
[92mINFO [0m:      
[92mINFO [0m:      Received: evaluate message 2758a4c6-affe-4f8e-9755-1dbc3cb09e54
[92mINFO [0m:      Sent reply
[92mINFO [0m:      
[92mINFO [0m:      Received: train message f0ab2575-a0a1-43a4-9fd8-217731da9825
[92mINFO [0m:      Sent reply
[92mINFO [0m:      
[92mINFO [0m:      Received: evaluate message 7b68b8ff-7226-4422-8d35-49ed20862057
[92mINFO [0m:      Sent reply
[92mINFO [0m:      
[92mINFO [0m:      Received: train message c167e983-c21e-497d-b2f9-4333d9d06b80
[92mINFO [0m:      Sent reply
[92mINFO [0m:      
[92mINFO [0m:      Received: evaluate message c0fdc5d9-7cd3-4058-8d7b-bccd362a0956
[92mINFO [0m:      Sent reply
[92mINFO [0m:      
[92mINFO [0m:      Received: train message 018491c8-a17f-44d4-bb81-d60e9f5de32f
[92mINFO [0m:      Sent reply
[92mINFO [0m:      
[92mINFO [0m:      Received: evaluate message 3c35f440-aac8-4ee8-9913-fad9bec5b47d
[92mINFO [0m:      Sent reply
[92mINFO [0m:      
[92mINFO [0m:      Received: train message 9a354b32-5a1f-41b3-84af-af3ee4011a1a
[92mINFO [0m:      Sent reply
[92mINFO [0m:      
[92mINFO [0m:      Received: evaluate message 766fade9-fed7-4ab9-9825-351bf676c5b2
[92mINFO [0m:      Sent reply
[92mINFO [0m:      
[92mINFO [0m:      Received: train message 695c6f57-74b1-4f6b-a85c-d3b5cfcbb5ce
[92mINFO [0m:      Sent reply
[92mINFO [0m:      
[92mINFO [0m:      Received: evaluate message 1f365d89-b214-4e10-91ee-b806a7395924
[92mINFO [0m:      Sent reply
[92mINFO [0m:      
[92mINFO [0m:      Received: train message a8a59fa9-cc78-4ca9-a6bd-675146df5732
[92mINFO [0m:      Sent reply
[92mINFO [0m:      
[92mINFO [0m:      Received: evaluate message 9f8e7482-2be4-4e94-b4e8-7501129070da
[92mINFO [0m:      Sent reply
[92mINFO [0m:      
[92mINFO [0m:      Received: train message eed3229a-bd59-4f12-91a7-65df591f0e27
[92mINFO [0m:      Sent reply
[92mINFO [0m:      
[92mINFO [0m:      Received: evaluate message 90f30ef0-ca36-436c-b00b-35f9584ae6eb
[92mINFO [0m:      Sent reply
[92mINFO [0m:      
[92mINFO [0m:      Received: train message 62d50d6e-4b90-4a1e-ac1a-774cd0c73b9d
[92mINFO [0m:      Sent reply
[92mINFO [0m:      
[92mINFO [0m:      Received: evaluate message 3e5ae837-5fb8-44d1-a0fa-1cff94ac4e0b
[92mINFO [0m:      Sent reply
[92mINFO [0m:      
[92mINFO [0m:      Received: train message aa92c56a-0201-4df1-9ab8-c7d0512c9e7f
[92mINFO [0m:      Sent reply
[92mINFO [0m:      
[92mINFO [0m:      Received: evaluate message 5df250a6-b766-4c86-b9a6-da72e36dc6b7
[92mINFO [0m:      Sent reply
[92mINFO [0m:      
[92mINFO [0m:      Received: train message 8cec44da-e7db-4869-bccc-68a7c24c06e6
[92mINFO [0m:      Sent reply
[92mINFO [0m:      
[92mINFO [0m:      Received: evaluate message 5eb3a01c-16a8-4b82-a8bc-f672c2ef45dc
[92mINFO [0m:      Sent reply
[92mINFO [0m:      
[92mINFO [0m:      Received: train message 02575223-d5c0-4b20-8d70-94a257079645
[92mINFO [0m:      Sent reply
[92mINFO [0m:      
[92mINFO [0m:      Received: evaluate message 6ac3872c-1c56-4721-b752-aa603590218d
[92mINFO [0m:      Sent reply
[92mINFO [0m:      
[92mINFO [0m:      Received: train message e2fb6a21-b529-4831-a46d-2b01760f7109
[92mINFO [0m:      Sent reply
[92mINFO [0m:      
[92mINFO [0m:      Received: evaluate message 5810ae54-82b1-4917-9030-13c32fb1cb32
[92mINFO [0m:      Sent reply
[92mINFO [0m:      
[92mINFO [0m:      Received: train message b318cee9-bec4-4c06-96dc-fa538f00db97
[92mINFO [0m:      Sent reply
[92mINFO [0m:      
[92mINFO [0m:      Received: evaluate message 4bc0728d-5985-4b6d-b994-1e550caec5c2
[92mINFO [0m:      Sent reply
[92mINFO [0m:      
[92mINFO [0m:      Received: train message 63d9231b-e3c0-4374-a6b5-75fdf0676048
[92mINFO [0m:      Sent reply
[92mINFO [0m:      
[92mINFO [0m:      Received: evaluate message 1212a9dc-a434-47f9-a7c9-90d1156cd52a
[92mINFO [0m:      Sent reply
[92mINFO [0m:      
[92mINFO [0m:      Received: reconnect message 241a5cfe-7d1e-4b4b-8b9c-8ab48058f500
[92mINFO [0m:      Disconnect and shut down
[Client 9] Logging metrics to: runs/manual_fedprox_alpha0.1_mu0.0/client_9_metrics.csv
[Data] Train samples=800, class_counts={0: 400, 1: 400}; Test samples=200, class_counts={0: 100, 1: 100}
[Client 9] Model validation passed: out_features=2, num_classes_global=2
[Client 9] Label histogram: {"0": 490, "1": 510}
