[93mWARNING [0m:   DEPRECATED FEATURE: flwr.client.start_numpy_client() is deprecated. 
	Instead, use `flwr.client.start_client()` by ensuring you first call the `.to_client()` method as shown below: 
	flwr.client.start_client(
		server_address='<IP>:<PORT>',
		client=FlowerClient().to_client(), # <-- where FlowerClient is of type flwr.client.NumPyClient object
	)
	Using `start_numpy_client()` is deprecated.

            This is a deprecated feature. It will be removed
            entirely in future versions of Flower.
        
[93mWARNING [0m:   DEPRECATED FEATURE: flwr.client.start_client() is deprecated.
	Instead, use the `flower-supernode` CLI command to start a SuperNode as shown below:

		$ flower-supernode --insecure --superlink='<IP>:<PORT>'

	To view all available options, run:

		$ flower-supernode --help

	Using `start_client()` is deprecated.

            This is a deprecated feature. It will be removed
            entirely in future versions of Flower.
        
[92mINFO [0m:      
[92mINFO [0m:      Received: train message d499fec3-94ad-4767-9210-1eab096a82dd
[92mINFO [0m:      Sent reply
[92mINFO [0m:      
[92mINFO [0m:      Received: evaluate message df391717-4ae1-49e2-a50e-50bec460dca7
[92mINFO [0m:      Sent reply
[92mINFO [0m:      
[92mINFO [0m:      Received: train message 92e9da3c-2e71-4016-8c66-55438e514415
[92mINFO [0m:      Sent reply
[92mINFO [0m:      
[92mINFO [0m:      Received: evaluate message 2b25eaa7-29d9-4ad0-ae78-bf1da5e87dc2
[92mINFO [0m:      Sent reply
[92mINFO [0m:      
[92mINFO [0m:      Received: train message cc2a8842-4610-45d6-8987-8805836c385d
[92mINFO [0m:      Sent reply
[92mINFO [0m:      
[92mINFO [0m:      Received: evaluate message 5451832f-4767-440c-b2bf-a60826c4acc8
[92mINFO [0m:      Sent reply
[92mINFO [0m:      
[92mINFO [0m:      Received: train message 438ba1f7-c3fd-4151-8c16-626b8af285ce
[92mINFO [0m:      Sent reply
[92mINFO [0m:      
[92mINFO [0m:      Received: evaluate message 502224d5-550a-4dbf-820f-c683cbc55ceb
[92mINFO [0m:      Sent reply
[92mINFO [0m:      
[92mINFO [0m:      Received: train message 77cd88fa-31f9-4b53-8612-b8ad064ecfee
[92mINFO [0m:      Sent reply
[92mINFO [0m:      
[92mINFO [0m:      Received: evaluate message f28bf393-7735-4c02-be13-96ecbcdef2e8
[92mINFO [0m:      Sent reply
[92mINFO [0m:      
[92mINFO [0m:      Received: train message af5dd54a-4503-485f-a7f4-81f3a0e9c889
[92mINFO [0m:      Sent reply
[92mINFO [0m:      
[92mINFO [0m:      Received: evaluate message 8cfe6da8-87c6-4b6f-ab7f-e70f486e95de
[92mINFO [0m:      Sent reply
[92mINFO [0m:      
[92mINFO [0m:      Received: train message 7fa7f5c5-5aa3-4627-965b-a043d3130903
[92mINFO [0m:      Sent reply
[92mINFO [0m:      
[92mINFO [0m:      Received: evaluate message 1eba98ac-0090-4288-bf59-bb30f758adcb
[92mINFO [0m:      Sent reply
[92mINFO [0m:      
[92mINFO [0m:      Received: train message 69027695-749a-4420-b9e6-5d9c9071859c
[92mINFO [0m:      Sent reply
[92mINFO [0m:      
[92mINFO [0m:      Received: evaluate message 0ec75e25-c3f2-4464-821f-d8003e701dae
[92mINFO [0m:      Sent reply
[92mINFO [0m:      
[92mINFO [0m:      Received: train message 893a032c-f0f4-4c0b-933e-0bcbb71ed386
[92mINFO [0m:      Sent reply
[92mINFO [0m:      
[92mINFO [0m:      Received: evaluate message 5ef106d8-02c1-4852-bf00-6520dedb6add
[92mINFO [0m:      Sent reply
[92mINFO [0m:      
[92mINFO [0m:      Received: train message e1c82907-8636-463d-bc8c-eecd3ebb042a
[92mINFO [0m:      Sent reply
[92mINFO [0m:      
[92mINFO [0m:      Received: evaluate message f4a3a619-32cd-46c1-b26a-b7d141370d12
[92mINFO [0m:      Sent reply
[92mINFO [0m:      
[92mINFO [0m:      Received: train message 5a213e6f-0291-456b-bfed-ce584f5086db
[92mINFO [0m:      Sent reply
[92mINFO [0m:      
[92mINFO [0m:      Received: evaluate message 1bdfeeff-a8c5-40a6-b021-caf3d5f23a48
[92mINFO [0m:      Sent reply
[92mINFO [0m:      
[92mINFO [0m:      Received: train message 9d5cb664-52f0-4824-891c-3d31f83c302c
[92mINFO [0m:      Sent reply
[92mINFO [0m:      
[92mINFO [0m:      Received: evaluate message c7c869e5-fc75-4567-ae2b-26e3838b9cf9
[92mINFO [0m:      Sent reply
[92mINFO [0m:      
[92mINFO [0m:      Received: train message 07b0d414-ac11-4151-bf85-0ef6a5942940
[92mINFO [0m:      Sent reply
[92mINFO [0m:      
[92mINFO [0m:      Received: evaluate message 4a187bcf-5147-405d-95e7-382c0f34621d
[92mINFO [0m:      Sent reply
[92mINFO [0m:      
[92mINFO [0m:      Received: train message 350d72ae-5850-4eed-b482-6a2d910fae6c
[92mINFO [0m:      Sent reply
[92mINFO [0m:      
[92mINFO [0m:      Received: evaluate message b8f2d0ba-eb4e-423e-81ee-aecc5d9e14be
[92mINFO [0m:      Sent reply
[92mINFO [0m:      
[92mINFO [0m:      Received: train message 42c12e16-97b6-4012-ae27-e20ebab58076
[92mINFO [0m:      Sent reply
[92mINFO [0m:      
[92mINFO [0m:      Received: evaluate message 2132c006-0794-4b42-b648-bb8123a051f2
[92mINFO [0m:      Sent reply
[92mINFO [0m:      
[92mINFO [0m:      Received: train message 27ac72da-ddc7-4978-8b02-219da8a22527
[92mINFO [0m:      Sent reply
[92mINFO [0m:      
[92mINFO [0m:      Received: evaluate message 859d497f-a94e-4e3e-95e6-8a6a0822254d
[92mINFO [0m:      Sent reply
[92mINFO [0m:      
[92mINFO [0m:      Received: train message 21640010-1e05-486e-9382-714a7ba38935
[92mINFO [0m:      Sent reply
[92mINFO [0m:      
[92mINFO [0m:      Received: evaluate message aae1ec8f-ef8b-4ae3-9d32-77f6ad7e0d8e
[92mINFO [0m:      Sent reply
[92mINFO [0m:      
[92mINFO [0m:      Received: train message 1ed94956-4c40-42cd-b1b6-985f98b430b8
[92mINFO [0m:      Sent reply
[92mINFO [0m:      
[92mINFO [0m:      Received: evaluate message 2a8011bf-396b-4a48-88a2-d3f68a2f96af
[92mINFO [0m:      Sent reply
[92mINFO [0m:      
[92mINFO [0m:      Received: train message a591e653-190f-473a-b598-a41bc573723a
[92mINFO [0m:      Sent reply
[92mINFO [0m:      
[92mINFO [0m:      Received: evaluate message 62aab808-90d4-40ab-b41b-20623ffc0b98
[92mINFO [0m:      Sent reply
[92mINFO [0m:      
[92mINFO [0m:      Received: train message da5a4301-0d52-47cb-93e2-7250e09024dc
[92mINFO [0m:      Sent reply
[92mINFO [0m:      
[92mINFO [0m:      Received: evaluate message 28849265-993c-4a0f-ad46-a7002126305c
[92mINFO [0m:      Sent reply
[92mINFO [0m:      
[92mINFO [0m:      Received: reconnect message a3ddd96b-59c7-4a15-9e88-ab652994e92a
[92mINFO [0m:      Disconnect and shut down
[Client 1] Logging metrics to: runs/manual_fedprox_alpha0.05_mu0.1/client_1_metrics.csv
[Data] Train samples=800, class_counts={0: 400, 1: 400}; Test samples=200, class_counts={0: 100, 1: 100}
[Client 1] Model validation passed: out_features=2, num_classes_global=2
[Client 1] Label histogram: {"0": 490, "1": 510}
