[93mWARNING [0m:   DEPRECATED FEATURE: flwr.client.start_numpy_client() is deprecated. 
	Instead, use `flwr.client.start_client()` by ensuring you first call the `.to_client()` method as shown below: 
	flwr.client.start_client(
		server_address='<IP>:<PORT>',
		client=FlowerClient().to_client(), # <-- where FlowerClient is of type flwr.client.NumPyClient object
	)
	Using `start_numpy_client()` is deprecated.

            This is a deprecated feature. It will be removed
            entirely in future versions of Flower.
        
[93mWARNING [0m:   DEPRECATED FEATURE: flwr.client.start_client() is deprecated.
	Instead, use the `flower-supernode` CLI command to start a SuperNode as shown below:

		$ flower-supernode --insecure --superlink='<IP>:<PORT>'

	To view all available options, run:

		$ flower-supernode --help

	Using `start_client()` is deprecated.

            This is a deprecated feature. It will be removed
            entirely in future versions of Flower.
        
[92mINFO [0m:      
[92mINFO [0m:      Received: evaluate message 1d6980c5-5377-49d0-a07d-e479ff8e93f9
[92mINFO [0m:      Sent reply
[92mINFO [0m:      
[92mINFO [0m:      Received: train message 68578794-601c-4ab5-b895-46cb82d7c153
[92mINFO [0m:      Sent reply
[92mINFO [0m:      
[92mINFO [0m:      Received: evaluate message 268583cc-2c55-4e9a-adb1-55d77281e8e6
[92mINFO [0m:      Sent reply
[92mINFO [0m:      
[92mINFO [0m:      Received: train message 6bd3e5a9-408b-4c74-94d1-8dbb39db2992
[92mINFO [0m:      Sent reply
[92mINFO [0m:      
[92mINFO [0m:      Received: evaluate message 7acadaef-78a8-4091-9683-efb1061626b7
[92mINFO [0m:      Sent reply
[92mINFO [0m:      
[92mINFO [0m:      Received: train message 4f5e14f4-f11e-406a-8525-5d681cb42eb7
[92mINFO [0m:      Sent reply
[92mINFO [0m:      
[92mINFO [0m:      Received: evaluate message a185e14c-31c9-4e73-9aa9-c94b2512f4e1
[92mINFO [0m:      Sent reply
[92mINFO [0m:      
[92mINFO [0m:      Received: train message 60ba7ccf-22f6-421b-80c4-bb7e9b31c770
[92mINFO [0m:      Sent reply
[92mINFO [0m:      
[92mINFO [0m:      Received: evaluate message b494ec8b-fbde-4dc3-9498-1b01792ec14f
[92mINFO [0m:      Sent reply
[92mINFO [0m:      
[92mINFO [0m:      Received: train message 8922c3c5-0db7-42df-9fca-103719b61db3
[92mINFO [0m:      Sent reply
[92mINFO [0m:      
[92mINFO [0m:      Received: evaluate message 3356cda6-eed4-4303-be97-544f7ec66902
[92mINFO [0m:      Sent reply
[92mINFO [0m:      
[92mINFO [0m:      Received: train message a92ffe7c-5339-4d7a-8826-57d12e39662e
[92mINFO [0m:      Sent reply
[92mINFO [0m:      
[92mINFO [0m:      Received: evaluate message 28627c64-4a4a-4692-a5d0-8fab9d184fcb
[92mINFO [0m:      Sent reply
[92mINFO [0m:      
[92mINFO [0m:      Received: train message 9c344103-c0ff-40b7-896f-0b99dda3a68f
[92mINFO [0m:      Sent reply
[92mINFO [0m:      
[92mINFO [0m:      Received: evaluate message 1b71aea0-32bf-472e-b018-a28409bd363c
[92mINFO [0m:      Sent reply
[92mINFO [0m:      
[92mINFO [0m:      Received: train message 5944cc7c-4d48-41b6-9984-c8f03f44d06f
[92mINFO [0m:      Sent reply
[92mINFO [0m:      
[92mINFO [0m:      Received: evaluate message 15b74b06-af63-43bf-b06d-99ef9f3c67f0
[92mINFO [0m:      Sent reply
[92mINFO [0m:      
[92mINFO [0m:      Received: train message 06597609-1417-423d-b35d-93b54c17f5ad
[92mINFO [0m:      Sent reply
[92mINFO [0m:      
[92mINFO [0m:      Received: evaluate message 0082520e-5913-4c3a-b60f-eb239b21ccee
[92mINFO [0m:      Sent reply
[92mINFO [0m:      
[92mINFO [0m:      Received: train message 72f83d21-cd8c-487c-aa56-a65896ae2a13
[92mINFO [0m:      Sent reply
[92mINFO [0m:      
[92mINFO [0m:      Received: evaluate message b5e17b35-e026-4151-8600-d49e52408801
[92mINFO [0m:      Sent reply
[92mINFO [0m:      
[92mINFO [0m:      Received: train message 56c9ae84-b0d3-496a-89bd-f20b04d977ce
[92mINFO [0m:      Sent reply
[92mINFO [0m:      
[92mINFO [0m:      Received: evaluate message de4cc058-d78e-4dac-8ff2-c3801ed803be
[92mINFO [0m:      Sent reply
[92mINFO [0m:      
[92mINFO [0m:      Received: train message 8a12abfd-7251-4a51-a331-771d6f9b37b5
[92mINFO [0m:      Sent reply
[92mINFO [0m:      
[92mINFO [0m:      Received: evaluate message 130f6385-d5ac-493f-9eaf-db63414aba98
[92mINFO [0m:      Sent reply
[92mINFO [0m:      
[92mINFO [0m:      Received: train message 3e8fc593-f9cf-4016-803d-fe9e85232bab
[92mINFO [0m:      Sent reply
[92mINFO [0m:      
[92mINFO [0m:      Received: evaluate message 61a76e37-0ef1-4f94-b7e5-0d5f597f1bda
[92mINFO [0m:      Sent reply
[92mINFO [0m:      
[92mINFO [0m:      Received: train message 28187936-ee00-4c37-a70b-0150339c21ad
[92mINFO [0m:      Sent reply
[92mINFO [0m:      
[92mINFO [0m:      Received: evaluate message 48f94289-2c40-4f2c-a363-0e0d5a3f13d6
[92mINFO [0m:      Sent reply
[92mINFO [0m:      
[92mINFO [0m:      Received: train message 668f5396-24ff-476c-9a29-660bf717508d
[92mINFO [0m:      Sent reply
[92mINFO [0m:      
[92mINFO [0m:      Received: evaluate message b8b4548c-4b86-452d-b89b-26a650f1968e
[92mINFO [0m:      Sent reply
[92mINFO [0m:      
[92mINFO [0m:      Received: train message e5d54fa4-7a87-42d6-be7a-016337a57cc1
[92mINFO [0m:      Sent reply
[92mINFO [0m:      
[92mINFO [0m:      Received: evaluate message a07eeac0-cb04-49e3-8417-10cab42e1196
[92mINFO [0m:      Sent reply
[92mINFO [0m:      
[92mINFO [0m:      Received: train message b7939c6f-a4a1-4226-af67-f946989a907f
[92mINFO [0m:      Sent reply
[92mINFO [0m:      
[92mINFO [0m:      Received: evaluate message 3352a485-9802-4918-b8cf-b8ebe87c2653
[92mINFO [0m:      Sent reply
[92mINFO [0m:      
[92mINFO [0m:      Received: train message 1d8838b0-0f12-46f8-8cba-718282c1867d
[92mINFO [0m:      Sent reply
[92mINFO [0m:      
[92mINFO [0m:      Received: evaluate message 26af85c2-70a0-4765-8858-296ac7a25e93
[92mINFO [0m:      Sent reply
[92mINFO [0m:      
[92mINFO [0m:      Received: train message 32e0d854-5ec7-45e8-9e57-10705bf075ae
[92mINFO [0m:      Sent reply
[92mINFO [0m:      
[92mINFO [0m:      Received: evaluate message b2b520a1-a0f7-4d7c-8658-d9964bb3992f
[92mINFO [0m:      Sent reply
[92mINFO [0m:      
[92mINFO [0m:      Received: reconnect message 7f54a4e7-4399-444e-bd03-3c59b68ddff6
[92mINFO [0m:      Disconnect and shut down
[Client 6] Logging metrics to: runs/manual_fedprox_alpha0.05_mu0.1/client_6_metrics.csv
[Data] Train samples=800, class_counts={0: 400, 1: 400}; Test samples=200, class_counts={0: 100, 1: 100}
[Client 6] Model validation passed: out_features=2, num_classes_global=2
[Client 6] Label histogram: {"0": 490, "1": 510}
