[93mWARNING [0m:   DEPRECATED FEATURE: flwr.client.start_numpy_client() is deprecated. 
	Instead, use `flwr.client.start_client()` by ensuring you first call the `.to_client()` method as shown below: 
	flwr.client.start_client(
		server_address='<IP>:<PORT>',
		client=FlowerClient().to_client(), # <-- where FlowerClient is of type flwr.client.NumPyClient object
	)
	Using `start_numpy_client()` is deprecated.

            This is a deprecated feature. It will be removed
            entirely in future versions of Flower.
        
[93mWARNING [0m:   DEPRECATED FEATURE: flwr.client.start_client() is deprecated.
	Instead, use the `flower-supernode` CLI command to start a SuperNode as shown below:

		$ flower-supernode --insecure --superlink='<IP>:<PORT>'

	To view all available options, run:

		$ flower-supernode --help

	Using `start_client()` is deprecated.

            This is a deprecated feature. It will be removed
            entirely in future versions of Flower.
        
[92mINFO [0m:      
[92mINFO [0m:      Received: evaluate message 4d65ed76-1f9a-43fa-b684-a91aa41deb5b
[92mINFO [0m:      Sent reply
[92mINFO [0m:      
[92mINFO [0m:      Received: train message fa34bbbc-497e-4b9d-80ed-67adbaa6058f
[92mINFO [0m:      Sent reply
[92mINFO [0m:      
[92mINFO [0m:      Received: evaluate message 45b23f04-ba9e-42e8-9a73-77066c869fd0
[92mINFO [0m:      Sent reply
[92mINFO [0m:      
[92mINFO [0m:      Received: train message f9881ed5-096c-4dc0-9ff2-accd982196f3
[92mINFO [0m:      Sent reply
[92mINFO [0m:      
[92mINFO [0m:      Received: evaluate message b8c70933-c6ba-4410-95d2-f690923ad9d5
[92mINFO [0m:      Sent reply
[92mINFO [0m:      
[92mINFO [0m:      Received: train message 858f2cb3-a96e-477b-bf53-cfa8f196add8
[92mINFO [0m:      Sent reply
[92mINFO [0m:      
[92mINFO [0m:      Received: evaluate message db41e133-a156-4e7f-a2de-8ceeeee25aca
[92mINFO [0m:      Sent reply
[92mINFO [0m:      
[92mINFO [0m:      Received: train message debbf4d2-5d0b-4098-b651-f3bf3d50ce56
[92mINFO [0m:      Sent reply
[92mINFO [0m:      
[92mINFO [0m:      Received: evaluate message 0f9c5d05-0c2b-4cb6-9736-96a2eb8dae1b
[92mINFO [0m:      Sent reply
[92mINFO [0m:      
[92mINFO [0m:      Received: train message 57ff019b-af9c-45e9-be2d-5707d180ea6c
[92mINFO [0m:      Sent reply
[92mINFO [0m:      
[92mINFO [0m:      Received: evaluate message 081b2294-9670-4f9d-a8bf-7e642c840d49
[92mINFO [0m:      Sent reply
[92mINFO [0m:      
[92mINFO [0m:      Received: train message f012e6b4-d762-4708-b0c6-a3cd25fcb3a8
[92mINFO [0m:      Sent reply
[92mINFO [0m:      
[92mINFO [0m:      Received: evaluate message 7d2c5640-e5fa-44ef-bcf9-deeef0cc0f14
[92mINFO [0m:      Sent reply
[92mINFO [0m:      
[92mINFO [0m:      Received: train message d10f5c83-dc07-4590-b4a1-3c22f893f7b1
[92mINFO [0m:      Sent reply
[92mINFO [0m:      
[92mINFO [0m:      Received: evaluate message f5d57c64-25ea-4ac2-bebd-b43d3ed23c32
[92mINFO [0m:      Sent reply
[92mINFO [0m:      
[92mINFO [0m:      Received: train message 1e1b2f6d-d4b5-4ceb-82da-e1b9d2a63e11
[92mINFO [0m:      Sent reply
[92mINFO [0m:      
[92mINFO [0m:      Received: evaluate message cdfb49be-f805-4c9f-8773-c7833a86f170
[92mINFO [0m:      Sent reply
[92mINFO [0m:      
[92mINFO [0m:      Received: train message 70238c45-8ee2-4265-bf33-d3c00220811e
[92mINFO [0m:      Sent reply
[92mINFO [0m:      
[92mINFO [0m:      Received: evaluate message ec0499cf-1908-4208-8024-d9085b46d203
[92mINFO [0m:      Sent reply
[92mINFO [0m:      
[92mINFO [0m:      Received: train message 08018db7-6997-4ea2-a654-220828fcd147
[92mINFO [0m:      Sent reply
[92mINFO [0m:      
[92mINFO [0m:      Received: evaluate message 15e22f39-faec-4f12-8bdf-9282f73f1fe7
[92mINFO [0m:      Sent reply
[92mINFO [0m:      
[92mINFO [0m:      Received: train message 58e636ed-f0c0-4761-97d9-d50a4398ca3b
[92mINFO [0m:      Sent reply
[92mINFO [0m:      
[92mINFO [0m:      Received: evaluate message e6816f2d-c187-4a5d-a7fc-dd3d96179eb6
[92mINFO [0m:      Sent reply
[92mINFO [0m:      
[92mINFO [0m:      Received: train message 1f818759-d5c3-470d-a56c-fcb69ef5cef6
[92mINFO [0m:      Sent reply
[92mINFO [0m:      
[92mINFO [0m:      Received: evaluate message 3044e750-b355-441b-9b47-ed48a6ae938f
[92mINFO [0m:      Sent reply
[92mINFO [0m:      
[92mINFO [0m:      Received: train message 81c3f12b-b115-485f-9527-73e1ffe1e239
[92mINFO [0m:      Sent reply
[92mINFO [0m:      
[92mINFO [0m:      Received: evaluate message 3714f268-3f86-4f88-b086-7ab245d4a0fe
[92mINFO [0m:      Sent reply
[92mINFO [0m:      
[92mINFO [0m:      Received: train message 52316d9c-66f6-4c69-8e34-077a6e2dde0a
[92mINFO [0m:      Sent reply
[92mINFO [0m:      
[92mINFO [0m:      Received: evaluate message 006d9bcb-b031-410e-bc6f-54a912aa39dd
[92mINFO [0m:      Sent reply
[92mINFO [0m:      
[92mINFO [0m:      Received: train message 7f48140b-2619-4f0a-863d-598c7d271b2c
[92mINFO [0m:      Sent reply
[92mINFO [0m:      
[92mINFO [0m:      Received: evaluate message 5b3d9853-8bb5-446c-b19b-c903f4aefb95
[92mINFO [0m:      Sent reply
[92mINFO [0m:      
[92mINFO [0m:      Received: train message 14c48570-2c91-43da-aff7-6a4b63405db1
[92mINFO [0m:      Sent reply
[92mINFO [0m:      
[92mINFO [0m:      Received: evaluate message 4e9149f5-1f2f-4480-8916-c4345fc9561d
[92mINFO [0m:      Sent reply
[92mINFO [0m:      
[92mINFO [0m:      Received: train message 3443291d-7a9f-477e-abd1-a6822092acfe
[92mINFO [0m:      Sent reply
[92mINFO [0m:      
[92mINFO [0m:      Received: evaluate message a138c588-627e-43ac-974d-73703db594e5
[92mINFO [0m:      Sent reply
[92mINFO [0m:      
[92mINFO [0m:      Received: train message e0e58200-f35c-4ff7-9095-75c436d133b7
[92mINFO [0m:      Sent reply
[92mINFO [0m:      
[92mINFO [0m:      Received: evaluate message 050570f8-13a2-470e-9394-e85719a678db
[92mINFO [0m:      Sent reply
[92mINFO [0m:      
[92mINFO [0m:      Received: train message 0f1cefa2-0e5b-4e8c-8df0-7e7a481d0488
[92mINFO [0m:      Sent reply
[92mINFO [0m:      
[92mINFO [0m:      Received: evaluate message e0617a04-0cc2-470f-96b1-35970f0b2ef9
[92mINFO [0m:      Sent reply
[92mINFO [0m:      
[92mINFO [0m:      Received: reconnect message 4ab86737-91eb-4a74-a26d-cd4f39eaca4c
[92mINFO [0m:      Disconnect and shut down
[Client 4] Logging metrics to: runs/manual_fedprox_alpha0.05_mu0.1/client_4_metrics.csv
[Data] Train samples=800, class_counts={0: 400, 1: 400}; Test samples=200, class_counts={0: 100, 1: 100}
[Client 4] Model validation passed: out_features=2, num_classes_global=2
[Client 4] Label histogram: {"0": 490, "1": 510}
