[SKIP] comp_fedavg_alpha0.5_adv0_dp0_pers0_seed42 (already completed)
[SKIP] comp_fedavg_alpha0.5_adv0_dp0_pers0_seed43 (already completed)
[SKIP] comp_fedavg_alpha0.5_adv0_dp0_pers0_seed44 (already completed)
[SKIP] comp_fedavg_alpha0.5_adv10_dp0_pers0_seed42 (already completed)
[SKIP] comp_fedavg_alpha0.5_adv10_dp0_pers0_seed43 (already completed)
[SKIP] comp_fedavg_alpha0.5_adv10_dp0_pers0_seed44 (already completed)
[SKIP] comp_fedavg_alpha0.5_adv30_dp0_pers0_seed42 (already completed)
[SKIP] comp_fedavg_alpha0.5_adv30_dp0_pers0_seed43 (already completed)
[SKIP] comp_fedavg_alpha0.5_adv30_dp0_pers0_seed44 (already completed)
[SKIP] comp_krum_alpha0.5_adv0_dp0_pers0_seed42 (already completed)
[SKIP] comp_krum_alpha0.5_adv0_dp0_pers0_seed43 (already completed)
[SKIP] comp_krum_alpha0.5_adv10_dp0_pers0_seed42 (already completed)
[SKIP] comp_krum_alpha0.5_adv10_dp0_pers0_seed43 (already completed)
[SKIP] comp_krum_alpha0.5_adv10_dp0_pers0_seed44 (already completed)
[SKIP] comp_krum_alpha0.5_adv30_dp0_pers0_seed42 (already completed)
[SKIP] comp_krum_alpha0.5_adv30_dp0_pers0_seed43 (already completed)
[SKIP] comp_krum_alpha0.5_adv30_dp0_pers0_seed44 (already completed)
[SKIP] comp_median_alpha0.5_adv0_dp0_pers0_seed42 (already completed)
[SKIP] comp_median_alpha0.5_adv0_dp0_pers0_seed43 (already completed)
[SKIP] comp_median_alpha0.5_adv0_dp0_pers0_seed44 (already completed)
[SKIP] comp_median_alpha0.5_adv10_dp0_pers0_seed42 (already completed)
[SKIP] comp_median_alpha0.5_adv10_dp0_pers0_seed43 (already completed)
[SKIP] comp_median_alpha0.5_adv10_dp0_pers0_seed44 (already completed)
[SKIP] comp_median_alpha0.5_adv30_dp0_pers0_seed42 (already completed)
[SKIP] comp_median_alpha0.5_adv30_dp0_pers0_seed43 (already completed)
[SKIP] comp_median_alpha0.5_adv30_dp0_pers0_seed44 (already completed)

============================================================
Total experiments: 45
Already completed: 26
Pending: 19
Parallel workers: 3
============================================================

[27/45] (60.0%) ✓ comp_fedavg_alpha0.5_adv10_dp0_pers0_seed45
[28/45] (62.2%) ✓ comp_fedavg_alpha0.5_adv0_dp0_pers0_seed45
[29/45] (64.4%) ✓ comp_fedavg_alpha0.5_adv0_dp0_pers0_seed46
[30/45] (66.7%) ✓ comp_fedavg_alpha0.5_adv30_dp0_pers0_seed45
[31/45] (68.9%) ✓ comp_krum_alpha0.5_adv0_dp0_pers0_seed44
[32/45] (71.1%) ✓ comp_krum_alpha0.5_adv0_dp0_pers0_seed45
[33/45] (73.3%) ✓ comp_krum_alpha0.5_adv0_dp0_pers0_seed46
[34/45] (75.6%) ✓ comp_krum_alpha0.5_adv10_dp0_pers0_seed45
[35/45] (77.8%) ✓ comp_krum_alpha0.5_adv10_dp0_pers0_seed46
[36/45] (80.0%) ✗ comp_fedavg_alpha0.5_adv30_dp0_pers0_seed46: Client process timed out
[37/45] (82.2%) ✓ comp_krum_alpha0.5_adv30_dp0_pers0_seed46
[38/45] (84.4%) ✓ comp_median_alpha0.5_adv0_dp0_pers0_seed45
[39/45] (86.7%) ✓ comp_median_alpha0.5_adv0_dp0_pers0_seed46
[40/45] (88.9%) ✓ comp_median_alpha0.5_adv10_dp0_pers0_seed45
[41/45] (91.1%) ✓ comp_median_alpha0.5_adv10_dp0_pers0_seed46
[42/45] (93.3%) ✗ comp_fedavg_alpha0.5_adv10_dp0_pers0_seed46: Client process timed out
[43/45] (95.6%) ✓ comp_median_alpha0.5_adv30_dp0_pers0_seed45
[44/45] (97.8%) ✓ comp_median_alpha0.5_adv30_dp0_pers0_seed46
[45/45] (100.0%) ✗ comp_krum_alpha0.5_adv30_dp0_pers0_seed45: Client process timed out

============================================================
Experiments completed: 19
Experiments failed: 3
Total now complete: 45/45
============================================================
