
============================================================
Total experiments: 27
Already completed: 0
Pending: 27
Parallel workers: 3
============================================================

[1/27] (3.7%) ✓ comp_fedavg_alpha0.5_adv0_dp0_pers0_seed43
[2/27] (7.4%) ✓ comp_fedavg_alpha0.5_adv10_dp0_pers0_seed42
[3/27] (11.1%) ✓ comp_fedavg_alpha0.5_adv10_dp0_pers0_seed43
[4/27] (14.8%) ✓ comp_fedavg_alpha0.5_adv10_dp0_pers0_seed44
[5/27] (18.5%) ✓ comp_fedavg_alpha0.5_adv30_dp0_pers0_seed42
[6/27] (22.2%) ✓ comp_fedavg_alpha0.5_adv30_dp0_pers0_seed43
[7/27] (25.9%) ✓ comp_fedavg_alpha0.5_adv30_dp0_pers0_seed44
[8/27] (29.6%) ✓ comp_krum_alpha0.5_adv0_dp0_pers0_seed42
[9/27] (33.3%) ✓ comp_krum_alpha0.5_adv0_dp0_pers0_seed43
[10/27] (37.0%) ✓ comp_fedavg_alpha0.5_adv0_dp0_pers0_seed42
[11/27] (40.7%) ✓ comp_fedavg_alpha0.5_adv0_dp0_pers0_seed44
[12/27] (44.4%) ✓ comp_krum_alpha0.5_adv10_dp0_pers0_seed43
[13/27] (48.1%) ✓ comp_krum_alpha0.5_adv10_dp0_pers0_seed42
[14/27] (51.9%) ✓ comp_krum_alpha0.5_adv10_dp0_pers0_seed44
[15/27] (55.6%) ✓ comp_krum_alpha0.5_adv30_dp0_pers0_seed42
[16/27] (59.3%) ✓ comp_krum_alpha0.5_adv30_dp0_pers0_seed43
[17/27] (63.0%) ✓ comp_krum_alpha0.5_adv30_dp0_pers0_seed44
[18/27] (66.7%) ✓ comp_median_alpha0.5_adv0_dp0_pers0_seed43
[19/27] (70.4%) ✓ comp_median_alpha0.5_adv0_dp0_pers0_seed42
[20/27] (74.1%) ✓ comp_median_alpha0.5_adv0_dp0_pers0_seed44
[21/27] (77.8%) ✓ comp_median_alpha0.5_adv10_dp0_pers0_seed42
[22/27] (81.5%) ✓ comp_median_alpha0.5_adv10_dp0_pers0_seed43
[23/27] (85.2%) ✓ comp_median_alpha0.5_adv10_dp0_pers0_seed44
[24/27] (88.9%) ✓ comp_median_alpha0.5_adv30_dp0_pers0_seed42
[25/27] (92.6%) ✓ comp_median_alpha0.5_adv30_dp0_pers0_seed44
[26/27] (96.3%) ✓ comp_median_alpha0.5_adv30_dp0_pers0_seed43
[27/27] (100.0%) ✗ comp_krum_alpha0.5_adv0_dp0_pers0_seed44: Client process timed out

============================================================
Experiments completed: 27
Experiments failed: 1
Total now complete: 27/27
============================================================
