[SKIP] comp_fedavg_alpha0.5_adv0_dp0_pers0_seed42 (already completed)
[SKIP] comp_fedavg_alpha0.5_adv0_dp0_pers0_seed43 (already completed)
[SKIP] comp_fedavg_alpha0.5_adv0_dp0_pers0_seed44 (already completed)
[SKIP] comp_fedavg_alpha0.5_adv10_dp0_pers0_seed42 (already completed)
[SKIP] comp_fedavg_alpha0.5_adv10_dp0_pers0_seed43 (already completed)
[SKIP] comp_fedavg_alpha0.5_adv10_dp0_pers0_seed44 (already completed)
[SKIP] comp_fedavg_alpha0.5_adv30_dp0_pers0_seed42 (already completed)
[SKIP] comp_fedavg_alpha0.5_adv30_dp0_pers0_seed43 (already completed)
[SKIP] comp_fedavg_alpha0.5_adv30_dp0_pers0_seed44 (already completed)
[SKIP] comp_krum_alpha0.5_adv0_dp0_pers0_seed42 (already completed)
[SKIP] comp_krum_alpha0.5_adv0_dp0_pers0_seed43 (already completed)
[SKIP] comp_krum_alpha0.5_adv0_dp0_pers0_seed44 (already completed)
[SKIP] comp_krum_alpha0.5_adv10_dp0_pers0_seed42 (already completed)
[SKIP] comp_krum_alpha0.5_adv10_dp0_pers0_seed43 (already completed)
[SKIP] comp_krum_alpha0.5_adv10_dp0_pers0_seed44 (already completed)
[SKIP] comp_krum_alpha0.5_adv30_dp0_pers0_seed42 (already completed)
[SKIP] comp_krum_alpha0.5_adv30_dp0_pers0_seed43 (already completed)
[SKIP] comp_krum_alpha0.5_adv30_dp0_pers0_seed44 (already completed)
[SKIP] comp_median_alpha0.5_adv0_dp0_pers0_seed42 (already completed)
[SKIP] comp_median_alpha0.5_adv0_dp0_pers0_seed43 (already completed)
[SKIP] comp_median_alpha0.5_adv0_dp0_pers0_seed44 (already completed)
[SKIP] comp_median_alpha0.5_adv10_dp0_pers0_seed42 (already completed)
[SKIP] comp_median_alpha0.5_adv10_dp0_pers0_seed43 (already completed)
[SKIP] comp_median_alpha0.5_adv10_dp0_pers0_seed44 (already completed)
[SKIP] comp_median_alpha0.5_adv30_dp0_pers0_seed42 (already completed)
[SKIP] comp_median_alpha0.5_adv30_dp0_pers0_seed43 (already completed)
[SKIP] comp_median_alpha0.5_adv30_dp0_pers0_seed44 (already completed)

============================================================
Total experiments: 36
Already completed: 27
Pending: 9
Parallel workers: 3
============================================================

