[SKIP] comp_fedavg_alpha0.5_adv0_dp0_pers0_seed42 (already completed)
[SKIP] comp_fedavg_alpha0.5_adv0_dp0_pers0_seed43 (already completed)
[SKIP] comp_fedavg_alpha0.5_adv0_dp0_pers0_seed44 (already completed)
[SKIP] comp_fedavg_alpha0.5_adv10_dp0_pers0_seed42 (already completed)
[SKIP] comp_fedavg_alpha0.5_adv10_dp0_pers0_seed43 (already completed)
[SKIP] comp_fedavg_alpha0.5_adv10_dp0_pers0_seed44 (already completed)
[SKIP] comp_fedavg_alpha0.5_adv30_dp0_pers0_seed42 (already completed)
[SKIP] comp_fedavg_alpha0.5_adv30_dp0_pers0_seed43 (already completed)
[SKIP] comp_fedavg_alpha0.5_adv30_dp0_pers0_seed44 (already completed)
[SKIP] comp_krum_alpha0.5_adv0_dp0_pers0_seed42 (already completed)
[SKIP] comp_krum_alpha0.5_adv0_dp0_pers0_seed43 (already completed)
[SKIP] comp_krum_alpha0.5_adv0_dp0_pers0_seed44 (already completed)
[SKIP] comp_krum_alpha0.5_adv10_dp0_pers0_seed42 (already completed)
[SKIP] comp_krum_alpha0.5_adv10_dp0_pers0_seed43 (already completed)
[SKIP] comp_krum_alpha0.5_adv10_dp0_pers0_seed44 (already completed)
[SKIP] comp_krum_alpha0.5_adv30_dp0_pers0_seed42 (already completed)
[SKIP] comp_krum_alpha0.5_adv30_dp0_pers0_seed43 (already completed)
[SKIP] comp_krum_alpha0.5_adv30_dp0_pers0_seed44 (already completed)
[SKIP] comp_median_alpha0.5_adv0_dp0_pers0_seed42 (already completed)
[SKIP] comp_median_alpha0.5_adv0_dp0_pers0_seed43 (already completed)
[SKIP] comp_median_alpha0.5_adv0_dp0_pers0_seed44 (already completed)
[SKIP] comp_median_alpha0.5_adv10_dp0_pers0_seed42 (already completed)
[SKIP] comp_median_alpha0.5_adv10_dp0_pers0_seed43 (already completed)
[SKIP] comp_median_alpha0.5_adv10_dp0_pers0_seed44 (already completed)
[SKIP] comp_median_alpha0.5_adv30_dp0_pers0_seed42 (already completed)
[SKIP] comp_median_alpha0.5_adv30_dp0_pers0_seed43 (already completed)
[SKIP] comp_median_alpha0.5_adv30_dp0_pers0_seed44 (already completed)

============================================================
Total experiments: 36
Already completed: 27
Pending: 9
Parallel workers: 3
============================================================

[28/36] (77.8%) [PASS] comp_bulyan_alpha0.5_adv0_dp0_pers0_seed42
[29/36] (80.6%) [PASS] comp_bulyan_alpha0.5_adv0_dp0_pers0_seed43
[30/36] (83.3%) [PASS] comp_bulyan_alpha0.5_adv0_dp0_pers0_seed44
[31/36] (86.1%) [PASS] comp_bulyan_alpha0.5_adv10_dp0_pers0_seed42
[32/36] (88.9%) [PASS] comp_bulyan_alpha0.5_adv10_dp0_pers0_seed43
[33/36] (91.7%) [PASS] comp_bulyan_alpha0.5_adv10_dp0_pers0_seed44
[34/36] (94.4%) [PASS] comp_bulyan_alpha0.5_adv30_dp0_pers0_seed42
[35/36] (97.2%) [PASS] comp_bulyan_alpha0.5_adv30_dp0_pers0_seed43
[36/36] (100.0%) [PASS] comp_bulyan_alpha0.5_adv30_dp0_pers0_seed44

============================================================
Experiments completed: 9
Experiments failed: 0
Total now complete: 36/36
============================================================
