[93mWARNING [0m:   DEPRECATED FEATURE: flwr.client.start_numpy_client() is deprecated. 
	Instead, use `flwr.client.start_client()` by ensuring you first call the `.to_client()` method as shown below: 
	flwr.client.start_client(
		server_address='<IP>:<PORT>',
		client=FlowerClient().to_client(), # <-- where FlowerClient is of type flwr.client.NumPyClient object
	)
	Using `start_numpy_client()` is deprecated.

            This is a deprecated feature. It will be removed
            entirely in future versions of Flower.
        
[93mWARNING [0m:   DEPRECATED FEATURE: flwr.client.start_client() is deprecated.
	Instead, use the `flower-supernode` CLI command to start a SuperNode as shown below:

		$ flower-supernode --insecure --superlink='<IP>:<PORT>'

	To view all available options, run:

		$ flower-supernode --help

	Using `start_client()` is deprecated.

            This is a deprecated feature. It will be removed
            entirely in future versions of Flower.
        
[92mINFO [0m:      
[92mINFO [0m:      Received: evaluate message 5843b277-25a4-4c92-a8ac-55e927c5e189
[92mINFO [0m:      Sent reply
[92mINFO [0m:      
[92mINFO [0m:      Received: train message 7394262f-dbbb-41ef-9fde-dfc70f948c3b
[92mINFO [0m:      Sent reply
[92mINFO [0m:      
[92mINFO [0m:      Received: evaluate message 5e6ad809-f24b-4067-8bc8-537082fa973c
[92mINFO [0m:      Sent reply
[92mINFO [0m:      
[92mINFO [0m:      Received: train message 8e7c7aa7-55de-4f91-aa41-3db45e91723e
[92mINFO [0m:      Sent reply
[92mINFO [0m:      
[92mINFO [0m:      Received: evaluate message 64e1e4c9-c668-469a-b270-43d2644e033b
[92mINFO [0m:      Sent reply
[92mINFO [0m:      
[92mINFO [0m:      Received: train message acdf1bf9-2421-40da-bebd-cc99c923e07e
[92mINFO [0m:      Sent reply
[92mINFO [0m:      
[92mINFO [0m:      Received: evaluate message 2dc73dc4-16e5-42ce-9ad5-d1fc49a6bfbd
[92mINFO [0m:      Sent reply
[92mINFO [0m:      
[92mINFO [0m:      Received: train message 729e2b1d-581b-432d-9706-f31b52853796
[92mINFO [0m:      Sent reply
[92mINFO [0m:      
[92mINFO [0m:      Received: evaluate message 006d7735-60dd-42b5-8c16-fccecbbcedaf
[92mINFO [0m:      Sent reply
[92mINFO [0m:      
[92mINFO [0m:      Received: train message 0021e537-4951-411a-8065-05b499656dfa
[92mINFO [0m:      Sent reply
[92mINFO [0m:      
[92mINFO [0m:      Received: evaluate message 2051f150-07dc-4d7f-ad4c-5b75191b3b8f
[92mINFO [0m:      Sent reply
[92mINFO [0m:      
[92mINFO [0m:      Received: train message 3bc87376-ad02-4eb1-aa32-fbaf535a470a
[92mINFO [0m:      Sent reply
[92mINFO [0m:      
[92mINFO [0m:      Received: evaluate message 8618e661-d9e8-4142-8dd3-be05791bd975
[92mINFO [0m:      Sent reply
[92mINFO [0m:      
[92mINFO [0m:      Received: train message 2ec2b3e3-d98c-4647-bd55-1e106ed15d76
[92mINFO [0m:      Sent reply
[92mINFO [0m:      
[92mINFO [0m:      Received: evaluate message 7d4642b0-951f-4c72-aa0d-f83f7256c6f9
[92mINFO [0m:      Sent reply
[92mINFO [0m:      
[92mINFO [0m:      Received: train message 75155c0c-5974-492e-a249-75923725aa69
[92mINFO [0m:      Sent reply
[92mINFO [0m:      
[92mINFO [0m:      Received: evaluate message 8fca8c80-ce5f-42cc-9dc2-e86754590924
[92mINFO [0m:      Sent reply
[92mINFO [0m:      
[92mINFO [0m:      Received: train message a2f87139-d251-481e-a71a-dbf1c9d7fa4a
[92mINFO [0m:      Sent reply
[92mINFO [0m:      
[92mINFO [0m:      Received: evaluate message 0bd13678-2eed-43a4-930b-72b1701490d2
[92mINFO [0m:      Sent reply
[92mINFO [0m:      
[92mINFO [0m:      Received: train message 7f907331-3951-473c-a008-78a1f5b8ab86
[92mINFO [0m:      Sent reply
[92mINFO [0m:      
[92mINFO [0m:      Received: evaluate message a9f5b410-c07f-4acb-bf3f-d2a0a29592cf
[92mINFO [0m:      Sent reply
[92mINFO [0m:      
[92mINFO [0m:      Received: train message fb39604e-b124-45b4-96e9-5de50bdf821a
[92mINFO [0m:      Sent reply
[92mINFO [0m:      
[92mINFO [0m:      Received: evaluate message 1de6639c-0b66-4204-b6f7-bf79dae17f6f
[92mINFO [0m:      Sent reply
[92mINFO [0m:      
[92mINFO [0m:      Received: train message 75066347-fbba-47c9-9c2a-577060ca9c31
[92mINFO [0m:      Sent reply
[92mINFO [0m:      
[92mINFO [0m:      Received: evaluate message 09ac53cf-e631-48a2-b619-5610c3f30c8e
[92mINFO [0m:      Sent reply
[92mINFO [0m:      
[92mINFO [0m:      Received: train message e5673886-5921-45b9-9554-2ce138919fd7
[92mINFO [0m:      Sent reply
[92mINFO [0m:      
[92mINFO [0m:      Received: evaluate message 830d76b8-289b-45ba-af15-2e5cd6b486fa
[92mINFO [0m:      Sent reply
[92mINFO [0m:      
[92mINFO [0m:      Received: train message df0e07fd-7868-4692-ba15-f3ee51cc6d45
[92mINFO [0m:      Sent reply
[92mINFO [0m:      
[92mINFO [0m:      Received: evaluate message 7b8c6176-21c1-47b0-bdd3-b387240241cd
[92mINFO [0m:      Sent reply
[92mINFO [0m:      
[92mINFO [0m:      Received: train message d6d74764-57cc-42fb-ad13-487884195b6a
[92mINFO [0m:      Sent reply
[92mINFO [0m:      
[92mINFO [0m:      Received: evaluate message bbfb693a-27a9-471f-aa6d-fcaf2c4eae76
[92mINFO [0m:      Sent reply
[92mINFO [0m:      
[92mINFO [0m:      Received: train message 9011efbf-147c-4fe2-94f9-0cea62d5ef47
[92mINFO [0m:      Sent reply
[92mINFO [0m:      
[92mINFO [0m:      Received: evaluate message f8f19703-1d4d-4d6e-ac07-dab37fb5bc88
[92mINFO [0m:      Sent reply
[92mINFO [0m:      
[92mINFO [0m:      Received: train message 5a9a90ea-4d60-4b4a-b34f-cde14e7bc48a
[92mINFO [0m:      Sent reply
[92mINFO [0m:      
[92mINFO [0m:      Received: evaluate message 98cb67d1-70ef-415f-8e77-8b2ff45dbdd1
[92mINFO [0m:      Sent reply
[92mINFO [0m:      
[92mINFO [0m:      Received: train message e4b67959-7b6d-43e8-8100-e41a628b1e39
[92mINFO [0m:      Sent reply
[92mINFO [0m:      
[92mINFO [0m:      Received: evaluate message 114cc0d8-fa96-48e5-b6d0-7c2d08c78197
[92mINFO [0m:      Sent reply
[92mINFO [0m:      
[92mINFO [0m:      Received: train message d8bec828-9d0d-4174-a882-0761351f2227
[92mINFO [0m:      Sent reply
[92mINFO [0m:      
[92mINFO [0m:      Received: evaluate message 42ae5cd2-4674-47eb-941b-483c09b16502
[92mINFO [0m:      Sent reply
[92mINFO [0m:      
[92mINFO [0m:      Received: reconnect message b1d4843d-81be-455d-b86d-92d8a7cc2e3e
[92mINFO [0m:      Disconnect and shut down
[Client 0] Logging metrics to: runs/manual_fedprox_alpha0.1_mu0.01/client_0_metrics.csv
[Data] Train samples=800, class_counts={0: 400, 1: 400}; Test samples=200, class_counts={0: 100, 1: 100}
[Client 0] Model validation passed: out_features=2, num_classes_global=2
[Client 0] Label histogram: {"0": 490, "1": 510}
