[93mWARNING [0m:   DEPRECATED FEATURE: flwr.client.start_numpy_client() is deprecated. 
	Instead, use `flwr.client.start_client()` by ensuring you first call the `.to_client()` method as shown below: 
	flwr.client.start_client(
		server_address='<IP>:<PORT>',
		client=FlowerClient().to_client(), # <-- where FlowerClient is of type flwr.client.NumPyClient object
	)
	Using `start_numpy_client()` is deprecated.

            This is a deprecated feature. It will be removed
            entirely in future versions of Flower.
        
[93mWARNING [0m:   DEPRECATED FEATURE: flwr.client.start_client() is deprecated.
	Instead, use the `flower-supernode` CLI command to start a SuperNode as shown below:

		$ flower-supernode --insecure --superlink='<IP>:<PORT>'

	To view all available options, run:

		$ flower-supernode --help

	Using `start_client()` is deprecated.

            This is a deprecated feature. It will be removed
            entirely in future versions of Flower.
        
[92mINFO [0m:      
[92mINFO [0m:      Received: evaluate message 85e71358-cded-4009-8f51-7d43ec83e5ac
[92mINFO [0m:      Sent reply
[92mINFO [0m:      
[92mINFO [0m:      Received: train message 496cdf1c-b099-4847-a03e-772864d870e5
[92mINFO [0m:      Sent reply
[92mINFO [0m:      
[92mINFO [0m:      Received: evaluate message 4026448c-b91c-4890-bbe7-1afa7c749df3
[92mINFO [0m:      Sent reply
[92mINFO [0m:      
[92mINFO [0m:      Received: train message e77b9cb5-2c1d-46cc-acc3-27c7194f1fcc
[92mINFO [0m:      Sent reply
[92mINFO [0m:      
[92mINFO [0m:      Received: evaluate message 4b77dfd1-fe64-4690-827a-4f1f63c2331c
[92mINFO [0m:      Sent reply
[92mINFO [0m:      
[92mINFO [0m:      Received: train message ba4fe053-5930-47d5-9c4b-fee1970afaf1
[92mINFO [0m:      Sent reply
[92mINFO [0m:      
[92mINFO [0m:      Received: evaluate message 1389c6d5-32ff-497b-8a61-c3be20779877
[92mINFO [0m:      Sent reply
[92mINFO [0m:      
[92mINFO [0m:      Received: train message c0b5342e-c367-4bef-8bc1-cd8233bad323
[92mINFO [0m:      Sent reply
[92mINFO [0m:      
[92mINFO [0m:      Received: evaluate message 0b11ebff-2b49-46bb-bedc-dbbc98a6007e
[92mINFO [0m:      Sent reply
[92mINFO [0m:      
[92mINFO [0m:      Received: train message 4fee5d2a-8d90-49c7-905a-50be7f1c1798
[92mINFO [0m:      Sent reply
[92mINFO [0m:      
[92mINFO [0m:      Received: evaluate message a65ef8d5-5975-4d42-bc97-c9f9ee40f042
[92mINFO [0m:      Sent reply
[92mINFO [0m:      
[92mINFO [0m:      Received: train message 5b571d02-f9cf-4392-b0b6-7b638da28eac
[92mINFO [0m:      Sent reply
[92mINFO [0m:      
[92mINFO [0m:      Received: evaluate message 75837d01-f505-4561-a876-628d293864eb
[92mINFO [0m:      Sent reply
[92mINFO [0m:      
[92mINFO [0m:      Received: train message 8fe7e88b-8499-48e6-a099-c8d0baef35c0
[92mINFO [0m:      Sent reply
[92mINFO [0m:      
[92mINFO [0m:      Received: evaluate message 2ca78051-79e9-43c4-80f0-3450977659d6
[92mINFO [0m:      Sent reply
[92mINFO [0m:      
[92mINFO [0m:      Received: train message 050016f0-b9e1-4f1c-9a27-38ea403f1344
[92mINFO [0m:      Sent reply
[92mINFO [0m:      
[92mINFO [0m:      Received: evaluate message 3f60047d-f3e6-438c-b37c-2f85a70095e2
[92mINFO [0m:      Sent reply
[92mINFO [0m:      
[92mINFO [0m:      Received: train message cc0d36c7-898f-4369-86bb-f5eee982dbc1
[92mINFO [0m:      Sent reply
[92mINFO [0m:      
[92mINFO [0m:      Received: evaluate message b47bbda9-2d58-4c2d-90de-f439dd0da66c
[92mINFO [0m:      Sent reply
[92mINFO [0m:      
[92mINFO [0m:      Received: train message 8d5e2f3a-b943-4aec-94ea-4fbbaacbbab0
[92mINFO [0m:      Sent reply
[92mINFO [0m:      
[92mINFO [0m:      Received: evaluate message 496b6d3b-348f-4fb1-b4ec-206729ab175f
[92mINFO [0m:      Sent reply
[92mINFO [0m:      
[92mINFO [0m:      Received: train message b2718a5e-151b-47d2-b2de-5c3ac2c17151
[92mINFO [0m:      Sent reply
[92mINFO [0m:      
[92mINFO [0m:      Received: evaluate message 7eb6ae8e-3e8c-4ea6-8384-4cace62bac62
[92mINFO [0m:      Sent reply
[92mINFO [0m:      
[92mINFO [0m:      Received: train message 422102ca-c431-49b2-9a3f-9ee3a5f34a79
[92mINFO [0m:      Sent reply
[92mINFO [0m:      
[92mINFO [0m:      Received: evaluate message 49846221-b6a5-4cc3-97e2-fab6f8bee309
[92mINFO [0m:      Sent reply
[92mINFO [0m:      
[92mINFO [0m:      Received: train message 62329374-83db-4be4-8a90-ec0b5ce245d0
[92mINFO [0m:      Sent reply
[92mINFO [0m:      
[92mINFO [0m:      Received: evaluate message 02c12224-1f35-4828-b053-65439dbfb19a
[92mINFO [0m:      Sent reply
[92mINFO [0m:      
[92mINFO [0m:      Received: train message 8e36502d-b1d1-4847-a19c-5f0b7293d24a
[92mINFO [0m:      Sent reply
[92mINFO [0m:      
[92mINFO [0m:      Received: evaluate message d9e69dd6-1666-4139-87c0-b350a90cf19d
[92mINFO [0m:      Sent reply
[92mINFO [0m:      
[92mINFO [0m:      Received: train message 5a459861-5f8c-4cdb-8f5c-76a0f77caaf1
[92mINFO [0m:      Sent reply
[92mINFO [0m:      
[92mINFO [0m:      Received: evaluate message c1f78e6b-c372-4733-a4c8-3ecea44aa959
[92mINFO [0m:      Sent reply
[92mINFO [0m:      
[92mINFO [0m:      Received: train message 510feac8-4445-4c07-80eb-83dbaf821bee
[92mINFO [0m:      Sent reply
[92mINFO [0m:      
[92mINFO [0m:      Received: evaluate message 9e02f812-d2d0-4d45-95ea-089eb5f0ad6a
[92mINFO [0m:      Sent reply
[92mINFO [0m:      
[92mINFO [0m:      Received: train message db27dcc9-0d08-479b-b34f-09428f4be2cd
[92mINFO [0m:      Sent reply
[92mINFO [0m:      
[92mINFO [0m:      Received: evaluate message 2ab71df2-5425-44e5-8ca0-10be1ea1fab2
[92mINFO [0m:      Sent reply
[92mINFO [0m:      
[92mINFO [0m:      Received: train message 5c0e03e2-efea-4e2b-a0da-99ee7fefed17
[92mINFO [0m:      Sent reply
[92mINFO [0m:      
[92mINFO [0m:      Received: evaluate message 12c1c0b1-f3f2-4279-bb34-9adfc2b6b639
[92mINFO [0m:      Sent reply
[92mINFO [0m:      
[92mINFO [0m:      Received: train message 6619b7e6-5717-410e-b239-e38fce095db8
[92mINFO [0m:      Sent reply
[92mINFO [0m:      
[92mINFO [0m:      Received: evaluate message a7677813-f388-4eb8-b637-20f4f2779378
[92mINFO [0m:      Sent reply
[92mINFO [0m:      
[92mINFO [0m:      Received: reconnect message dc2c3ced-2c0d-4604-8d92-0cc03bc66e18
[92mINFO [0m:      Disconnect and shut down
[Client 9] Logging metrics to: runs/manual_fedprox_alpha0.1_mu0.01/client_9_metrics.csv
[Data] Train samples=800, class_counts={0: 400, 1: 400}; Test samples=200, class_counts={0: 100, 1: 100}
[Client 9] Model validation passed: out_features=2, num_classes_global=2
[Client 9] Label histogram: {"0": 490, "1": 510}
