[93mWARNING [0m:   DEPRECATED FEATURE: flwr.client.start_numpy_client() is deprecated. 
	Instead, use `flwr.client.start_client()` by ensuring you first call the `.to_client()` method as shown below: 
	flwr.client.start_client(
		server_address='<IP>:<PORT>',
		client=FlowerClient().to_client(), # <-- where FlowerClient is of type flwr.client.NumPyClient object
	)
	Using `start_numpy_client()` is deprecated.

            This is a deprecated feature. It will be removed
            entirely in future versions of Flower.
        
[93mWARNING [0m:   DEPRECATED FEATURE: flwr.client.start_client() is deprecated.
	Instead, use the `flower-supernode` CLI command to start a SuperNode as shown below:

		$ flower-supernode --insecure --superlink='<IP>:<PORT>'

	To view all available options, run:

		$ flower-supernode --help

	Using `start_client()` is deprecated.

            This is a deprecated feature. It will be removed
            entirely in future versions of Flower.
        
[92mINFO [0m:      
[92mINFO [0m:      Received: evaluate message d1a342b0-1b50-4776-b4d3-86916f074981
[92mINFO [0m:      Sent reply
[92mINFO [0m:      
[92mINFO [0m:      Received: train message c7e07fbf-9fbe-4c67-a866-019dc22aeac9
[92mINFO [0m:      Sent reply
[92mINFO [0m:      
[92mINFO [0m:      Received: evaluate message b44c0d93-91de-4355-bced-422c6c2b8886
[92mINFO [0m:      Sent reply
[92mINFO [0m:      
[92mINFO [0m:      Received: train message 8800b090-3832-4b16-a5eb-d3a870d25746
[92mINFO [0m:      Sent reply
[92mINFO [0m:      
[92mINFO [0m:      Received: evaluate message fc493ef3-fbfd-4f6a-ada3-c6e215e1d630
[92mINFO [0m:      Sent reply
[92mINFO [0m:      
[92mINFO [0m:      Received: train message 79794066-1c5b-47ca-91fa-f4bdcdf116bb
[92mINFO [0m:      Sent reply
[92mINFO [0m:      
[92mINFO [0m:      Received: evaluate message cef86a9a-c904-4b75-ab6e-d81c88b55d32
[92mINFO [0m:      Sent reply
[92mINFO [0m:      
[92mINFO [0m:      Received: train message 3786e7d7-1ea7-4f1e-81bc-da61cd77a7aa
[92mINFO [0m:      Sent reply
[92mINFO [0m:      
[92mINFO [0m:      Received: evaluate message fdde0c6d-9534-4801-a01c-35afd5aed490
[92mINFO [0m:      Sent reply
[92mINFO [0m:      
[92mINFO [0m:      Received: train message 1cc77011-9ba1-4c3e-9293-dfeb8d511f2d
[92mINFO [0m:      Sent reply
[92mINFO [0m:      
[92mINFO [0m:      Received: evaluate message 6ec3d790-1470-4bc6-8cf5-05c233a4b4a0
[92mINFO [0m:      Sent reply
[92mINFO [0m:      
[92mINFO [0m:      Received: train message 4233ca25-1664-4b8f-b8cb-90d8aa241ce7
[92mINFO [0m:      Sent reply
[92mINFO [0m:      
[92mINFO [0m:      Received: evaluate message 79e2efd7-9e4b-4678-86b5-8b4858bdc7ae
[92mINFO [0m:      Sent reply
[92mINFO [0m:      
[92mINFO [0m:      Received: train message e173fc64-6ad8-4c8a-8ccd-78f3c87a1a11
[92mINFO [0m:      Sent reply
[92mINFO [0m:      
[92mINFO [0m:      Received: evaluate message 063850e0-05c7-4545-97b0-be44a016955b
[92mINFO [0m:      Sent reply
[92mINFO [0m:      
[92mINFO [0m:      Received: train message b9a84e97-f2b2-4747-8754-00b0650503e4
[92mINFO [0m:      Sent reply
[92mINFO [0m:      
[92mINFO [0m:      Received: evaluate message 9c7700e2-6f71-4073-bc80-9d2e65f551f0
[92mINFO [0m:      Sent reply
[92mINFO [0m:      
[92mINFO [0m:      Received: train message 417f3ba1-5bc0-4303-bf2e-7ee9feb06c7d
[92mINFO [0m:      Sent reply
[92mINFO [0m:      
[92mINFO [0m:      Received: evaluate message e1e76c00-90b0-4335-bf7f-eff7337e53d1
[92mINFO [0m:      Sent reply
[92mINFO [0m:      
[92mINFO [0m:      Received: train message 8ff26340-9210-42fd-991f-3692765565c1
[92mINFO [0m:      Sent reply
[92mINFO [0m:      
[92mINFO [0m:      Received: evaluate message e4120512-ef68-484b-9989-98cd13f6bdd8
[92mINFO [0m:      Sent reply
[92mINFO [0m:      
[92mINFO [0m:      Received: train message db82f2a4-faa9-4f92-81e2-59c9a2f8bd37
[92mINFO [0m:      Sent reply
[92mINFO [0m:      
[92mINFO [0m:      Received: evaluate message 5753a324-6f99-41c2-b876-8c789d0d2f20
[92mINFO [0m:      Sent reply
[92mINFO [0m:      
[92mINFO [0m:      Received: train message a82eeff5-80bf-4edc-85fb-01eddf31c9b5
[92mINFO [0m:      Sent reply
[92mINFO [0m:      
[92mINFO [0m:      Received: evaluate message e8cd5eb7-0b8e-4636-924a-d3b8841d14cd
[92mINFO [0m:      Sent reply
[92mINFO [0m:      
[92mINFO [0m:      Received: train message a837e19e-d377-4c7c-af7d-d8d97bbf3d7c
[92mINFO [0m:      Sent reply
[92mINFO [0m:      
[92mINFO [0m:      Received: evaluate message 7807dbaf-e723-4a67-b2ff-f3fbadd92f3b
[92mINFO [0m:      Sent reply
[92mINFO [0m:      
[92mINFO [0m:      Received: train message c1718bb2-0618-4dd8-9717-ac200b0c2fd9
[92mINFO [0m:      Sent reply
[92mINFO [0m:      
[92mINFO [0m:      Received: evaluate message e439edaa-fbe8-4f84-bc90-2f2bfc5baf87
[92mINFO [0m:      Sent reply
[92mINFO [0m:      
[92mINFO [0m:      Received: train message 4913785b-bd7a-4f9f-8c30-aa191e2b48a8
[92mINFO [0m:      Sent reply
[92mINFO [0m:      
[92mINFO [0m:      Received: evaluate message 210a26da-1359-44f0-846f-b7e58a037c64
[92mINFO [0m:      Sent reply
[92mINFO [0m:      
[92mINFO [0m:      Received: train message 18a9ff0d-4d3b-415c-ba83-0f2d2020e363
[92mINFO [0m:      Sent reply
[92mINFO [0m:      
[92mINFO [0m:      Received: evaluate message 294fde70-d672-4826-8b81-64e5e1d32b0a
[92mINFO [0m:      Sent reply
[92mINFO [0m:      
[92mINFO [0m:      Received: train message c20c1d77-992e-4f87-831f-26e23415149e
[92mINFO [0m:      Sent reply
[92mINFO [0m:      
[92mINFO [0m:      Received: evaluate message 2341fbdb-fad2-4829-9226-c845d034f4cc
[92mINFO [0m:      Sent reply
[92mINFO [0m:      
[92mINFO [0m:      Received: train message 162ccea3-c63d-4d8e-8a56-cc6ee51b96df
[92mINFO [0m:      Sent reply
[92mINFO [0m:      
[92mINFO [0m:      Received: evaluate message 83e94937-19e0-43b9-bddf-90d78099d5c1
[92mINFO [0m:      Sent reply
[92mINFO [0m:      
[92mINFO [0m:      Received: train message 12b7e1ee-8cbb-4905-b91b-d8e308cc6a32
[92mINFO [0m:      Sent reply
[92mINFO [0m:      
[92mINFO [0m:      Received: evaluate message 0f683357-b085-4193-8922-50bbc5c316d6
[92mINFO [0m:      Sent reply
[92mINFO [0m:      
[92mINFO [0m:      Received: reconnect message d23de910-8060-4cc6-89b0-9844360f4948
[92mINFO [0m:      Disconnect and shut down
[Client 9] Logging metrics to: runs/manual_fedprox_alpha0.5_mu0.01/client_9_metrics.csv
[Data] Train samples=800, class_counts={0: 400, 1: 400}; Test samples=200, class_counts={0: 100, 1: 100}
[Client 9] Model validation passed: out_features=2, num_classes_global=2
[Client 9] Label histogram: {"0": 490, "1": 510}
