[93mWARNING [0m:   DEPRECATED FEATURE: flwr.client.start_numpy_client() is deprecated. 
	Instead, use `flwr.client.start_client()` by ensuring you first call the `.to_client()` method as shown below: 
	flwr.client.start_client(
		server_address='<IP>:<PORT>',
		client=FlowerClient().to_client(), # <-- where FlowerClient is of type flwr.client.NumPyClient object
	)
	Using `start_numpy_client()` is deprecated.

            This is a deprecated feature. It will be removed
            entirely in future versions of Flower.
        
[93mWARNING [0m:   DEPRECATED FEATURE: flwr.client.start_client() is deprecated.
	Instead, use the `flower-supernode` CLI command to start a SuperNode as shown below:

		$ flower-supernode --insecure --superlink='<IP>:<PORT>'

	To view all available options, run:

		$ flower-supernode --help

	Using `start_client()` is deprecated.

            This is a deprecated feature. It will be removed
            entirely in future versions of Flower.
        
[92mINFO [0m:      
[92mINFO [0m:      Received: evaluate message a18f2420-e072-4479-8a37-88bf80409222
[92mINFO [0m:      Sent reply
[92mINFO [0m:      
[92mINFO [0m:      Received: train message b5af0f0b-1617-4bf4-853a-a9d446511089
[92mINFO [0m:      Sent reply
[92mINFO [0m:      
[92mINFO [0m:      Received: evaluate message 843f5ab0-1f56-439a-be87-eccfb16a7097
[92mINFO [0m:      Sent reply
[92mINFO [0m:      
[92mINFO [0m:      Received: train message 99b85c78-0241-4d95-9dd9-3c03be7e85e6
[92mINFO [0m:      Sent reply
[92mINFO [0m:      
[92mINFO [0m:      Received: evaluate message 4cbe0634-2678-4370-b4c8-ed75b9cf38c2
[92mINFO [0m:      Sent reply
[92mINFO [0m:      
[92mINFO [0m:      Received: train message a0c0846e-a7d8-4395-a217-026a6d3d187f
[92mINFO [0m:      Sent reply
[92mINFO [0m:      
[92mINFO [0m:      Received: evaluate message 2f5ce419-07c7-4412-ac81-852c90e95ae1
[92mINFO [0m:      Sent reply
[92mINFO [0m:      
[92mINFO [0m:      Received: train message 070bbdcc-7501-4197-9f03-cafe188efe37
[92mINFO [0m:      Sent reply
[92mINFO [0m:      
[92mINFO [0m:      Received: evaluate message d756138f-70fe-47ad-a39f-fef520d7af9d
[92mINFO [0m:      Sent reply
[92mINFO [0m:      
[92mINFO [0m:      Received: train message cbf80430-3b65-46c0-b2c7-4412e37429f0
[92mINFO [0m:      Sent reply
[92mINFO [0m:      
[92mINFO [0m:      Received: evaluate message c5dbe10a-1639-433b-b497-3654449f72e6
[92mINFO [0m:      Sent reply
[92mINFO [0m:      
[92mINFO [0m:      Received: train message 6382ee7d-1848-4f56-8ea7-c7aee42f734c
[92mINFO [0m:      Sent reply
[92mINFO [0m:      
[92mINFO [0m:      Received: evaluate message c55e7b1f-098a-43a7-9e80-1ac68c5b244c
[92mINFO [0m:      Sent reply
[92mINFO [0m:      
[92mINFO [0m:      Received: train message 6a2680d0-9e87-4bb1-986f-a9c217858a07
[92mINFO [0m:      Sent reply
[92mINFO [0m:      
[92mINFO [0m:      Received: evaluate message 4cb72fff-aba6-4535-8c0b-fdc95ef1d676
[92mINFO [0m:      Sent reply
[92mINFO [0m:      
[92mINFO [0m:      Received: train message 3584b74f-531e-4d66-9576-a2afdb05dae0
[92mINFO [0m:      Sent reply
[92mINFO [0m:      
[92mINFO [0m:      Received: evaluate message b598d50f-5ea7-4055-9659-eb7903dfef8b
[92mINFO [0m:      Sent reply
[92mINFO [0m:      
[92mINFO [0m:      Received: train message 028e4e51-6d29-469d-af00-60ce9e09a6b7
[92mINFO [0m:      Sent reply
[92mINFO [0m:      
[92mINFO [0m:      Received: evaluate message 77abf43d-0fa5-4181-8be9-d916bd064fea
[92mINFO [0m:      Sent reply
[92mINFO [0m:      
[92mINFO [0m:      Received: train message 323d0bd6-bc33-44a6-8280-7ed4451b434f
[92mINFO [0m:      Sent reply
[92mINFO [0m:      
[92mINFO [0m:      Received: evaluate message 35dc1620-6686-41df-b02e-377559ce0a33
[92mINFO [0m:      Sent reply
[92mINFO [0m:      
[92mINFO [0m:      Received: train message ed49b3af-c71f-4bc9-b2f3-373ba1291d8e
[92mINFO [0m:      Sent reply
[92mINFO [0m:      
[92mINFO [0m:      Received: evaluate message 0bbe0eee-710f-4e08-b6bd-f99310e563cc
[92mINFO [0m:      Sent reply
[92mINFO [0m:      
[92mINFO [0m:      Received: train message 58748dfa-d84b-4bf6-adca-6591bbdd9148
[92mINFO [0m:      Sent reply
[92mINFO [0m:      
[92mINFO [0m:      Received: evaluate message e2b4218c-0082-468f-894d-340c8e220cae
[92mINFO [0m:      Sent reply
[92mINFO [0m:      
[92mINFO [0m:      Received: train message 39e13a04-30f1-44f0-9976-2fc4b4347fa9
[92mINFO [0m:      Sent reply
[92mINFO [0m:      
[92mINFO [0m:      Received: evaluate message a4f3f2a4-70bc-49e4-8ec7-9d871ca5a253
[92mINFO [0m:      Sent reply
[92mINFO [0m:      
[92mINFO [0m:      Received: train message ff3e0a1f-d93c-4806-be4a-e947f7690815
[92mINFO [0m:      Sent reply
[92mINFO [0m:      
[92mINFO [0m:      Received: evaluate message 3b2e9d51-4241-41de-871a-12f9e48ceb90
[92mINFO [0m:      Sent reply
[92mINFO [0m:      
[92mINFO [0m:      Received: train message d1d7f595-d653-48e5-ba1d-751f1ca1650e
[92mINFO [0m:      Sent reply
[92mINFO [0m:      
[92mINFO [0m:      Received: evaluate message 6eca838a-84d8-460f-87cb-8270dac2b2e4
[92mINFO [0m:      Sent reply
[92mINFO [0m:      
[92mINFO [0m:      Received: train message 117246ad-f052-40a3-aacc-758c0c715e2e
[92mINFO [0m:      Sent reply
[92mINFO [0m:      
[92mINFO [0m:      Received: evaluate message 51e00aad-83f4-41cf-82fb-a242ae849be6
[92mINFO [0m:      Sent reply
[92mINFO [0m:      
[92mINFO [0m:      Received: train message 6fcfbfa1-ac64-4f06-9256-d6ce2dd0cfc0
[92mINFO [0m:      Sent reply
[92mINFO [0m:      
[92mINFO [0m:      Received: evaluate message ea855dfe-b5f6-4094-baa2-982f852554b4
[92mINFO [0m:      Sent reply
[92mINFO [0m:      
[92mINFO [0m:      Received: train message 0864e5d7-8ea5-47e0-99ba-d5a91a09516e
[92mINFO [0m:      Sent reply
[92mINFO [0m:      
[92mINFO [0m:      Received: evaluate message 331218b9-4070-49ab-a2d0-24c016a1e6d7
[92mINFO [0m:      Sent reply
[92mINFO [0m:      
[92mINFO [0m:      Received: train message df1ebb5a-082b-420b-bc6d-7d5aeb3b1ff5
[92mINFO [0m:      Sent reply
[92mINFO [0m:      
[92mINFO [0m:      Received: evaluate message 1c89a39e-6f0f-442b-a051-f4a03607b92a
[92mINFO [0m:      Sent reply
[92mINFO [0m:      
[92mINFO [0m:      Received: reconnect message c6d76514-491c-46ca-b84f-118427b3597d
[92mINFO [0m:      Disconnect and shut down
[Client 0] Logging metrics to: runs/manual_fedprox_alpha0.5_mu0.01/client_0_metrics.csv
[Data] Train samples=800, class_counts={0: 400, 1: 400}; Test samples=200, class_counts={0: 100, 1: 100}
[Client 0] Model validation passed: out_features=2, num_classes_global=2
[Client 0] Label histogram: {"0": 490, "1": 510}
