[93mWARNING [0m:   DEPRECATED FEATURE: flwr.client.start_numpy_client() is deprecated. 
	Instead, use `flwr.client.start_client()` by ensuring you first call the `.to_client()` method as shown below: 
	flwr.client.start_client(
		server_address='<IP>:<PORT>',
		client=FlowerClient().to_client(), # <-- where FlowerClient is of type flwr.client.NumPyClient object
	)
	Using `start_numpy_client()` is deprecated.

            This is a deprecated feature. It will be removed
            entirely in future versions of Flower.
        
[93mWARNING [0m:   DEPRECATED FEATURE: flwr.client.start_client() is deprecated.
	Instead, use the `flower-supernode` CLI command to start a SuperNode as shown below:

		$ flower-supernode --insecure --superlink='<IP>:<PORT>'

	To view all available options, run:

		$ flower-supernode --help

	Using `start_client()` is deprecated.

            This is a deprecated feature. It will be removed
            entirely in future versions of Flower.
        
[92mINFO [0m:      
[92mINFO [0m:      Received: train message e46a6599-6641-4681-8a02-62e12fc0a77d
[92mINFO [0m:      Sent reply
[92mINFO [0m:      
[92mINFO [0m:      Received: evaluate message 283646a4-0590-4d51-98fd-6173c89fa43a
[92mINFO [0m:      Sent reply
[92mINFO [0m:      
[92mINFO [0m:      Received: train message b8e4a739-64ac-4fcd-a5fd-dbe88adb3d98
[92mINFO [0m:      Sent reply
[92mINFO [0m:      
[92mINFO [0m:      Received: evaluate message b7daa5f1-5262-4123-9b80-69ef6a1ddcfe
[92mINFO [0m:      Sent reply
[92mINFO [0m:      
[92mINFO [0m:      Received: train message 96f3284f-9d10-4246-8683-eaeffb147eb9
[92mINFO [0m:      Sent reply
[92mINFO [0m:      
[92mINFO [0m:      Received: evaluate message 3a246c9f-8f78-4b81-acad-4c4e021ca7f5
[92mINFO [0m:      Sent reply
[92mINFO [0m:      
[92mINFO [0m:      Received: train message 69dfff72-8012-4dc7-a51a-a20352f26a37
[92mINFO [0m:      Sent reply
[92mINFO [0m:      
[92mINFO [0m:      Received: evaluate message d8454bb4-7dc4-40ea-b2da-39d3cd7c0f3e
[92mINFO [0m:      Sent reply
[92mINFO [0m:      
[92mINFO [0m:      Received: train message ff7d2183-4e8a-41fb-9822-22737d75741d
[92mINFO [0m:      Sent reply
[92mINFO [0m:      
[92mINFO [0m:      Received: evaluate message 68384a4c-7e06-44ce-8ea3-40c959c518bc
[92mINFO [0m:      Sent reply
[92mINFO [0m:      
[92mINFO [0m:      Received: train message 96026b7c-788c-4ce7-ae0b-2ca63a142f2c
[92mINFO [0m:      Sent reply
[92mINFO [0m:      
[92mINFO [0m:      Received: evaluate message 9f46065c-3b5b-49f6-bff6-5bbd6d8c834d
[92mINFO [0m:      Sent reply
[92mINFO [0m:      
[92mINFO [0m:      Received: train message 1d2c8cd2-716e-4ac8-b97d-2b6e1d279b91
[92mINFO [0m:      Sent reply
[92mINFO [0m:      
[92mINFO [0m:      Received: evaluate message bac878c3-412a-4752-abcb-513043b67398
[92mINFO [0m:      Sent reply
[92mINFO [0m:      
[92mINFO [0m:      Received: train message 086017f0-09c2-4368-aaab-5730ef1d7d59
[92mINFO [0m:      Sent reply
[92mINFO [0m:      
[92mINFO [0m:      Received: evaluate message 1180439b-d2d7-4713-9b23-a97c09e4d737
[92mINFO [0m:      Sent reply
[92mINFO [0m:      
[92mINFO [0m:      Received: train message 5ff48b51-f7ed-49ce-9139-a2fef9194ef5
[92mINFO [0m:      Sent reply
[92mINFO [0m:      
[92mINFO [0m:      Received: evaluate message aaf41849-6dc5-4f54-9d4a-c06b861cd6b4
[92mINFO [0m:      Sent reply
[92mINFO [0m:      
[92mINFO [0m:      Received: train message 523ba782-2da0-4f0d-a7de-e232dbcd9d61
[92mINFO [0m:      Sent reply
[92mINFO [0m:      
[92mINFO [0m:      Received: evaluate message 0a80fedf-42f7-4071-9b7f-46e3446378c3
[92mINFO [0m:      Sent reply
[92mINFO [0m:      
[92mINFO [0m:      Received: train message 89cb67a5-b600-4c30-825a-9a1d6a1a9603
[92mINFO [0m:      Sent reply
[92mINFO [0m:      
[92mINFO [0m:      Received: evaluate message a360e58c-4533-434e-aac1-2aa83027ba1c
[92mINFO [0m:      Sent reply
[92mINFO [0m:      
[92mINFO [0m:      Received: train message 21fdaa19-ccbb-41ad-a4f2-b2379585f0c5
[92mINFO [0m:      Sent reply
[92mINFO [0m:      
[92mINFO [0m:      Received: evaluate message a93bf2ab-b89d-473f-a04f-45038db87b89
[92mINFO [0m:      Sent reply
[92mINFO [0m:      
[92mINFO [0m:      Received: train message 6a3872dd-e6b7-4856-a599-dfb7b0c671c5
[92mINFO [0m:      Sent reply
[92mINFO [0m:      
[92mINFO [0m:      Received: evaluate message fdaad841-46d4-4e37-a31a-f845610f2f83
[92mINFO [0m:      Sent reply
[92mINFO [0m:      
[92mINFO [0m:      Received: train message a8166f19-a0ba-476f-9ac2-eed5b9152363
[92mINFO [0m:      Sent reply
[92mINFO [0m:      
[92mINFO [0m:      Received: evaluate message 92cd93f4-6210-4abb-992d-af6e6b05908b
[92mINFO [0m:      Sent reply
[92mINFO [0m:      
[92mINFO [0m:      Received: train message b28b5ed8-7a53-476a-b362-f6bd95fe0c9a
[92mINFO [0m:      Sent reply
[92mINFO [0m:      
[92mINFO [0m:      Received: evaluate message d56b8eef-13a0-44a9-974c-aebd38c205ea
[92mINFO [0m:      Sent reply
[92mINFO [0m:      
[92mINFO [0m:      Received: train message bc0a7961-d379-4713-9abc-0c719cd873d0
[92mINFO [0m:      Sent reply
[92mINFO [0m:      
[92mINFO [0m:      Received: evaluate message 9bf64bde-7b5b-4529-8ea1-e39af0247bd2
[92mINFO [0m:      Sent reply
[92mINFO [0m:      
[92mINFO [0m:      Received: train message 226bc324-6668-4033-9823-fdd3f70944ca
[92mINFO [0m:      Sent reply
[92mINFO [0m:      
[92mINFO [0m:      Received: evaluate message c69ae495-b37f-4820-b3a1-12841636318a
[92mINFO [0m:      Sent reply
[92mINFO [0m:      
[92mINFO [0m:      Received: train message 227288d2-6bee-400e-ab29-5d0bdf82867a
[92mINFO [0m:      Sent reply
[92mINFO [0m:      
[92mINFO [0m:      Received: evaluate message 78841c07-02d2-4d14-92d5-fefea7af72b4
[92mINFO [0m:      Sent reply
[92mINFO [0m:      
[92mINFO [0m:      Received: train message c110a599-15f1-4ffb-a134-29f5ecab3246
[92mINFO [0m:      Sent reply
[92mINFO [0m:      
[92mINFO [0m:      Received: evaluate message 36950456-3937-499d-82f4-78e504614c41
[92mINFO [0m:      Sent reply
[92mINFO [0m:      
[92mINFO [0m:      Received: train message 6921b438-ac5e-4ac4-8cf4-01679b5d3047
[92mINFO [0m:      Sent reply
[92mINFO [0m:      
[92mINFO [0m:      Received: evaluate message c06f0047-f84b-42a9-9380-74e3497d3c0c
[92mINFO [0m:      Sent reply
[92mINFO [0m:      
[92mINFO [0m:      Received: reconnect message a5f03e17-07bb-4b53-809f-c3d5efafecf4
[92mINFO [0m:      Disconnect and shut down
[Client 3] Logging metrics to: runs/manual_fedprox_alpha0.5_mu0.01/client_3_metrics.csv
[Data] Train samples=800, class_counts={0: 400, 1: 400}; Test samples=200, class_counts={0: 100, 1: 100}
[Client 3] Model validation passed: out_features=2, num_classes_global=2
[Client 3] Label histogram: {"0": 490, "1": 510}
