[93mWARNING [0m:   DEPRECATED FEATURE: flwr.client.start_numpy_client() is deprecated. 
	Instead, use `flwr.client.start_client()` by ensuring you first call the `.to_client()` method as shown below: 
	flwr.client.start_client(
		server_address='<IP>:<PORT>',
		client=FlowerClient().to_client(), # <-- where FlowerClient is of type flwr.client.NumPyClient object
	)
	Using `start_numpy_client()` is deprecated.

            This is a deprecated feature. It will be removed
            entirely in future versions of Flower.
        
[93mWARNING [0m:   DEPRECATED FEATURE: flwr.client.start_client() is deprecated.
	Instead, use the `flower-supernode` CLI command to start a SuperNode as shown below:

		$ flower-supernode --insecure --superlink='<IP>:<PORT>'

	To view all available options, run:

		$ flower-supernode --help

	Using `start_client()` is deprecated.

            This is a deprecated feature. It will be removed
            entirely in future versions of Flower.
        
[92mINFO [0m:      
[92mINFO [0m:      Received: evaluate message a070b15b-1770-4d6e-a34a-c198b6c3dcf6
[92mINFO [0m:      Sent reply
[92mINFO [0m:      
[92mINFO [0m:      Received: train message 6d507ff3-c4ed-442c-8a60-850c2809426c
[92mINFO [0m:      Sent reply
[92mINFO [0m:      
[92mINFO [0m:      Received: evaluate message b6dd1242-1df2-4bb4-aa8b-24c00d3a80b6
[92mINFO [0m:      Sent reply
[92mINFO [0m:      
[92mINFO [0m:      Received: train message 02a457d4-888e-42e0-8159-684b5cd0d1e5
[92mINFO [0m:      Sent reply
[92mINFO [0m:      
[92mINFO [0m:      Received: evaluate message db4b9e2c-d973-4d3e-8795-0118466a86a4
[92mINFO [0m:      Sent reply
[92mINFO [0m:      
[92mINFO [0m:      Received: train message 487b32c3-fca3-4ca2-9476-3cb99ae5feeb
[92mINFO [0m:      Sent reply
[92mINFO [0m:      
[92mINFO [0m:      Received: evaluate message 5f4a2962-3b1e-4c35-baaa-d7f40667acfd
[92mINFO [0m:      Sent reply
[92mINFO [0m:      
[92mINFO [0m:      Received: train message 6046877d-266c-4653-9774-1b43f028c821
[92mINFO [0m:      Sent reply
[92mINFO [0m:      
[92mINFO [0m:      Received: evaluate message 6280e54a-c61a-4133-aa88-3bddf77abb4f
[92mINFO [0m:      Sent reply
[92mINFO [0m:      
[92mINFO [0m:      Received: train message 5ba63545-1693-43ea-874a-0c97465c4174
[92mINFO [0m:      Sent reply
[92mINFO [0m:      
[92mINFO [0m:      Received: evaluate message 6a8a84ec-19cc-421d-97e4-297acd522f02
[92mINFO [0m:      Sent reply
[92mINFO [0m:      
[92mINFO [0m:      Received: train message d5fdf1b5-74dd-4b52-8f76-bdc535a54a6c
[92mINFO [0m:      Sent reply
[92mINFO [0m:      
[92mINFO [0m:      Received: evaluate message af4e9810-7c6c-4ffd-8a2c-e779718d7e65
[92mINFO [0m:      Sent reply
[92mINFO [0m:      
[92mINFO [0m:      Received: train message e08d8b11-7559-4538-ba0f-da1ec65b11a7
[92mINFO [0m:      Sent reply
[92mINFO [0m:      
[92mINFO [0m:      Received: evaluate message de0353e6-8c5d-43bf-b7b2-a6aec815d183
[92mINFO [0m:      Sent reply
[92mINFO [0m:      
[92mINFO [0m:      Received: train message 14f391d0-2c21-45a5-bebe-8cc5ca28d9af
[92mINFO [0m:      Sent reply
[92mINFO [0m:      
[92mINFO [0m:      Received: evaluate message 2854d52c-a9e1-4345-9267-72699797c0d6
[92mINFO [0m:      Sent reply
[92mINFO [0m:      
[92mINFO [0m:      Received: train message e17a4f48-a8f2-48d6-b318-e4fb40caaac6
[92mINFO [0m:      Sent reply
[92mINFO [0m:      
[92mINFO [0m:      Received: evaluate message 50365e3b-6aba-4b7e-9c04-518c70cc5390
[92mINFO [0m:      Sent reply
[92mINFO [0m:      
[92mINFO [0m:      Received: train message 7162ae3e-32fe-4308-b437-c433f5ed4439
[92mINFO [0m:      Sent reply
[92mINFO [0m:      
[92mINFO [0m:      Received: evaluate message a9acba13-8e3a-4731-bed6-5d200cb3814c
[92mINFO [0m:      Sent reply
[92mINFO [0m:      
[92mINFO [0m:      Received: train message 7b552fa9-4a23-42e8-a7c0-ee3faea52778
[92mINFO [0m:      Sent reply
[92mINFO [0m:      
[92mINFO [0m:      Received: evaluate message c0799ccc-d191-47e9-87ef-f67f9f010437
[92mINFO [0m:      Sent reply
[92mINFO [0m:      
[92mINFO [0m:      Received: train message 8899c13c-d7ae-4e94-95f5-f5e51b6883f7
[92mINFO [0m:      Sent reply
[92mINFO [0m:      
[92mINFO [0m:      Received: evaluate message e2642276-0f57-43ea-861d-015f4c1e892a
[92mINFO [0m:      Sent reply
[92mINFO [0m:      
[92mINFO [0m:      Received: train message 5b629fd9-9e9a-4a71-8347-ee4332ce3b5f
[92mINFO [0m:      Sent reply
[92mINFO [0m:      
[92mINFO [0m:      Received: evaluate message 64614c5a-9f32-4620-b79e-229df4266663
[92mINFO [0m:      Sent reply
[92mINFO [0m:      
[92mINFO [0m:      Received: train message 3daa4283-b07b-41c2-ae3c-c1aa60c2d4ff
[92mINFO [0m:      Sent reply
[92mINFO [0m:      
[92mINFO [0m:      Received: evaluate message 2440472b-936e-4e83-af71-2c053b773e0c
[92mINFO [0m:      Sent reply
[92mINFO [0m:      
[92mINFO [0m:      Received: train message b97d2fdf-c257-494c-8792-6611fd2cb239
[92mINFO [0m:      Sent reply
[92mINFO [0m:      
[92mINFO [0m:      Received: evaluate message abe61f81-660d-4483-b7e0-d319c7fc44fe
[92mINFO [0m:      Sent reply
[92mINFO [0m:      
[92mINFO [0m:      Received: train message e9ced268-6f49-482f-a5e4-0b2b6079bbf0
[92mINFO [0m:      Sent reply
[92mINFO [0m:      
[92mINFO [0m:      Received: evaluate message 9f451965-6a29-4eaf-a24b-91fe6baf534d
[92mINFO [0m:      Sent reply
[92mINFO [0m:      
[92mINFO [0m:      Received: train message ac135283-085d-4494-b8b8-fb35ceb3d404
[92mINFO [0m:      Sent reply
[92mINFO [0m:      
[92mINFO [0m:      Received: evaluate message c3ca3f7d-3721-4bd7-9460-d201d5a5e06c
[92mINFO [0m:      Sent reply
[92mINFO [0m:      
[92mINFO [0m:      Received: train message 00bb9556-3e42-406f-b0a0-90ab14c58d50
[92mINFO [0m:      Sent reply
[92mINFO [0m:      
[92mINFO [0m:      Received: evaluate message 6d7f1e3e-5633-4569-9864-a9bb78d60a84
[92mINFO [0m:      Sent reply
[92mINFO [0m:      
[92mINFO [0m:      Received: train message 7474c8cb-d170-4b4b-b1f4-173735535942
[92mINFO [0m:      Sent reply
[92mINFO [0m:      
[92mINFO [0m:      Received: evaluate message 474cb7f9-e568-40c7-9f31-a2bc7e73bbcd
[92mINFO [0m:      Sent reply
[92mINFO [0m:      
[92mINFO [0m:      Received: reconnect message 3e4be255-2db3-43ee-b44a-67aed31bd6e9
[92mINFO [0m:      Disconnect and shut down
[Client 7] Logging metrics to: runs/manual_fedprox_alpha0.5_mu0.01/client_7_metrics.csv
[Data] Train samples=800, class_counts={0: 400, 1: 400}; Test samples=200, class_counts={0: 100, 1: 100}
[Client 7] Model validation passed: out_features=2, num_classes_global=2
[Client 7] Label histogram: {"0": 490, "1": 510}
