[93mWARNING [0m:   DEPRECATED FEATURE: flwr.client.start_numpy_client() is deprecated. 
	Instead, use `flwr.client.start_client()` by ensuring you first call the `.to_client()` method as shown below: 
	flwr.client.start_client(
		server_address='<IP>:<PORT>',
		client=FlowerClient().to_client(), # <-- where FlowerClient is of type flwr.client.NumPyClient object
	)
	Using `start_numpy_client()` is deprecated.

            This is a deprecated feature. It will be removed
            entirely in future versions of Flower.
        
[93mWARNING [0m:   DEPRECATED FEATURE: flwr.client.start_client() is deprecated.
	Instead, use the `flower-supernode` CLI command to start a SuperNode as shown below:

		$ flower-supernode --insecure --superlink='<IP>:<PORT>'

	To view all available options, run:

		$ flower-supernode --help

	Using `start_client()` is deprecated.

            This is a deprecated feature. It will be removed
            entirely in future versions of Flower.
        
[92mINFO [0m:      
[92mINFO [0m:      Received: evaluate message cb32381a-b9d6-4dec-b264-34a4f0fecd27
[92mINFO [0m:      Sent reply
[92mINFO [0m:      
[92mINFO [0m:      Received: train message 27f17215-ed09-49cb-894c-f7152463883b
[92mINFO [0m:      Sent reply
[92mINFO [0m:      
[92mINFO [0m:      Received: evaluate message b60754f5-ffa3-4e63-b14d-9e4424b36e75
[92mINFO [0m:      Sent reply
[92mINFO [0m:      
[92mINFO [0m:      Received: train message 47d02352-d556-4ceb-9b43-8c8be31b060d
[92mINFO [0m:      Sent reply
[92mINFO [0m:      
[92mINFO [0m:      Received: evaluate message 115451ab-e62d-40a7-a5f6-d7fbed44c221
[92mINFO [0m:      Sent reply
[92mINFO [0m:      
[92mINFO [0m:      Received: train message 8ac3fc30-86ba-417f-a5d5-28d12fae39ea
[92mINFO [0m:      Sent reply
[92mINFO [0m:      
[92mINFO [0m:      Received: evaluate message de42fbed-4fd9-40ee-bd28-e0ed01f379aa
[92mINFO [0m:      Sent reply
[92mINFO [0m:      
[92mINFO [0m:      Received: train message da45e54c-fb14-4ff5-8179-3b09b7547355
[92mINFO [0m:      Sent reply
[92mINFO [0m:      
[92mINFO [0m:      Received: evaluate message c59283c5-d246-4566-beb5-13b34a9e4180
[92mINFO [0m:      Sent reply
[92mINFO [0m:      
[92mINFO [0m:      Received: train message 0bc37f8d-4ff6-4993-bcd0-a32e90d48595
[92mINFO [0m:      Sent reply
[92mINFO [0m:      
[92mINFO [0m:      Received: evaluate message 9d6274f9-7b72-409a-ab89-22bd43ace086
[92mINFO [0m:      Sent reply
[92mINFO [0m:      
[92mINFO [0m:      Received: train message 5820396d-13fc-4819-bcac-e8fe0bc98286
[92mINFO [0m:      Sent reply
[92mINFO [0m:      
[92mINFO [0m:      Received: evaluate message f683a742-914d-49a5-85bb-5b5f07edd150
[92mINFO [0m:      Sent reply
[92mINFO [0m:      
[92mINFO [0m:      Received: train message 76b54a5b-dd79-4cab-af50-917267a7259f
[92mINFO [0m:      Sent reply
[92mINFO [0m:      
[92mINFO [0m:      Received: evaluate message 3dc02938-d332-4f55-8952-1bf2cb9b06d0
[92mINFO [0m:      Sent reply
[92mINFO [0m:      
[92mINFO [0m:      Received: train message 876b48d5-a60e-4c61-b096-ebbd648082d7
[92mINFO [0m:      Sent reply
[92mINFO [0m:      
[92mINFO [0m:      Received: evaluate message 0c8e3a7a-3874-44e4-abd1-83014c5e961f
[92mINFO [0m:      Sent reply
[92mINFO [0m:      
[92mINFO [0m:      Received: train message 0bfebb6e-e5a9-4563-b1c1-e48e24b07ed2
[92mINFO [0m:      Sent reply
[92mINFO [0m:      
[92mINFO [0m:      Received: evaluate message 15ab842b-c924-42a7-af47-66274a4f9589
[92mINFO [0m:      Sent reply
[92mINFO [0m:      
[92mINFO [0m:      Received: train message 7e9e81e8-befa-474e-b1da-c3b18c7c5a9e
[92mINFO [0m:      Sent reply
[92mINFO [0m:      
[92mINFO [0m:      Received: evaluate message 3b1b3bfc-dc39-49cc-baa8-3bb5214f5cba
[92mINFO [0m:      Sent reply
[92mINFO [0m:      
[92mINFO [0m:      Received: train message d9436bb3-a156-4d21-a355-1c1e4f4bc46a
[92mINFO [0m:      Sent reply
[92mINFO [0m:      
[92mINFO [0m:      Received: evaluate message 4168a3cd-2a6d-4b20-80b7-c0d9254a3c58
[92mINFO [0m:      Sent reply
[92mINFO [0m:      
[92mINFO [0m:      Received: train message 4e3d8c31-6bc8-4e46-ad28-7230d8aa1e00
[92mINFO [0m:      Sent reply
[92mINFO [0m:      
[92mINFO [0m:      Received: evaluate message 04e3dbd0-4266-4c38-8798-37a1bac91457
[92mINFO [0m:      Sent reply
[92mINFO [0m:      
[92mINFO [0m:      Received: train message f6c46389-7dc6-4b21-aba2-3147f306599d
[92mINFO [0m:      Sent reply
[92mINFO [0m:      
[92mINFO [0m:      Received: evaluate message 1a8a4c75-792c-434c-a693-545e306f171c
[92mINFO [0m:      Sent reply
[92mINFO [0m:      
[92mINFO [0m:      Received: train message e9e3ac11-44fe-4436-a2a1-ae4ebda40368
[92mINFO [0m:      Sent reply
[92mINFO [0m:      
[92mINFO [0m:      Received: evaluate message 17f31ee8-fffa-473b-a050-67a3ed458290
[92mINFO [0m:      Sent reply
[92mINFO [0m:      
[92mINFO [0m:      Received: train message 615ff7b6-161d-41a0-9522-3dcd08a7b13d
[92mINFO [0m:      Sent reply
[92mINFO [0m:      
[92mINFO [0m:      Received: evaluate message 07073ce8-e5d1-48e0-817e-ffda26624795
[92mINFO [0m:      Sent reply
[92mINFO [0m:      
[92mINFO [0m:      Received: train message 0a847516-58b3-4e31-a1d2-0944f6f42158
[92mINFO [0m:      Sent reply
[92mINFO [0m:      
[92mINFO [0m:      Received: evaluate message 25ac6fc2-ce87-4031-a9ad-4d723e67e7eb
[92mINFO [0m:      Sent reply
[92mINFO [0m:      
[92mINFO [0m:      Received: train message c9e1dcf1-d5da-42a4-9b00-1e0049793f4b
[92mINFO [0m:      Sent reply
[92mINFO [0m:      
[92mINFO [0m:      Received: evaluate message bea33ae6-7f51-4c4c-9477-d25a5add2ae6
[92mINFO [0m:      Sent reply
[92mINFO [0m:      
[92mINFO [0m:      Received: train message 33d0089a-551d-45c9-b860-b18d2fede6c4
[92mINFO [0m:      Sent reply
[92mINFO [0m:      
[92mINFO [0m:      Received: evaluate message 35387595-1e9e-49ad-b50d-eb11c94f0d15
[92mINFO [0m:      Sent reply
[92mINFO [0m:      
[92mINFO [0m:      Received: train message e5c9cd71-8754-46e6-a599-f2c67e753baa
[92mINFO [0m:      Sent reply
[92mINFO [0m:      
[92mINFO [0m:      Received: evaluate message 77fc01e9-9124-48e4-b951-9e63fbc18739
[92mINFO [0m:      Sent reply
[92mINFO [0m:      
[92mINFO [0m:      Received: reconnect message 6ceb5bdd-1ae4-486d-b6f4-e1fa90485daf
[92mINFO [0m:      Disconnect and shut down
[Client 1] Logging metrics to: runs/manual_fedprox_alpha0.5_mu0.01/client_1_metrics.csv
[Data] Train samples=800, class_counts={0: 400, 1: 400}; Test samples=200, class_counts={0: 100, 1: 100}
[Client 1] Model validation passed: out_features=2, num_classes_global=2
[Client 1] Label histogram: {"0": 490, "1": 510}
