[93mWARNING [0m:   DEPRECATED FEATURE: flwr.client.start_numpy_client() is deprecated. 
	Instead, use `flwr.client.start_client()` by ensuring you first call the `.to_client()` method as shown below: 
	flwr.client.start_client(
		server_address='<IP>:<PORT>',
		client=FlowerClient().to_client(), # <-- where FlowerClient is of type flwr.client.NumPyClient object
	)
	Using `start_numpy_client()` is deprecated.

            This is a deprecated feature. It will be removed
            entirely in future versions of Flower.
        
[93mWARNING [0m:   DEPRECATED FEATURE: flwr.client.start_client() is deprecated.
	Instead, use the `flower-supernode` CLI command to start a SuperNode as shown below:

		$ flower-supernode --insecure --superlink='<IP>:<PORT>'

	To view all available options, run:

		$ flower-supernode --help

	Using `start_client()` is deprecated.

            This is a deprecated feature. It will be removed
            entirely in future versions of Flower.
        
[92mINFO [0m:      
[92mINFO [0m:      Received: evaluate message 68b5f4f5-9337-46e4-bc9c-95f0be598d80
[92mINFO [0m:      Sent reply
[92mINFO [0m:      
[92mINFO [0m:      Received: train message 4a038e19-1900-4953-88d8-eef29ada7460
[92mINFO [0m:      Sent reply
[92mINFO [0m:      
[92mINFO [0m:      Received: evaluate message 5364a6f6-fab0-4d4f-8e28-7d34948e67d2
[92mINFO [0m:      Sent reply
[92mINFO [0m:      
[92mINFO [0m:      Received: train message 90c4201d-9c45-40c3-bbc6-c12cc815f391
[92mINFO [0m:      Sent reply
[92mINFO [0m:      
[92mINFO [0m:      Received: evaluate message 43d42c81-aae2-4c91-9f34-d634045b6f47
[92mINFO [0m:      Sent reply
[92mINFO [0m:      
[92mINFO [0m:      Received: train message 3e292a2c-dd85-490e-a318-2abd70165a00
[92mINFO [0m:      Sent reply
[92mINFO [0m:      
[92mINFO [0m:      Received: evaluate message 4df745e9-2110-4b5c-bf72-8a020a8b86d8
[92mINFO [0m:      Sent reply
[92mINFO [0m:      
[92mINFO [0m:      Received: train message 1e2b0e51-af1b-4c1a-a35d-4fc8981ff19e
[92mINFO [0m:      Sent reply
[92mINFO [0m:      
[92mINFO [0m:      Received: evaluate message f6debd75-6298-4875-93da-c76645c81364
[92mINFO [0m:      Sent reply
[92mINFO [0m:      
[92mINFO [0m:      Received: train message 5579772e-1430-4b5b-b712-2817e4a9650f
[92mINFO [0m:      Sent reply
[92mINFO [0m:      
[92mINFO [0m:      Received: evaluate message cfc12e1b-80e1-44fc-be6e-59af3a84dcd6
[92mINFO [0m:      Sent reply
[92mINFO [0m:      
[92mINFO [0m:      Received: train message 532ab283-4ed3-4c4f-8dbe-08bf8100e410
[92mINFO [0m:      Sent reply
[92mINFO [0m:      
[92mINFO [0m:      Received: evaluate message a8137bfb-bb4b-44f8-8285-179be6161563
[92mINFO [0m:      Sent reply
[92mINFO [0m:      
[92mINFO [0m:      Received: train message 46f8d039-235b-494d-bf4b-72d52d3137bf
[92mINFO [0m:      Sent reply
[92mINFO [0m:      
[92mINFO [0m:      Received: evaluate message efa4d1d9-c7b1-4637-ae28-e3e5a7e59363
[92mINFO [0m:      Sent reply
[92mINFO [0m:      
[92mINFO [0m:      Received: train message 395cfa68-e427-43db-bccc-8c7df968881c
[92mINFO [0m:      Sent reply
[92mINFO [0m:      
[92mINFO [0m:      Received: evaluate message f5119c75-9621-4a9e-8610-02a3d8a903e6
[92mINFO [0m:      Sent reply
[92mINFO [0m:      
[92mINFO [0m:      Received: train message bff3d10c-02b9-49a5-853d-9666bcda4201
[92mINFO [0m:      Sent reply
[92mINFO [0m:      
[92mINFO [0m:      Received: evaluate message 4da6f3dd-628b-47ad-b60e-226b2da13e2d
[92mINFO [0m:      Sent reply
[92mINFO [0m:      
[92mINFO [0m:      Received: train message ffae7c95-c219-41a1-b9a8-2a1b5e438450
[92mINFO [0m:      Sent reply
[92mINFO [0m:      
[92mINFO [0m:      Received: evaluate message 6e8e321f-cc1a-4cd5-be21-25ced6013e58
[92mINFO [0m:      Sent reply
[92mINFO [0m:      
[92mINFO [0m:      Received: train message 6281c789-7a14-4443-8734-71566610433e
[92mINFO [0m:      Sent reply
[92mINFO [0m:      
[92mINFO [0m:      Received: evaluate message 53022616-ba08-4331-b180-51898a911a65
[92mINFO [0m:      Sent reply
[92mINFO [0m:      
[92mINFO [0m:      Received: train message d3ebc104-15e3-44e8-b689-806258d07c72
[92mINFO [0m:      Sent reply
[92mINFO [0m:      
[92mINFO [0m:      Received: evaluate message 33c1dce2-fbfb-48d8-b322-caac47855278
[92mINFO [0m:      Sent reply
[92mINFO [0m:      
[92mINFO [0m:      Received: train message f635bae8-6b09-44d2-9e8f-f049ddd14520
[92mINFO [0m:      Sent reply
[92mINFO [0m:      
[92mINFO [0m:      Received: evaluate message 5e053452-e0ce-4068-ba79-8f1e7aaada2d
[92mINFO [0m:      Sent reply
[92mINFO [0m:      
[92mINFO [0m:      Received: train message 82abe0b9-9582-4e34-9fbc-0dae65beae03
[92mINFO [0m:      Sent reply
[92mINFO [0m:      
[92mINFO [0m:      Received: evaluate message d0cafc6f-4b9e-4502-ba34-42fafd04b737
[92mINFO [0m:      Sent reply
[92mINFO [0m:      
[92mINFO [0m:      Received: train message 05ea8ef5-98d8-4808-8a9c-27bd9ef47b9e
[92mINFO [0m:      Sent reply
[92mINFO [0m:      
[92mINFO [0m:      Received: evaluate message 30bcda2d-5535-429a-a35f-fada648fcced
[92mINFO [0m:      Sent reply
[92mINFO [0m:      
[92mINFO [0m:      Received: train message 64e1002e-e4dd-4274-af7b-12fdb8dba75b
[92mINFO [0m:      Sent reply
[92mINFO [0m:      
[92mINFO [0m:      Received: evaluate message bf005360-165d-47aa-9476-77fefbab3e72
[92mINFO [0m:      Sent reply
[92mINFO [0m:      
[92mINFO [0m:      Received: train message 8cdcb022-d9a5-411c-882c-cb3830bd0556
[92mINFO [0m:      Sent reply
[92mINFO [0m:      
[92mINFO [0m:      Received: evaluate message 3fca612a-ad8f-418f-8981-2db6f44e0389
[92mINFO [0m:      Sent reply
[92mINFO [0m:      
[92mINFO [0m:      Received: train message 43622d57-1cdc-42f9-971c-efa3b27ddb21
[92mINFO [0m:      Sent reply
[92mINFO [0m:      
[92mINFO [0m:      Received: evaluate message ca51311d-94ae-4635-9fd4-c413c1edd2ba
[92mINFO [0m:      Sent reply
[92mINFO [0m:      
[92mINFO [0m:      Received: train message b8d798f6-38a5-4286-9666-f5f6fc7aeb5e
[92mINFO [0m:      Sent reply
[92mINFO [0m:      
[92mINFO [0m:      Received: evaluate message 01022685-c417-458a-b357-e5bad3ec9bc4
[92mINFO [0m:      Sent reply
[92mINFO [0m:      
[92mINFO [0m:      Received: reconnect message 261854b7-3d22-42ec-87c6-3028ad546233
[92mINFO [0m:      Disconnect and shut down
[Client 2] Logging metrics to: runs/manual_fedprox_alpha0.5_mu0.01/client_2_metrics.csv
[Data] Train samples=800, class_counts={0: 400, 1: 400}; Test samples=200, class_counts={0: 100, 1: 100}
[Client 2] Model validation passed: out_features=2, num_classes_global=2
[Client 2] Label histogram: {"0": 490, "1": 510}
