[93mWARNING [0m:   DEPRECATED FEATURE: flwr.client.start_numpy_client() is deprecated. 
	Instead, use `flwr.client.start_client()` by ensuring you first call the `.to_client()` method as shown below: 
	flwr.client.start_client(
		server_address='<IP>:<PORT>',
		client=FlowerClient().to_client(), # <-- where FlowerClient is of type flwr.client.NumPyClient object
	)
	Using `start_numpy_client()` is deprecated.

            This is a deprecated feature. It will be removed
            entirely in future versions of Flower.
        
[93mWARNING [0m:   DEPRECATED FEATURE: flwr.client.start_client() is deprecated.
	Instead, use the `flower-supernode` CLI command to start a SuperNode as shown below:

		$ flower-supernode --insecure --superlink='<IP>:<PORT>'

	To view all available options, run:

		$ flower-supernode --help

	Using `start_client()` is deprecated.

            This is a deprecated feature. It will be removed
            entirely in future versions of Flower.
        
[92mINFO [0m:      
[92mINFO [0m:      Received: evaluate message 2c1d06aa-4a73-43fb-aaa9-9b4174a0d2fd
[92mINFO [0m:      Sent reply
[92mINFO [0m:      
[92mINFO [0m:      Received: train message 14324e28-7ba5-4c7b-bdcc-82f2ab35bf9e
[92mINFO [0m:      Sent reply
[92mINFO [0m:      
[92mINFO [0m:      Received: evaluate message c8401e7c-4f7c-4e62-b12b-06985162d7ca
[92mINFO [0m:      Sent reply
[92mINFO [0m:      
[92mINFO [0m:      Received: train message 542781d2-ed6d-4ccf-bb2e-70a18b639e36
[92mINFO [0m:      Sent reply
[92mINFO [0m:      
[92mINFO [0m:      Received: evaluate message 8144c378-4282-400c-8c62-4f2026060698
[92mINFO [0m:      Sent reply
[92mINFO [0m:      
[92mINFO [0m:      Received: train message 0193754f-eea4-420e-8643-cf811abd019d
[92mINFO [0m:      Sent reply
[92mINFO [0m:      
[92mINFO [0m:      Received: evaluate message 972266ef-d034-424e-a27e-ff41daed7ad3
[92mINFO [0m:      Sent reply
[92mINFO [0m:      
[92mINFO [0m:      Received: train message 9faa190f-6e7d-4fe9-bd3f-5035a64681d5
[92mINFO [0m:      Sent reply
[92mINFO [0m:      
[92mINFO [0m:      Received: evaluate message 9ef91fde-6a96-47de-86a6-35ff2a9fc74a
[92mINFO [0m:      Sent reply
[92mINFO [0m:      
[92mINFO [0m:      Received: train message 6188037c-74de-4741-a20d-e35574c1eb06
[92mINFO [0m:      Sent reply
[92mINFO [0m:      
[92mINFO [0m:      Received: evaluate message e89e6cd4-ed07-4400-8100-8839afa61866
[92mINFO [0m:      Sent reply
[92mINFO [0m:      
[92mINFO [0m:      Received: train message 799919eb-a0f7-4970-a1dc-134ed09a2440
[92mINFO [0m:      Sent reply
[92mINFO [0m:      
[92mINFO [0m:      Received: evaluate message c7ca0d08-88df-42a0-afa1-3fe376c301c2
[92mINFO [0m:      Sent reply
[92mINFO [0m:      
[92mINFO [0m:      Received: train message 6c3bc0bb-13dd-4ba7-8197-b6de7c3e87d1
[92mINFO [0m:      Sent reply
[92mINFO [0m:      
[92mINFO [0m:      Received: evaluate message e3862e72-a1f7-444b-972f-c58b2e89d7a9
[92mINFO [0m:      Sent reply
[92mINFO [0m:      
[92mINFO [0m:      Received: train message 02226fe0-7449-4981-a9d6-fce828fd1ee9
[92mINFO [0m:      Sent reply
[92mINFO [0m:      
[92mINFO [0m:      Received: evaluate message 6d0f516c-4365-485c-84a5-158292380bfc
[92mINFO [0m:      Sent reply
[92mINFO [0m:      
[92mINFO [0m:      Received: train message 20e4c6ad-9cf3-4014-b37c-f858d210aa20
[92mINFO [0m:      Sent reply
[92mINFO [0m:      
[92mINFO [0m:      Received: evaluate message 859f2f6c-dc12-47a4-b583-4b78e6d4c28b
[92mINFO [0m:      Sent reply
[92mINFO [0m:      
[92mINFO [0m:      Received: train message 8fefef52-ad8b-4fa7-b05b-52de1025ecfd
[92mINFO [0m:      Sent reply
[92mINFO [0m:      
[92mINFO [0m:      Received: evaluate message 9152a62f-3332-4f48-9d61-93c1f194914c
[92mINFO [0m:      Sent reply
[92mINFO [0m:      
[92mINFO [0m:      Received: train message d3b09429-4849-40a6-b6c9-a5fb3a2de816
[92mINFO [0m:      Sent reply
[92mINFO [0m:      
[92mINFO [0m:      Received: evaluate message 522b08fc-cb53-42df-ba22-e3f56d21c083
[92mINFO [0m:      Sent reply
[92mINFO [0m:      
[92mINFO [0m:      Received: train message 47fdcfcc-85ca-4f63-adf5-9aacf79cf4f6
[92mINFO [0m:      Sent reply
[92mINFO [0m:      
[92mINFO [0m:      Received: evaluate message 965e2631-8c81-46de-bcc5-3d611709f5c9
[92mINFO [0m:      Sent reply
[92mINFO [0m:      
[92mINFO [0m:      Received: train message 3cc2ca72-6ee1-45bd-8534-f42d1f10956a
[92mINFO [0m:      Sent reply
[92mINFO [0m:      
[92mINFO [0m:      Received: evaluate message d2ca527e-f665-4e60-9a6c-6e054af326f5
[92mINFO [0m:      Sent reply
[92mINFO [0m:      
[92mINFO [0m:      Received: train message ca1b0634-c344-42b9-b329-1ad0afeefa21
[92mINFO [0m:      Sent reply
[92mINFO [0m:      
[92mINFO [0m:      Received: evaluate message d25f540c-596a-4324-bb1c-7edb91584bfe
[92mINFO [0m:      Sent reply
[92mINFO [0m:      
[92mINFO [0m:      Received: train message 1dc28e7c-90e5-4a92-82a0-b66ae2a4590d
[92mINFO [0m:      Sent reply
[92mINFO [0m:      
[92mINFO [0m:      Received: evaluate message 26389f9e-e1dd-4856-98d0-122b458e2c6b
[92mINFO [0m:      Sent reply
[92mINFO [0m:      
[92mINFO [0m:      Received: train message a07ebebe-759b-46e9-90e5-38b48d33f14a
[92mINFO [0m:      Sent reply
[92mINFO [0m:      
[92mINFO [0m:      Received: evaluate message f954f41b-f530-460e-8468-e6966b3f3db0
[92mINFO [0m:      Sent reply
[92mINFO [0m:      
[92mINFO [0m:      Received: train message a463c974-d922-439e-9272-fefd2716a717
[92mINFO [0m:      Sent reply
[92mINFO [0m:      
[92mINFO [0m:      Received: evaluate message d4c211e9-de3c-4479-b4f2-383a2dceca7b
[92mINFO [0m:      Sent reply
[92mINFO [0m:      
[92mINFO [0m:      Received: train message e6bde162-eb63-4d4a-b9dc-1c7bf694f94f
[92mINFO [0m:      Sent reply
[92mINFO [0m:      
[92mINFO [0m:      Received: evaluate message 650db48d-d3ff-4e60-9c41-f275f0a61f41
[92mINFO [0m:      Sent reply
[92mINFO [0m:      
[92mINFO [0m:      Received: train message 0cb45f58-1df4-49e0-8eb6-84e5eb542e5d
[92mINFO [0m:      Sent reply
[92mINFO [0m:      
[92mINFO [0m:      Received: evaluate message 3ca6f77a-1afb-4db9-8c0e-4a2af6ff09f1
[92mINFO [0m:      Sent reply
[92mINFO [0m:      
[92mINFO [0m:      Received: reconnect message d46dbca1-dc6b-42d1-b263-bf4ceca04840
[92mINFO [0m:      Disconnect and shut down
[Client 6] Logging metrics to: runs/manual_fedprox_alpha0.5_mu0.0/client_6_metrics.csv
[Data] Train samples=800, class_counts={0: 400, 1: 400}; Test samples=200, class_counts={0: 100, 1: 100}
[Client 6] Model validation passed: out_features=2, num_classes_global=2
[Client 6] Label histogram: {"0": 490, "1": 510}
