[93mWARNING [0m:   DEPRECATED FEATURE: flwr.client.start_numpy_client() is deprecated. 
	Instead, use `flwr.client.start_client()` by ensuring you first call the `.to_client()` method as shown below: 
	flwr.client.start_client(
		server_address='<IP>:<PORT>',
		client=FlowerClient().to_client(), # <-- where FlowerClient is of type flwr.client.NumPyClient object
	)
	Using `start_numpy_client()` is deprecated.

            This is a deprecated feature. It will be removed
            entirely in future versions of Flower.
        
[93mWARNING [0m:   DEPRECATED FEATURE: flwr.client.start_client() is deprecated.
	Instead, use the `flower-supernode` CLI command to start a SuperNode as shown below:

		$ flower-supernode --insecure --superlink='<IP>:<PORT>'

	To view all available options, run:

		$ flower-supernode --help

	Using `start_client()` is deprecated.

            This is a deprecated feature. It will be removed
            entirely in future versions of Flower.
        
[92mINFO [0m:      
[92mINFO [0m:      Received: evaluate message a8401279-7cef-4789-8a53-dee83484b81b
[92mINFO [0m:      Sent reply
[92mINFO [0m:      
[92mINFO [0m:      Received: train message 857e6c98-01e9-4ceb-9670-20b3e22d03d6
[92mINFO [0m:      Sent reply
[92mINFO [0m:      
[92mINFO [0m:      Received: evaluate message b8f548ca-2f75-4622-aeb5-f391cf91f297
[92mINFO [0m:      Sent reply
[92mINFO [0m:      
[92mINFO [0m:      Received: train message 62529943-b60e-4ba6-959b-871a20cb0959
[92mINFO [0m:      Sent reply
[92mINFO [0m:      
[92mINFO [0m:      Received: evaluate message 9a4a0e06-aa56-4060-b40a-0f9d4809fe7c
[92mINFO [0m:      Sent reply
[92mINFO [0m:      
[92mINFO [0m:      Received: train message d1f654bc-3c42-45ec-8cc7-7a0dc9f13fdb
[92mINFO [0m:      Sent reply
[92mINFO [0m:      
[92mINFO [0m:      Received: evaluate message 59fd706d-1c66-4472-90ad-198e18039c02
[92mINFO [0m:      Sent reply
[92mINFO [0m:      
[92mINFO [0m:      Received: train message 923dbe99-21b2-48ca-bfca-b8ae1a32ca78
[92mINFO [0m:      Sent reply
[92mINFO [0m:      
[92mINFO [0m:      Received: evaluate message f065c90a-ae34-4948-adfa-bb234e0fe56b
[92mINFO [0m:      Sent reply
[92mINFO [0m:      
[92mINFO [0m:      Received: train message 30fd0fc8-5f05-48ba-9593-10ba0c60c158
[92mINFO [0m:      Sent reply
[92mINFO [0m:      
[92mINFO [0m:      Received: evaluate message aa8e7314-4b3c-443e-9d1d-8ef7145a7939
[92mINFO [0m:      Sent reply
[92mINFO [0m:      
[92mINFO [0m:      Received: train message 3c2b1274-2289-45e6-a78b-c023276eada0
[92mINFO [0m:      Sent reply
[92mINFO [0m:      
[92mINFO [0m:      Received: evaluate message 21e5cb13-4d57-421b-827d-0008fe3961bb
[92mINFO [0m:      Sent reply
[92mINFO [0m:      
[92mINFO [0m:      Received: train message 1aa30ca2-328b-4933-abcd-9855c20dd59f
[92mINFO [0m:      Sent reply
[92mINFO [0m:      
[92mINFO [0m:      Received: evaluate message 55f66e74-e57c-44a0-9b0d-c409bd50f938
[92mINFO [0m:      Sent reply
[92mINFO [0m:      
[92mINFO [0m:      Received: train message 075ea19c-0984-4641-bd3f-5dd86915148e
[92mINFO [0m:      Sent reply
[92mINFO [0m:      
[92mINFO [0m:      Received: evaluate message 5a1c860f-fa28-41f9-a240-9bf51ea8d880
[92mINFO [0m:      Sent reply
[92mINFO [0m:      
[92mINFO [0m:      Received: train message 6ca925a2-b373-44f1-a03b-7051e5b7f7c3
[92mINFO [0m:      Sent reply
[92mINFO [0m:      
[92mINFO [0m:      Received: evaluate message 0d77dab0-0b9b-4216-be03-98da9727d241
[92mINFO [0m:      Sent reply
[92mINFO [0m:      
[92mINFO [0m:      Received: train message 64942ddc-26d5-48d9-83fb-9fd686c813f1
[92mINFO [0m:      Sent reply
[92mINFO [0m:      
[92mINFO [0m:      Received: evaluate message 9a13a552-7fad-4225-904a-9996197fab9e
[92mINFO [0m:      Sent reply
[92mINFO [0m:      
[92mINFO [0m:      Received: train message 9ae3f796-2d49-4ee4-876f-d8868a022eab
[92mINFO [0m:      Sent reply
[92mINFO [0m:      
[92mINFO [0m:      Received: evaluate message 96feb1e3-7c85-4dec-8abd-e2017cf8fdb7
[92mINFO [0m:      Sent reply
[92mINFO [0m:      
[92mINFO [0m:      Received: train message d540039a-d99a-4fd6-951a-7f54d785f42e
[92mINFO [0m:      Sent reply
[92mINFO [0m:      
[92mINFO [0m:      Received: evaluate message 14aa9d23-1e37-4524-a55f-7d7bd5dcb56a
[92mINFO [0m:      Sent reply
[92mINFO [0m:      
[92mINFO [0m:      Received: train message 87a031b7-ac4d-4bf9-9772-a4807813996f
[92mINFO [0m:      Sent reply
[92mINFO [0m:      
[92mINFO [0m:      Received: evaluate message 75fbb7e1-8e95-4a16-862b-e067597f432a
[92mINFO [0m:      Sent reply
[92mINFO [0m:      
[92mINFO [0m:      Received: train message 870cd3c4-d5f4-42e7-851e-994668b4b256
[92mINFO [0m:      Sent reply
[92mINFO [0m:      
[92mINFO [0m:      Received: evaluate message eff15b77-aa7f-4844-83bf-ce5129f3a55e
[92mINFO [0m:      Sent reply
[92mINFO [0m:      
[92mINFO [0m:      Received: train message 0836b4b8-4bf7-48dc-9593-a0bff72ed234
[92mINFO [0m:      Sent reply
[92mINFO [0m:      
[92mINFO [0m:      Received: evaluate message fee2c03a-6cc8-4f7c-b549-a5c8e2b93757
[92mINFO [0m:      Sent reply
[92mINFO [0m:      
[92mINFO [0m:      Received: train message 8d480812-ddd5-46a5-8176-ef61563d4e7f
[92mINFO [0m:      Sent reply
[92mINFO [0m:      
[92mINFO [0m:      Received: evaluate message 7b700897-611f-4351-abc3-281b8eebd3ac
[92mINFO [0m:      Sent reply
[92mINFO [0m:      
[92mINFO [0m:      Received: train message a4d772bf-2b55-4eae-ad88-83ab65c1a67d
[92mINFO [0m:      Sent reply
[92mINFO [0m:      
[92mINFO [0m:      Received: evaluate message 208c789e-7f7d-49f2-81d2-aa0fc296a2d1
[92mINFO [0m:      Sent reply
[92mINFO [0m:      
[92mINFO [0m:      Received: train message c1c841c0-0862-4aad-9fb4-fb2cf55b7d77
[92mINFO [0m:      Sent reply
[92mINFO [0m:      
[92mINFO [0m:      Received: evaluate message 7027fe8d-0287-4622-acf8-d6c265c0132b
[92mINFO [0m:      Sent reply
[92mINFO [0m:      
[92mINFO [0m:      Received: train message 31979cc6-ee9f-4426-b1b8-c3907a041398
[92mINFO [0m:      Sent reply
[92mINFO [0m:      
[92mINFO [0m:      Received: evaluate message 257f1ca9-c745-45eb-9984-d90a19a91e92
[92mINFO [0m:      Sent reply
[92mINFO [0m:      
[92mINFO [0m:      Received: reconnect message 88ac276d-1705-4ec1-a7f8-171286893c39
[92mINFO [0m:      Disconnect and shut down
[Client 1] Logging metrics to: runs/manual_fedprox_alpha0.5_mu0.0/client_1_metrics.csv
[Data] Train samples=800, class_counts={0: 400, 1: 400}; Test samples=200, class_counts={0: 100, 1: 100}
[Client 1] Model validation passed: out_features=2, num_classes_global=2
[Client 1] Label histogram: {"0": 490, "1": 510}
