[93mWARNING [0m:   DEPRECATED FEATURE: flwr.client.start_numpy_client() is deprecated. 
	Instead, use `flwr.client.start_client()` by ensuring you first call the `.to_client()` method as shown below: 
	flwr.client.start_client(
		server_address='<IP>:<PORT>',
		client=FlowerClient().to_client(), # <-- where FlowerClient is of type flwr.client.NumPyClient object
	)
	Using `start_numpy_client()` is deprecated.

            This is a deprecated feature. It will be removed
            entirely in future versions of Flower.
        
[93mWARNING [0m:   DEPRECATED FEATURE: flwr.client.start_client() is deprecated.
	Instead, use the `flower-supernode` CLI command to start a SuperNode as shown below:

		$ flower-supernode --insecure --superlink='<IP>:<PORT>'

	To view all available options, run:

		$ flower-supernode --help

	Using `start_client()` is deprecated.

            This is a deprecated feature. It will be removed
            entirely in future versions of Flower.
        
[92mINFO [0m:      
[92mINFO [0m:      Received: evaluate message a89a6932-0209-4eef-bbf3-15f7d44397b0
[92mINFO [0m:      Sent reply
[92mINFO [0m:      
[92mINFO [0m:      Received: train message 568000b1-10c1-495d-9ed9-118fee71e1cd
[92mINFO [0m:      Sent reply
[92mINFO [0m:      
[92mINFO [0m:      Received: evaluate message 0a446007-c6f6-4bef-b624-b4064982c7b3
[92mINFO [0m:      Sent reply
[92mINFO [0m:      
[92mINFO [0m:      Received: train message f1ade871-d399-4440-b726-17f5707803ce
[92mINFO [0m:      Sent reply
[92mINFO [0m:      
[92mINFO [0m:      Received: evaluate message 18b94b6c-0627-4da7-8500-eab25bf4f839
[92mINFO [0m:      Sent reply
[92mINFO [0m:      
[92mINFO [0m:      Received: train message aa84dbb4-b993-4c73-abb8-9220fd7842a2
[92mINFO [0m:      Sent reply
[92mINFO [0m:      
[92mINFO [0m:      Received: evaluate message eace196a-9097-4367-9be8-934abce1312f
[92mINFO [0m:      Sent reply
[92mINFO [0m:      
[92mINFO [0m:      Received: train message 19e7ad2b-273a-4e0b-bc02-efb24fb47376
[92mINFO [0m:      Sent reply
[92mINFO [0m:      
[92mINFO [0m:      Received: evaluate message 46cd0eda-e53a-48be-b026-939e47bd259e
[92mINFO [0m:      Sent reply
[92mINFO [0m:      
[92mINFO [0m:      Received: train message f4c57cdb-cd45-4f1f-99ff-2c46eae1fbad
[92mINFO [0m:      Sent reply
[92mINFO [0m:      
[92mINFO [0m:      Received: evaluate message 34c6d141-92bf-4f1c-9441-c501a944c7bf
[92mINFO [0m:      Sent reply
[92mINFO [0m:      
[92mINFO [0m:      Received: train message 6d2ff974-f604-489b-8e4f-f3519139661c
[92mINFO [0m:      Sent reply
[92mINFO [0m:      
[92mINFO [0m:      Received: evaluate message 55e9f7b4-02e5-46aa-8552-a45d42919203
[92mINFO [0m:      Sent reply
[92mINFO [0m:      
[92mINFO [0m:      Received: train message 96374d05-eb0b-4101-b9e5-3946dc8bf3ec
[92mINFO [0m:      Sent reply
[92mINFO [0m:      
[92mINFO [0m:      Received: evaluate message 97200c49-d081-4f38-a9a3-1a03c87eb030
[92mINFO [0m:      Sent reply
[92mINFO [0m:      
[92mINFO [0m:      Received: train message 54ab8fc2-ee1c-48f4-80ce-56ace06ddeb2
[92mINFO [0m:      Sent reply
[92mINFO [0m:      
[92mINFO [0m:      Received: evaluate message eb77c6cb-710f-42ed-867a-4569c1b27fd5
[92mINFO [0m:      Sent reply
[92mINFO [0m:      
[92mINFO [0m:      Received: train message ee3c1079-f8e7-471d-8dfe-12fd35fbfa43
[92mINFO [0m:      Sent reply
[92mINFO [0m:      
[92mINFO [0m:      Received: evaluate message 80265622-77fa-427c-a09c-a2ed348672cd
[92mINFO [0m:      Sent reply
[92mINFO [0m:      
[92mINFO [0m:      Received: train message 1656fbc0-80b3-4b22-950c-7e7c075b5bcf
[92mINFO [0m:      Sent reply
[92mINFO [0m:      
[92mINFO [0m:      Received: evaluate message 759761c4-6c4c-4503-999d-809a869a68c4
[92mINFO [0m:      Sent reply
[92mINFO [0m:      
[92mINFO [0m:      Received: train message 462c19a7-dce3-4a35-b8bc-6f59461bafac
[92mINFO [0m:      Sent reply
[92mINFO [0m:      
[92mINFO [0m:      Received: evaluate message 3bc54771-f690-4716-8ae7-eec757b041c8
[92mINFO [0m:      Sent reply
[92mINFO [0m:      
[92mINFO [0m:      Received: train message d5b9f685-9c75-4ad5-b4e5-a025347e7804
[92mINFO [0m:      Sent reply
[92mINFO [0m:      
[92mINFO [0m:      Received: evaluate message 4071de25-f02a-4f56-ab0a-5b84075ae88c
[92mINFO [0m:      Sent reply
[92mINFO [0m:      
[92mINFO [0m:      Received: train message bf1d480f-3e92-47ef-8c3f-c3bbbf5d4eeb
[92mINFO [0m:      Sent reply
[92mINFO [0m:      
[92mINFO [0m:      Received: evaluate message 2099c3d2-1cf7-4606-aaca-bcdaf233bead
[92mINFO [0m:      Sent reply
[92mINFO [0m:      
[92mINFO [0m:      Received: train message cf1877c5-34cf-458d-9f9a-77ced236df9d
[92mINFO [0m:      Sent reply
[92mINFO [0m:      
[92mINFO [0m:      Received: evaluate message bf0e774d-3c0c-43d8-93d6-4c25be7dc758
[92mINFO [0m:      Sent reply
[92mINFO [0m:      
[92mINFO [0m:      Received: train message 8514388e-17c7-4708-af4d-65ecbb831cc1
[92mINFO [0m:      Sent reply
[92mINFO [0m:      
[92mINFO [0m:      Received: evaluate message 73222f19-fd47-43aa-84f1-9e9b0b113de1
[92mINFO [0m:      Sent reply
[92mINFO [0m:      
[92mINFO [0m:      Received: train message 7c89b4fd-7255-438c-bd47-9bf26a95fbc6
[92mINFO [0m:      Sent reply
[92mINFO [0m:      
[92mINFO [0m:      Received: evaluate message c7342ecf-cf7d-48e5-afdc-6cacffd42f2d
[92mINFO [0m:      Sent reply
[92mINFO [0m:      
[92mINFO [0m:      Received: train message 0371320f-6ce8-4d84-9c3f-1ef8e5954293
[92mINFO [0m:      Sent reply
[92mINFO [0m:      
[92mINFO [0m:      Received: evaluate message f576c00e-d079-4b6a-ae6b-1c2a20ac0a24
[92mINFO [0m:      Sent reply
[92mINFO [0m:      
[92mINFO [0m:      Received: train message d5cab53a-f59b-44e9-bf4f-2af135ce8647
[92mINFO [0m:      Sent reply
[92mINFO [0m:      
[92mINFO [0m:      Received: evaluate message 81367187-7f5e-4072-977f-812b922b4291
[92mINFO [0m:      Sent reply
[92mINFO [0m:      
[92mINFO [0m:      Received: train message 9ee820bb-63e2-4e3a-b4d2-b75d972b643a
[92mINFO [0m:      Sent reply
[92mINFO [0m:      
[92mINFO [0m:      Received: evaluate message b430153c-c466-4e7f-bc81-05539450be5a
[92mINFO [0m:      Sent reply
[92mINFO [0m:      
[92mINFO [0m:      Received: reconnect message 4ccf415e-39dc-4ab8-870a-3c09d7f70f09
[92mINFO [0m:      Disconnect and shut down
[Client 9] Logging metrics to: runs/manual_fedprox_alpha0.05_mu0.01/client_9_metrics.csv
[Data] Train samples=800, class_counts={0: 400, 1: 400}; Test samples=200, class_counts={0: 100, 1: 100}
[Client 9] Model validation passed: out_features=2, num_classes_global=2
[Client 9] Label histogram: {"0": 490, "1": 510}
