[93mWARNING [0m:   DEPRECATED FEATURE: flwr.client.start_numpy_client() is deprecated. 
	Instead, use `flwr.client.start_client()` by ensuring you first call the `.to_client()` method as shown below: 
	flwr.client.start_client(
		server_address='<IP>:<PORT>',
		client=FlowerClient().to_client(), # <-- where FlowerClient is of type flwr.client.NumPyClient object
	)
	Using `start_numpy_client()` is deprecated.

            This is a deprecated feature. It will be removed
            entirely in future versions of Flower.
        
[93mWARNING [0m:   DEPRECATED FEATURE: flwr.client.start_client() is deprecated.
	Instead, use the `flower-supernode` CLI command to start a SuperNode as shown below:

		$ flower-supernode --insecure --superlink='<IP>:<PORT>'

	To view all available options, run:

		$ flower-supernode --help

	Using `start_client()` is deprecated.

            This is a deprecated feature. It will be removed
            entirely in future versions of Flower.
        
[92mINFO [0m:      
[92mINFO [0m:      Received: get_parameters message f2080b8b-6062-48a6-aec6-1b89bcc50a3d
[92mINFO [0m:      Sent reply
[92mINFO [0m:      
[92mINFO [0m:      Received: train message a3d27287-2722-4547-aaa9-40a63dd3803f
[92mINFO [0m:      Sent reply
[92mINFO [0m:      
[92mINFO [0m:      Received: evaluate message 8a8fdf18-99fa-4baa-83a7-4dcd02863ba0
[92mINFO [0m:      Sent reply
[92mINFO [0m:      
[92mINFO [0m:      Received: train message 037e9134-698c-45b0-b17d-999d1143ebda
[92mINFO [0m:      Sent reply
[92mINFO [0m:      
[92mINFO [0m:      Received: evaluate message 4d9a6d49-def1-4979-9eea-c97e0621b8bf
[92mINFO [0m:      Sent reply
[92mINFO [0m:      
[92mINFO [0m:      Received: train message 6ec1c052-4ea1-44bc-a36c-e7619c588087
[92mINFO [0m:      Sent reply
[92mINFO [0m:      
[92mINFO [0m:      Received: evaluate message 01b01dfe-3b62-4fa4-b22a-b5efb4eebe6d
[92mINFO [0m:      Sent reply
[92mINFO [0m:      
[92mINFO [0m:      Received: train message c3577408-03e6-4f38-9f1b-6121bfbff352
[92mINFO [0m:      Sent reply
[92mINFO [0m:      
[92mINFO [0m:      Received: evaluate message d8242d79-17fd-48b7-8f40-34e74c093a3b
[92mINFO [0m:      Sent reply
[92mINFO [0m:      
[92mINFO [0m:      Received: train message 4bb8067c-739f-4255-bf0a-79dfe36dd1b1
[92mINFO [0m:      Sent reply
[92mINFO [0m:      
[92mINFO [0m:      Received: evaluate message ef7287b1-acb1-46c5-b6e9-e83ca6d9d76b
[92mINFO [0m:      Sent reply
[92mINFO [0m:      
[92mINFO [0m:      Received: train message 3c6a11d0-15d8-42f4-94f2-38315bb14aef
[92mINFO [0m:      Sent reply
[92mINFO [0m:      
[92mINFO [0m:      Received: evaluate message a54db403-ba16-420d-9627-a828e55fd969
[92mINFO [0m:      Sent reply
[92mINFO [0m:      
[92mINFO [0m:      Received: train message bb74ffc7-22ca-44dd-bc12-06c6c6e9f26f
[92mINFO [0m:      Sent reply
[92mINFO [0m:      
[92mINFO [0m:      Received: evaluate message 6c71bf17-c682-4bd7-8148-83bbc48dafb3
[92mINFO [0m:      Sent reply
[92mINFO [0m:      
[92mINFO [0m:      Received: train message 3f36a941-12e0-4b16-a05b-0ea1d49b29cf
[92mINFO [0m:      Sent reply
[92mINFO [0m:      
[92mINFO [0m:      Received: evaluate message b759af95-b8ae-4971-8154-c6cc33a05027
[92mINFO [0m:      Sent reply
[92mINFO [0m:      
[92mINFO [0m:      Received: train message 8b7f007c-80a2-4206-974a-187eccb94bcf
[92mINFO [0m:      Sent reply
[92mINFO [0m:      
[92mINFO [0m:      Received: evaluate message 8f9db00c-2b9c-4b38-bc1c-908fd654bb1a
[92mINFO [0m:      Sent reply
[92mINFO [0m:      
[92mINFO [0m:      Received: train message 4b08f150-41fb-405a-a532-2bca0afbcfca
[92mINFO [0m:      Sent reply
[92mINFO [0m:      
[92mINFO [0m:      Received: evaluate message 05ec729b-ee1b-47a0-89d8-6b1f4e9383ad
[92mINFO [0m:      Sent reply
[92mINFO [0m:      
[92mINFO [0m:      Received: train message 5cc186a3-e658-4f22-b683-f1b2a3a992a4
[92mINFO [0m:      Sent reply
[92mINFO [0m:      
[92mINFO [0m:      Received: evaluate message 8f852ac9-34e8-4cd7-9028-aafa179e7999
[92mINFO [0m:      Sent reply
[92mINFO [0m:      
[92mINFO [0m:      Received: train message 45c56c89-5188-4428-9914-09bdfd70ebef
[92mINFO [0m:      Sent reply
[92mINFO [0m:      
[92mINFO [0m:      Received: evaluate message 85cee327-8518-4a6e-a376-a89f7da73b0c
[92mINFO [0m:      Sent reply
[92mINFO [0m:      
[92mINFO [0m:      Received: train message 728e8e17-03fd-404e-8158-4b10c6b8471b
[92mINFO [0m:      Sent reply
[92mINFO [0m:      
[92mINFO [0m:      Received: evaluate message 228abb51-9d38-4525-b3cd-f0bfeb7742cd
[92mINFO [0m:      Sent reply
[92mINFO [0m:      
[92mINFO [0m:      Received: train message 5d804718-fe91-4acf-bc37-5594de62d7e3
[92mINFO [0m:      Sent reply
[92mINFO [0m:      
[92mINFO [0m:      Received: evaluate message ea81a33f-d73f-4ef0-b373-2f65bc7997db
[92mINFO [0m:      Sent reply
[92mINFO [0m:      
[92mINFO [0m:      Received: train message 63186aa7-1799-46be-b77a-bb29289129ed
[92mINFO [0m:      Sent reply
[92mINFO [0m:      
[92mINFO [0m:      Received: evaluate message fb215cb9-d463-4780-8f01-2e4b39b54249
[92mINFO [0m:      Sent reply
[92mINFO [0m:      
[92mINFO [0m:      Received: train message 3de6ebf7-4353-4ac3-b8a2-3d3ac4e3332e
[92mINFO [0m:      Sent reply
[92mINFO [0m:      
[92mINFO [0m:      Received: evaluate message e3d7c893-0039-43e8-97f8-16fc35eae97a
[92mINFO [0m:      Sent reply
[92mINFO [0m:      
[92mINFO [0m:      Received: train message 1cdf4a4e-feba-45f8-96f2-a4f5c1f100c0
[92mINFO [0m:      Sent reply
[92mINFO [0m:      
[92mINFO [0m:      Received: evaluate message 9e3695c8-6e08-42d3-917d-fed9df4e144b
[92mINFO [0m:      Sent reply
[92mINFO [0m:      
[92mINFO [0m:      Received: train message ce1a9394-438e-4882-ab61-9515e5fc8ece
[92mINFO [0m:      Sent reply
[92mINFO [0m:      
[92mINFO [0m:      Received: evaluate message c224cf95-cd95-4a33-aa66-c3679e1b6e61
[92mINFO [0m:      Sent reply
[92mINFO [0m:      
[92mINFO [0m:      Received: train message 7906af83-7f34-45cc-97fa-fa0dc83aa533
[92mINFO [0m:      Sent reply
[92mINFO [0m:      
[92mINFO [0m:      Received: evaluate message f4142663-3b00-4e1d-8243-b872488ed080
[92mINFO [0m:      Sent reply
[92mINFO [0m:      
[92mINFO [0m:      Received: train message 8166a2a3-1f91-4d00-b1c2-41a276acfe81
[92mINFO [0m:      Sent reply
[92mINFO [0m:      
[92mINFO [0m:      Received: evaluate message 34d15023-cf2a-4abc-b579-1c46f9c074d6
[92mINFO [0m:      Sent reply
[92mINFO [0m:      
[92mINFO [0m:      Received: reconnect message ad6e095e-3280-4b38-85e3-d9d03e05c638
[92mINFO [0m:      Disconnect and shut down
[Client 8] Logging metrics to: runs/manual_fedprox_alpha0.05_mu0.01/client_8_metrics.csv
[Data] Train samples=800, class_counts={0: 400, 1: 400}; Test samples=200, class_counts={0: 100, 1: 100}
[Client 8] Model validation passed: out_features=2, num_classes_global=2
[Client 8] Label histogram: {"0": 490, "1": 510}
