[93mWARNING [0m:   DEPRECATED FEATURE: flwr.client.start_numpy_client() is deprecated. 
	Instead, use `flwr.client.start_client()` by ensuring you first call the `.to_client()` method as shown below: 
	flwr.client.start_client(
		server_address='<IP>:<PORT>',
		client=FlowerClient().to_client(), # <-- where FlowerClient is of type flwr.client.NumPyClient object
	)
	Using `start_numpy_client()` is deprecated.

            This is a deprecated feature. It will be removed
            entirely in future versions of Flower.
        
[93mWARNING [0m:   DEPRECATED FEATURE: flwr.client.start_client() is deprecated.
	Instead, use the `flower-supernode` CLI command to start a SuperNode as shown below:

		$ flower-supernode --insecure --superlink='<IP>:<PORT>'

	To view all available options, run:

		$ flower-supernode --help

	Using `start_client()` is deprecated.

            This is a deprecated feature. It will be removed
            entirely in future versions of Flower.
        
[92mINFO [0m:      
[92mINFO [0m:      Received: evaluate message 0469d1d8-054c-4d8c-a3cc-0006c5eda81b
[92mINFO [0m:      Sent reply
[92mINFO [0m:      
[92mINFO [0m:      Received: train message 692ce0b4-6a58-46a1-b2d8-525e96d061d6
[92mINFO [0m:      Sent reply
[92mINFO [0m:      
[92mINFO [0m:      Received: evaluate message 897e078e-54a3-4029-bfc7-9ab64417f256
[92mINFO [0m:      Sent reply
[92mINFO [0m:      
[92mINFO [0m:      Received: train message f97ada6b-b246-416a-8c63-4f06ceb23e95
[92mINFO [0m:      Sent reply
[92mINFO [0m:      
[92mINFO [0m:      Received: evaluate message e11a4704-96f1-4a7e-a538-2bde2a08a146
[92mINFO [0m:      Sent reply
[92mINFO [0m:      
[92mINFO [0m:      Received: train message cd8b7340-62d0-4046-8470-663435daf99a
[92mINFO [0m:      Sent reply
[92mINFO [0m:      
[92mINFO [0m:      Received: evaluate message 0c1dac0c-cbd4-4c73-b490-56263d2436af
[92mINFO [0m:      Sent reply
[92mINFO [0m:      
[92mINFO [0m:      Received: train message fad6b42b-2723-4ab1-9a94-3c498af59e47
[92mINFO [0m:      Sent reply
[92mINFO [0m:      
[92mINFO [0m:      Received: evaluate message 600e1bd5-ea8a-42e0-a116-ab7d6fc585eb
[92mINFO [0m:      Sent reply
[92mINFO [0m:      
[92mINFO [0m:      Received: train message 1c8351ff-20b4-480d-b189-3e193f67a874
[92mINFO [0m:      Sent reply
[92mINFO [0m:      
[92mINFO [0m:      Received: evaluate message f0cbbc7c-e643-4158-933f-33223f351176
[92mINFO [0m:      Sent reply
[92mINFO [0m:      
[92mINFO [0m:      Received: train message f6fe75e1-3629-45ec-9ee7-7a815cf0d01b
[92mINFO [0m:      Sent reply
[92mINFO [0m:      
[92mINFO [0m:      Received: evaluate message 47f957c3-c5c0-4415-84d9-d4655f621bd0
[92mINFO [0m:      Sent reply
[92mINFO [0m:      
[92mINFO [0m:      Received: train message 04b97011-2bc1-410a-868d-d94996ad7c53
[92mINFO [0m:      Sent reply
[92mINFO [0m:      
[92mINFO [0m:      Received: evaluate message cf20da94-b875-48f6-bbff-b14348047785
[92mINFO [0m:      Sent reply
[92mINFO [0m:      
[92mINFO [0m:      Received: train message cc5533fc-1730-49e2-b6c0-d1ca8854aec0
[92mINFO [0m:      Sent reply
[92mINFO [0m:      
[92mINFO [0m:      Received: evaluate message dd01dccf-ccfa-40de-9a01-29e44bca943b
[92mINFO [0m:      Sent reply
[92mINFO [0m:      
[92mINFO [0m:      Received: train message 8a6682d1-4459-4d12-a87a-957a5230f37b
[92mINFO [0m:      Sent reply
[92mINFO [0m:      
[92mINFO [0m:      Received: evaluate message a538cc04-6725-49b3-9e0e-ad2176ec3f0c
[92mINFO [0m:      Sent reply
[92mINFO [0m:      
[92mINFO [0m:      Received: train message 1489a943-06b9-4a2d-a54d-c685cc608655
[92mINFO [0m:      Sent reply
[92mINFO [0m:      
[92mINFO [0m:      Received: evaluate message 06fac72b-7092-4081-b718-2791ae484ca2
[92mINFO [0m:      Sent reply
[92mINFO [0m:      
[92mINFO [0m:      Received: train message 1e2001d5-bb20-4866-8f0b-e316a0e4c14e
[92mINFO [0m:      Sent reply
[92mINFO [0m:      
[92mINFO [0m:      Received: evaluate message ea735df4-88c7-4fc8-ae68-d1319be22e7f
[92mINFO [0m:      Sent reply
[92mINFO [0m:      
[92mINFO [0m:      Received: train message b4c1ec79-0c0b-4987-b943-4c5ba8994f1a
[92mINFO [0m:      Sent reply
[92mINFO [0m:      
[92mINFO [0m:      Received: evaluate message 34a6749b-9581-4398-9301-b50d102a0b37
[92mINFO [0m:      Sent reply
[92mINFO [0m:      
[92mINFO [0m:      Received: train message b92342cf-cfa1-4fc2-95df-084c36d1a0bc
[92mINFO [0m:      Sent reply
[92mINFO [0m:      
[92mINFO [0m:      Received: evaluate message 056dd335-cbe4-41cb-b005-1611954a390b
[92mINFO [0m:      Sent reply
[92mINFO [0m:      
[92mINFO [0m:      Received: train message 8bab2140-a6d0-4f9a-b900-0be108ec0cfa
[92mINFO [0m:      Sent reply
[92mINFO [0m:      
[92mINFO [0m:      Received: evaluate message 992acc9c-0e52-44ea-a216-4b17c24b2abf
[92mINFO [0m:      Sent reply
[92mINFO [0m:      
[92mINFO [0m:      Received: train message b7b402c6-5143-42a5-bfdc-87862f1eda48
[92mINFO [0m:      Sent reply
[92mINFO [0m:      
[92mINFO [0m:      Received: evaluate message 3f8eca07-3b89-42d2-a2f7-a62e4ec0bc87
[92mINFO [0m:      Sent reply
[92mINFO [0m:      
[92mINFO [0m:      Received: train message 27ea41da-a5ca-4e06-a77c-9e83a2cab0a1
[92mINFO [0m:      Sent reply
[92mINFO [0m:      
[92mINFO [0m:      Received: evaluate message b9c2f99c-1bff-4b9a-939d-73e1a67d5815
[92mINFO [0m:      Sent reply
[92mINFO [0m:      
[92mINFO [0m:      Received: train message f32d0dc9-ac62-48b1-af6d-a21f3f8a9a03
[92mINFO [0m:      Sent reply
[92mINFO [0m:      
[92mINFO [0m:      Received: evaluate message c3f31cd2-9d6c-4adb-ae7f-d3e33d0ed562
[92mINFO [0m:      Sent reply
[92mINFO [0m:      
[92mINFO [0m:      Received: train message 43412547-091c-41e3-ba33-ef1c5dc79d0e
[92mINFO [0m:      Sent reply
[92mINFO [0m:      
[92mINFO [0m:      Received: evaluate message 35ae7477-3ed5-4d90-8282-5f93249ced5a
[92mINFO [0m:      Sent reply
[92mINFO [0m:      
[92mINFO [0m:      Received: train message 7216527b-cc0a-4df6-92fc-0dae61b597b1
[92mINFO [0m:      Sent reply
[92mINFO [0m:      
[92mINFO [0m:      Received: evaluate message 79a5eb2a-7f91-4f28-a5ed-badde46b39e3
[92mINFO [0m:      Sent reply
[92mINFO [0m:      
[92mINFO [0m:      Received: reconnect message b2cc1c4d-d1fb-457e-9b5b-1b9fc2ef64c3
[92mINFO [0m:      Disconnect and shut down
[Client 2] Logging metrics to: runs/manual_fedprox_alpha0.05_mu0.01/client_2_metrics.csv
[Data] Train samples=800, class_counts={0: 400, 1: 400}; Test samples=200, class_counts={0: 100, 1: 100}
[Client 2] Model validation passed: out_features=2, num_classes_global=2
[Client 2] Label histogram: {"0": 490, "1": 510}
