[93mWARNING [0m:   DEPRECATED FEATURE: flwr.client.start_numpy_client() is deprecated. 
	Instead, use `flwr.client.start_client()` by ensuring you first call the `.to_client()` method as shown below: 
	flwr.client.start_client(
		server_address='<IP>:<PORT>',
		client=FlowerClient().to_client(), # <-- where FlowerClient is of type flwr.client.NumPyClient object
	)
	Using `start_numpy_client()` is deprecated.

            This is a deprecated feature. It will be removed
            entirely in future versions of Flower.
        
[93mWARNING [0m:   DEPRECATED FEATURE: flwr.client.start_client() is deprecated.
	Instead, use the `flower-supernode` CLI command to start a SuperNode as shown below:

		$ flower-supernode --insecure --superlink='<IP>:<PORT>'

	To view all available options, run:

		$ flower-supernode --help

	Using `start_client()` is deprecated.

            This is a deprecated feature. It will be removed
            entirely in future versions of Flower.
        
[92mINFO [0m:      
[92mINFO [0m:      Received: evaluate message edcb55eb-aace-485b-976e-9ad9cbf9f790
[92mINFO [0m:      Sent reply
[92mINFO [0m:      
[92mINFO [0m:      Received: train message 903d946c-e484-4f74-b1b6-1bea51a214ae
[92mINFO [0m:      Sent reply
[92mINFO [0m:      
[92mINFO [0m:      Received: evaluate message 4f70689d-0db2-45f4-94b3-01d2ac161688
[92mINFO [0m:      Sent reply
[92mINFO [0m:      
[92mINFO [0m:      Received: train message ca614d89-c4a6-4648-9300-2802afbfe075
[92mINFO [0m:      Sent reply
[92mINFO [0m:      
[92mINFO [0m:      Received: evaluate message 3d987061-0560-43f2-a878-9b337af7359e
[92mINFO [0m:      Sent reply
[92mINFO [0m:      
[92mINFO [0m:      Received: train message 50f05f66-3e57-4737-ae40-192aeb088260
[92mINFO [0m:      Sent reply
[92mINFO [0m:      
[92mINFO [0m:      Received: evaluate message 4d46a512-aefb-4922-aee7-a64553bb9d0a
[92mINFO [0m:      Sent reply
[92mINFO [0m:      
[92mINFO [0m:      Received: train message 0b9b5500-d4ce-4fef-bda7-f5d285469b5a
[92mINFO [0m:      Sent reply
[92mINFO [0m:      
[92mINFO [0m:      Received: evaluate message 631b7b2f-b500-4e10-b077-4c32731a7b86
[92mINFO [0m:      Sent reply
[92mINFO [0m:      
[92mINFO [0m:      Received: train message 4858dac7-1a30-4169-9169-5b3bd3dbad0d
[92mINFO [0m:      Sent reply
[92mINFO [0m:      
[92mINFO [0m:      Received: evaluate message 391146fa-eba4-4424-acc4-9487ef67213a
[92mINFO [0m:      Sent reply
[92mINFO [0m:      
[92mINFO [0m:      Received: train message 1a986c0c-10c9-4b8a-a1d7-9cd438ad493e
[92mINFO [0m:      Sent reply
[92mINFO [0m:      
[92mINFO [0m:      Received: evaluate message 5dd8e1a7-cee0-4c14-8bb8-c38e5db93220
[92mINFO [0m:      Sent reply
[92mINFO [0m:      
[92mINFO [0m:      Received: train message 88b9345e-b97b-4abb-9b1c-5430aac0f116
[92mINFO [0m:      Sent reply
[92mINFO [0m:      
[92mINFO [0m:      Received: evaluate message 848e60fd-39c8-42b6-9cf2-ba31ea5e09ac
[92mINFO [0m:      Sent reply
[92mINFO [0m:      
[92mINFO [0m:      Received: train message cf979aab-792e-46e3-8d29-a38d3e62da42
[92mINFO [0m:      Sent reply
[92mINFO [0m:      
[92mINFO [0m:      Received: evaluate message df8a516b-39d0-4eb7-b081-bc4d474e4d15
[92mINFO [0m:      Sent reply
[92mINFO [0m:      
[92mINFO [0m:      Received: train message c72701cb-525d-4878-a258-8b28b81ab7fb
[92mINFO [0m:      Sent reply
[92mINFO [0m:      
[92mINFO [0m:      Received: evaluate message 398f0598-4110-493f-b91b-3b3aad2ce791
[92mINFO [0m:      Sent reply
[92mINFO [0m:      
[92mINFO [0m:      Received: train message 5a0fb3f6-dc42-4b97-aaa6-e1901ec5e60c
[92mINFO [0m:      Sent reply
[92mINFO [0m:      
[92mINFO [0m:      Received: evaluate message 5a40f5c5-1a7c-4968-a226-2b9959e128f2
[92mINFO [0m:      Sent reply
[92mINFO [0m:      
[92mINFO [0m:      Received: train message 9051b8f4-9b76-404d-acbb-e2c7a459bd14
[92mINFO [0m:      Sent reply
[92mINFO [0m:      
[92mINFO [0m:      Received: evaluate message e86392db-6e2b-45aa-bd2d-df2cc9bc8f82
[92mINFO [0m:      Sent reply
[92mINFO [0m:      
[92mINFO [0m:      Received: train message 9484783c-3786-47f1-b225-ea5d60ba7edd
[92mINFO [0m:      Sent reply
[92mINFO [0m:      
[92mINFO [0m:      Received: evaluate message 4a2c11bd-b53b-4bc3-9eca-4f129b277742
[92mINFO [0m:      Sent reply
[92mINFO [0m:      
[92mINFO [0m:      Received: train message fcbec5cb-8409-4f0e-98a3-a63ce679efad
[92mINFO [0m:      Sent reply
[92mINFO [0m:      
[92mINFO [0m:      Received: evaluate message 120d8882-9dc3-459a-8482-5d932b5a0311
[92mINFO [0m:      Sent reply
[92mINFO [0m:      
[92mINFO [0m:      Received: train message d9c45bc5-fb76-42fe-95fc-eb919b82b7b4
[92mINFO [0m:      Sent reply
[92mINFO [0m:      
[92mINFO [0m:      Received: evaluate message 42e5968e-228b-45c2-841f-487169b44a54
[92mINFO [0m:      Sent reply
[92mINFO [0m:      
[92mINFO [0m:      Received: train message ed575a62-b0a6-46db-a0e5-8418dcb983ea
[92mINFO [0m:      Sent reply
[92mINFO [0m:      
[92mINFO [0m:      Received: evaluate message 5a3d228f-76b7-4db8-9ccd-1bb260421a48
[92mINFO [0m:      Sent reply
[92mINFO [0m:      
[92mINFO [0m:      Received: train message 4d83fc72-a415-40e9-92cd-493a9818f387
[92mINFO [0m:      Sent reply
[92mINFO [0m:      
[92mINFO [0m:      Received: evaluate message 2628924d-ad61-4fa9-880f-424c227a8888
[92mINFO [0m:      Sent reply
[92mINFO [0m:      
[92mINFO [0m:      Received: train message 0e71b4e8-a76b-4ba5-80e2-711563b48926
[92mINFO [0m:      Sent reply
[92mINFO [0m:      
[92mINFO [0m:      Received: evaluate message 77d26ee9-9850-4010-8f11-f96e84b74d59
[92mINFO [0m:      Sent reply
[92mINFO [0m:      
[92mINFO [0m:      Received: train message 06fe045d-391d-4ab2-b9bd-a9240a76bcd7
[92mINFO [0m:      Sent reply
[92mINFO [0m:      
[92mINFO [0m:      Received: evaluate message 5170d057-6aa1-4f19-b495-95b08df3481e
[92mINFO [0m:      Sent reply
[92mINFO [0m:      
[92mINFO [0m:      Received: train message b2457468-bd82-48a2-834e-e3bd30263ca8
[92mINFO [0m:      Sent reply
[92mINFO [0m:      
[92mINFO [0m:      Received: evaluate message 0b6b6af3-30d5-47f3-9334-51afb8b39e1d
[92mINFO [0m:      Sent reply
[92mINFO [0m:      
[92mINFO [0m:      Received: reconnect message b255e2df-371c-42fe-ab4a-748680c6b190
[92mINFO [0m:      Disconnect and shut down
[Client 7] Logging metrics to: runs/manual_fedprox_alpha0.05_mu0.01/client_7_metrics.csv
[Data] Train samples=800, class_counts={0: 400, 1: 400}; Test samples=200, class_counts={0: 100, 1: 100}
[Client 7] Model validation passed: out_features=2, num_classes_global=2
[Client 7] Label histogram: {"0": 490, "1": 510}
