[93mWARNING [0m:   DEPRECATED FEATURE: flwr.client.start_numpy_client() is deprecated. 
	Instead, use `flwr.client.start_client()` by ensuring you first call the `.to_client()` method as shown below: 
	flwr.client.start_client(
		server_address='<IP>:<PORT>',
		client=FlowerClient().to_client(), # <-- where FlowerClient is of type flwr.client.NumPyClient object
	)
	Using `start_numpy_client()` is deprecated.

            This is a deprecated feature. It will be removed
            entirely in future versions of Flower.
        
[93mWARNING [0m:   DEPRECATED FEATURE: flwr.client.start_client() is deprecated.
	Instead, use the `flower-supernode` CLI command to start a SuperNode as shown below:

		$ flower-supernode --insecure --superlink='<IP>:<PORT>'

	To view all available options, run:

		$ flower-supernode --help

	Using `start_client()` is deprecated.

            This is a deprecated feature. It will be removed
            entirely in future versions of Flower.
        
[92mINFO [0m:      
[92mINFO [0m:      Received: evaluate message 7e6ca5ba-eee7-4894-9240-4c96a92097c3
[92mINFO [0m:      Sent reply
[92mINFO [0m:      
[92mINFO [0m:      Received: train message 7fdf83fe-46b9-4345-8c7f-6ff992d10f9f
[92mINFO [0m:      Sent reply
[92mINFO [0m:      
[92mINFO [0m:      Received: evaluate message a21b3b8f-1e0c-4dc4-bd6d-7d05d8a0c5a6
[92mINFO [0m:      Sent reply
[92mINFO [0m:      
[92mINFO [0m:      Received: train message 1a20343a-587c-42c7-9936-ada96bd68c09
[92mINFO [0m:      Sent reply
[92mINFO [0m:      
[92mINFO [0m:      Received: evaluate message 852fa08f-7c5c-4e75-92a9-1dba4dc4e142
[92mINFO [0m:      Sent reply
[92mINFO [0m:      
[92mINFO [0m:      Received: train message 7cc2689b-3bba-4f06-9605-7c77cf5b2f5b
[92mINFO [0m:      Sent reply
[92mINFO [0m:      
[92mINFO [0m:      Received: evaluate message fcb1fee1-e4e1-4c66-ac9b-497c4ba539fe
[92mINFO [0m:      Sent reply
[92mINFO [0m:      
[92mINFO [0m:      Received: train message e52f1c34-23ad-4457-8cbf-e9f467898b6a
[92mINFO [0m:      Sent reply
[92mINFO [0m:      
[92mINFO [0m:      Received: evaluate message 15c7e3fd-7f3f-4c26-8e23-bf13f65360c5
[92mINFO [0m:      Sent reply
[92mINFO [0m:      
[92mINFO [0m:      Received: train message da3ab498-7a05-4f2e-9d36-ff5d0bf71e43
[92mINFO [0m:      Sent reply
[92mINFO [0m:      
[92mINFO [0m:      Received: evaluate message 7067363b-5e8b-4359-8876-090a9b939477
[92mINFO [0m:      Sent reply
[92mINFO [0m:      
[92mINFO [0m:      Received: train message 0a11f7ed-5e49-49eb-a3e4-b9e71503d701
[92mINFO [0m:      Sent reply
[92mINFO [0m:      
[92mINFO [0m:      Received: evaluate message 323eabe9-81b7-4852-8538-1536deb1fce0
[92mINFO [0m:      Sent reply
[92mINFO [0m:      
[92mINFO [0m:      Received: train message 24ffdc1a-9655-401b-a645-940660585d50
[92mINFO [0m:      Sent reply
[92mINFO [0m:      
[92mINFO [0m:      Received: evaluate message fd6d8078-b016-4c54-b2f2-2c35e6edba95
[92mINFO [0m:      Sent reply
[92mINFO [0m:      
[92mINFO [0m:      Received: train message c77f0aac-34ba-45c1-b2dd-b9dfd2e97785
[92mINFO [0m:      Sent reply
[92mINFO [0m:      
[92mINFO [0m:      Received: evaluate message b74ddc1d-3511-4fd7-a227-9d973937ecca
[92mINFO [0m:      Sent reply
[92mINFO [0m:      
[92mINFO [0m:      Received: train message 17e70a5a-253a-4c12-8c00-0d77f0fdae30
[92mINFO [0m:      Sent reply
[92mINFO [0m:      
[92mINFO [0m:      Received: evaluate message aefddbea-057a-4919-9000-18a1d386abad
[92mINFO [0m:      Sent reply
[92mINFO [0m:      
[92mINFO [0m:      Received: train message f2488e6a-a79a-429c-971e-e95397a0574c
[92mINFO [0m:      Sent reply
[92mINFO [0m:      
[92mINFO [0m:      Received: evaluate message b7799115-7fad-4fa2-8dbb-a0790e76fade
[92mINFO [0m:      Sent reply
[92mINFO [0m:      
[92mINFO [0m:      Received: train message 54d7356e-affd-407c-9f15-7e696884d218
[92mINFO [0m:      Sent reply
[92mINFO [0m:      
[92mINFO [0m:      Received: evaluate message 2cfbecf0-8346-4489-a3dd-984834526168
[92mINFO [0m:      Sent reply
[92mINFO [0m:      
[92mINFO [0m:      Received: train message 5a9e4da7-9bcd-4447-b977-735c6ee024a4
[92mINFO [0m:      Sent reply
[92mINFO [0m:      
[92mINFO [0m:      Received: evaluate message 325119a7-43a2-45ae-ad50-b946bbeaa22b
[92mINFO [0m:      Sent reply
[92mINFO [0m:      
[92mINFO [0m:      Received: train message d33e8a6f-942e-42eb-9529-b3617f1d7174
[92mINFO [0m:      Sent reply
[92mINFO [0m:      
[92mINFO [0m:      Received: evaluate message a95d11b5-1df3-416c-a729-e3dad2b02197
[92mINFO [0m:      Sent reply
[92mINFO [0m:      
[92mINFO [0m:      Received: train message 52704d20-6485-40da-94ec-848817efe7f8
[92mINFO [0m:      Sent reply
[92mINFO [0m:      
[92mINFO [0m:      Received: evaluate message 49e81900-38ed-47c1-a921-617bdbd1482e
[92mINFO [0m:      Sent reply
[92mINFO [0m:      
[92mINFO [0m:      Received: train message 8bfe6be2-2ebc-4249-b89f-f2137329fca1
[92mINFO [0m:      Sent reply
[92mINFO [0m:      
[92mINFO [0m:      Received: evaluate message 190d6f67-c029-499f-9a98-9e1e42d2762e
[92mINFO [0m:      Sent reply
[92mINFO [0m:      
[92mINFO [0m:      Received: train message 6b6a05d3-6e8a-4b47-906b-3d4a20935c62
[92mINFO [0m:      Sent reply
[92mINFO [0m:      
[92mINFO [0m:      Received: evaluate message f6fa5b41-0a6e-44c6-9faf-d173fdca2dd4
[92mINFO [0m:      Sent reply
[92mINFO [0m:      
[92mINFO [0m:      Received: train message 6c10f29c-cc8e-4b08-b233-5b5e9eedd95b
[92mINFO [0m:      Sent reply
[92mINFO [0m:      
[92mINFO [0m:      Received: evaluate message 305eacfc-7aa3-492d-b781-448b305b69a5
[92mINFO [0m:      Sent reply
[92mINFO [0m:      
[92mINFO [0m:      Received: train message 908ba84e-4c13-47e9-867b-aaa00fcdc407
[92mINFO [0m:      Sent reply
[92mINFO [0m:      
[92mINFO [0m:      Received: evaluate message ca41af47-2682-4ccf-b881-a307971f672e
[92mINFO [0m:      Sent reply
[92mINFO [0m:      
[92mINFO [0m:      Received: train message a658bd51-a19d-444f-ba98-38b0051d2ef6
[92mINFO [0m:      Sent reply
[92mINFO [0m:      
[92mINFO [0m:      Received: evaluate message cbb84a3d-743f-4ba1-87a6-b8ec931d465f
[92mINFO [0m:      Sent reply
[92mINFO [0m:      
[92mINFO [0m:      Received: reconnect message 1ea88048-242e-4d94-8d69-f869d65ce094
[92mINFO [0m:      Disconnect and shut down
[Client 1] Logging metrics to: runs/manual_fedprox_alpha0.05_mu0.0/client_1_metrics.csv
[Data] Train samples=800, class_counts={0: 400, 1: 400}; Test samples=200, class_counts={0: 100, 1: 100}
[Client 1] Model validation passed: out_features=2, num_classes_global=2
[Client 1] Label histogram: {"0": 490, "1": 510}
