[93mWARNING [0m:   DEPRECATED FEATURE: flwr.client.start_numpy_client() is deprecated. 
	Instead, use `flwr.client.start_client()` by ensuring you first call the `.to_client()` method as shown below: 
	flwr.client.start_client(
		server_address='<IP>:<PORT>',
		client=FlowerClient().to_client(), # <-- where FlowerClient is of type flwr.client.NumPyClient object
	)
	Using `start_numpy_client()` is deprecated.

            This is a deprecated feature. It will be removed
            entirely in future versions of Flower.
        
[93mWARNING [0m:   DEPRECATED FEATURE: flwr.client.start_client() is deprecated.
	Instead, use the `flower-supernode` CLI command to start a SuperNode as shown below:

		$ flower-supernode --insecure --superlink='<IP>:<PORT>'

	To view all available options, run:

		$ flower-supernode --help

	Using `start_client()` is deprecated.

            This is a deprecated feature. It will be removed
            entirely in future versions of Flower.
        
[92mINFO [0m:      
[92mINFO [0m:      Received: train message 5ee0ccf0-93d1-41b4-910b-618464ff7c70
[92mINFO [0m:      Sent reply
[92mINFO [0m:      
[92mINFO [0m:      Received: evaluate message d6549910-30ea-47ef-a749-486ccc09702b
[92mINFO [0m:      Sent reply
[92mINFO [0m:      
[92mINFO [0m:      Received: train message 60a42286-7521-4c9d-8e12-a6afa35d4717
[92mINFO [0m:      Sent reply
[92mINFO [0m:      
[92mINFO [0m:      Received: evaluate message 83607357-f6fc-423a-aeff-3be1f4975339
[92mINFO [0m:      Sent reply
[92mINFO [0m:      
[92mINFO [0m:      Received: train message 3e096dd3-fe54-466f-9566-0c8db1aaa273
[92mINFO [0m:      Sent reply
[92mINFO [0m:      
[92mINFO [0m:      Received: evaluate message 924ad934-c06e-4832-8b19-e36c435fa73d
[92mINFO [0m:      Sent reply
[92mINFO [0m:      
[92mINFO [0m:      Received: train message 63020362-20fc-44c5-ad8a-952fb9a8c487
[92mINFO [0m:      Sent reply
[92mINFO [0m:      
[92mINFO [0m:      Received: evaluate message 150deadf-031f-4830-b8dd-9a874ef8824e
[92mINFO [0m:      Sent reply
[92mINFO [0m:      
[92mINFO [0m:      Received: train message 9f90de0f-489b-481a-a3ef-1a8b27818580
[92mINFO [0m:      Sent reply
[92mINFO [0m:      
[92mINFO [0m:      Received: evaluate message e6ac96e9-2ef9-46d6-9ef0-9d99aca280ba
[92mINFO [0m:      Sent reply
[92mINFO [0m:      
[92mINFO [0m:      Received: train message 86a08144-d01e-49bc-9010-9ed0c714d08b
[92mINFO [0m:      Sent reply
[92mINFO [0m:      
[92mINFO [0m:      Received: evaluate message 0b379340-5993-4a8a-9fe8-894e7bc9a672
[92mINFO [0m:      Sent reply
[92mINFO [0m:      
[92mINFO [0m:      Received: train message b9f78112-1296-44fd-a9a8-abb9db3be270
[92mINFO [0m:      Sent reply
[92mINFO [0m:      
[92mINFO [0m:      Received: evaluate message 0c31e576-19b3-4991-97b9-4f294bd36769
[92mINFO [0m:      Sent reply
[92mINFO [0m:      
[92mINFO [0m:      Received: train message 4b5a3d00-0f95-4161-b806-a1d3f2cea163
[92mINFO [0m:      Sent reply
[92mINFO [0m:      
[92mINFO [0m:      Received: evaluate message 0e684d87-115d-42e8-8c80-96220c2db2de
[92mINFO [0m:      Sent reply
[92mINFO [0m:      
[92mINFO [0m:      Received: train message 623ef032-bc6f-4ec3-867f-20e748c1bfec
[92mINFO [0m:      Sent reply
[92mINFO [0m:      
[92mINFO [0m:      Received: evaluate message edd9cc9b-0a3d-4821-af6b-eb1d1e13365a
[92mINFO [0m:      Sent reply
[92mINFO [0m:      
[92mINFO [0m:      Received: train message 14ba2ede-422c-4090-8412-54b6fb48babb
[92mINFO [0m:      Sent reply
[92mINFO [0m:      
[92mINFO [0m:      Received: evaluate message 11c0f2ba-f169-4d54-80ee-05279bede48c
[92mINFO [0m:      Sent reply
[92mINFO [0m:      
[92mINFO [0m:      Received: train message 54328215-f091-4ede-a241-9b648059a98b
[92mINFO [0m:      Sent reply
[92mINFO [0m:      
[92mINFO [0m:      Received: evaluate message fcc777e5-d8a4-4218-b1a0-530b0232197a
[92mINFO [0m:      Sent reply
[92mINFO [0m:      
[92mINFO [0m:      Received: train message 292d63cf-053d-43f2-b160-f2c74529f7a6
[92mINFO [0m:      Sent reply
[92mINFO [0m:      
[92mINFO [0m:      Received: evaluate message a47f185b-e991-4a75-af8d-594e828a787e
[92mINFO [0m:      Sent reply
[92mINFO [0m:      
[92mINFO [0m:      Received: train message 97ab4f38-a3a1-43c8-a0a0-54a813edad8d
[92mINFO [0m:      Sent reply
[92mINFO [0m:      
[92mINFO [0m:      Received: evaluate message a44e6e10-c848-4173-83db-1deb81c4ba03
[92mINFO [0m:      Sent reply
[92mINFO [0m:      
[92mINFO [0m:      Received: train message b2e1cc65-6b39-49c6-8072-c1528b57c384
[92mINFO [0m:      Sent reply
[92mINFO [0m:      
[92mINFO [0m:      Received: evaluate message 7bbab003-5f1a-4341-aec2-65af011b2b87
[92mINFO [0m:      Sent reply
[92mINFO [0m:      
[92mINFO [0m:      Received: train message b4354e4a-42dc-4342-a26e-df27d5baa560
[92mINFO [0m:      Sent reply
[92mINFO [0m:      
[92mINFO [0m:      Received: evaluate message dcdd8b6d-8e0c-49e8-a833-5c39120163e2
[92mINFO [0m:      Sent reply
[92mINFO [0m:      
[92mINFO [0m:      Received: train message b36784a4-9f55-4a06-b75a-e96c202cffbc
[92mINFO [0m:      Sent reply
[92mINFO [0m:      
[92mINFO [0m:      Received: evaluate message 961ea130-c251-4be8-a95d-a06d2a23bff1
[92mINFO [0m:      Sent reply
[92mINFO [0m:      
[92mINFO [0m:      Received: train message 56f4114f-b70c-4988-92be-40423ccd76bd
[92mINFO [0m:      Sent reply
[92mINFO [0m:      
[92mINFO [0m:      Received: evaluate message ac5328f6-07a0-4cd1-982b-5a634b0fc5c0
[92mINFO [0m:      Sent reply
[92mINFO [0m:      
[92mINFO [0m:      Received: train message 939c41b9-58a0-4641-98d8-a19d14d3aaf1
[92mINFO [0m:      Sent reply
[92mINFO [0m:      
[92mINFO [0m:      Received: evaluate message 7b4a148a-a673-4a2b-a95f-e36a02296969
[92mINFO [0m:      Sent reply
[92mINFO [0m:      
[92mINFO [0m:      Received: train message 637ee6bd-f64f-4ad0-832b-47159e139428
[92mINFO [0m:      Sent reply
[92mINFO [0m:      
[92mINFO [0m:      Received: evaluate message d3d67358-b39e-4003-86b1-cba795c9bd9a
[92mINFO [0m:      Sent reply
[92mINFO [0m:      
[92mINFO [0m:      Received: train message ddd0f918-d80f-4574-bbc0-5fb1c4d76c5c
[92mINFO [0m:      Sent reply
[92mINFO [0m:      
[92mINFO [0m:      Received: evaluate message 7f1aeb4b-0e81-4259-a8c7-de4a64b9f118
[92mINFO [0m:      Sent reply
[92mINFO [0m:      
[92mINFO [0m:      Received: reconnect message 9ec069fe-cb9e-486a-8725-d28e5f8440e2
[92mINFO [0m:      Disconnect and shut down
[Client 3] Logging metrics to: runs/manual_fedprox_alpha0.05_mu0.0/client_3_metrics.csv
[Data] Train samples=800, class_counts={0: 400, 1: 400}; Test samples=200, class_counts={0: 100, 1: 100}
[Client 3] Model validation passed: out_features=2, num_classes_global=2
[Client 3] Label histogram: {"0": 490, "1": 510}
