[93mWARNING [0m:   DEPRECATED FEATURE: flwr.client.start_numpy_client() is deprecated. 
	Instead, use `flwr.client.start_client()` by ensuring you first call the `.to_client()` method as shown below: 
	flwr.client.start_client(
		server_address='<IP>:<PORT>',
		client=FlowerClient().to_client(), # <-- where FlowerClient is of type flwr.client.NumPyClient object
	)
	Using `start_numpy_client()` is deprecated.

            This is a deprecated feature. It will be removed
            entirely in future versions of Flower.
        
[93mWARNING [0m:   DEPRECATED FEATURE: flwr.client.start_client() is deprecated.
	Instead, use the `flower-supernode` CLI command to start a SuperNode as shown below:

		$ flower-supernode --insecure --superlink='<IP>:<PORT>'

	To view all available options, run:

		$ flower-supernode --help

	Using `start_client()` is deprecated.

            This is a deprecated feature. It will be removed
            entirely in future versions of Flower.
        
[92mINFO [0m:      
[92mINFO [0m:      Received: evaluate message 34eb7add-941f-44f5-a541-ab434f17be94
[92mINFO [0m:      Sent reply
[92mINFO [0m:      
[92mINFO [0m:      Received: train message a75d2941-de02-4f67-a636-5552c8678eb6
[92mINFO [0m:      Sent reply
[92mINFO [0m:      
[92mINFO [0m:      Received: evaluate message 7c00c570-631c-4f19-8dcd-e5f78e96115a
[92mINFO [0m:      Sent reply
[92mINFO [0m:      
[92mINFO [0m:      Received: train message cca3dfc5-4907-4c4d-b831-0e579f7537fb
[92mINFO [0m:      Sent reply
[92mINFO [0m:      
[92mINFO [0m:      Received: evaluate message ca095548-9b92-41f3-90b0-59ecbebd923b
[92mINFO [0m:      Sent reply
[92mINFO [0m:      
[92mINFO [0m:      Received: train message 15a91f6f-b9e6-46d0-b0e0-65a04286a0a5
[92mINFO [0m:      Sent reply
[92mINFO [0m:      
[92mINFO [0m:      Received: evaluate message ce9a65a3-577c-4318-accb-326819037ea9
[92mINFO [0m:      Sent reply
[92mINFO [0m:      
[92mINFO [0m:      Received: train message 0427641e-ebb1-4525-b622-7494aa39eaf5
[92mINFO [0m:      Sent reply
[92mINFO [0m:      
[92mINFO [0m:      Received: evaluate message d3dee039-c80a-436e-b841-c605219046aa
[92mINFO [0m:      Sent reply
[92mINFO [0m:      
[92mINFO [0m:      Received: train message b91c2135-d157-4ed5-af6e-b05259abc9a0
[92mINFO [0m:      Sent reply
[92mINFO [0m:      
[92mINFO [0m:      Received: evaluate message 5e8efc3b-b894-4c8b-a67c-7fbc5b303e96
[92mINFO [0m:      Sent reply
[92mINFO [0m:      
[92mINFO [0m:      Received: train message 00684241-ae1a-4f12-9442-c5f9387ba1de
[92mINFO [0m:      Sent reply
[92mINFO [0m:      
[92mINFO [0m:      Received: evaluate message 58780258-49d4-4c5b-9f2e-8afe0cb66b29
[92mINFO [0m:      Sent reply
[92mINFO [0m:      
[92mINFO [0m:      Received: train message 4b5089f4-66f5-48a1-ba00-d51754060d0e
[92mINFO [0m:      Sent reply
[92mINFO [0m:      
[92mINFO [0m:      Received: evaluate message bc5a2353-8fa2-4e8e-88e7-c8db1606964e
[92mINFO [0m:      Sent reply
[92mINFO [0m:      
[92mINFO [0m:      Received: train message ab2c69c6-1aed-44b7-bf9d-9a9e38c9c8e8
[92mINFO [0m:      Sent reply
[92mINFO [0m:      
[92mINFO [0m:      Received: evaluate message 614104ca-4d38-4225-9f6b-4ee61e8a7018
[92mINFO [0m:      Sent reply
[92mINFO [0m:      
[92mINFO [0m:      Received: train message fefa2dc5-6d0a-4728-996c-fc78f5b894bf
[92mINFO [0m:      Sent reply
[92mINFO [0m:      
[92mINFO [0m:      Received: evaluate message 9db12f3d-ba3d-4b28-b833-151e27be12e3
[92mINFO [0m:      Sent reply
[92mINFO [0m:      
[92mINFO [0m:      Received: train message b94ebc5f-7666-42aa-a74d-5e770e0f8d7f
[92mINFO [0m:      Sent reply
[92mINFO [0m:      
[92mINFO [0m:      Received: evaluate message ccd695e8-a10d-4920-b9f9-476a6553cdec
[92mINFO [0m:      Sent reply
[92mINFO [0m:      
[92mINFO [0m:      Received: train message 9ece552d-3643-432f-a544-522c2f4b9685
[92mINFO [0m:      Sent reply
[92mINFO [0m:      
[92mINFO [0m:      Received: evaluate message 9d687a44-bb7f-4b31-8e7b-1ba6daca6c79
[92mINFO [0m:      Sent reply
[92mINFO [0m:      
[92mINFO [0m:      Received: train message 860ef2e7-4708-4511-babe-59536fc843a3
[92mINFO [0m:      Sent reply
[92mINFO [0m:      
[92mINFO [0m:      Received: evaluate message da903359-7cba-403d-8769-b29acbc64c6d
[92mINFO [0m:      Sent reply
[92mINFO [0m:      
[92mINFO [0m:      Received: train message 7bdf47de-ad28-464c-ac5c-9d0b58ec3cfe
[92mINFO [0m:      Sent reply
[92mINFO [0m:      
[92mINFO [0m:      Received: evaluate message 048b4a2c-3f19-41b2-8d85-dbd191ac43dc
[92mINFO [0m:      Sent reply
[92mINFO [0m:      
[92mINFO [0m:      Received: train message f9be080e-0ca3-452c-b5bd-f2bbf0b2325e
[92mINFO [0m:      Sent reply
[92mINFO [0m:      
[92mINFO [0m:      Received: evaluate message 69e90c00-3202-45d1-986e-c195be8d344b
[92mINFO [0m:      Sent reply
[92mINFO [0m:      
[92mINFO [0m:      Received: train message 91315397-f784-4320-a1b3-39d962fad8d1
[92mINFO [0m:      Sent reply
[92mINFO [0m:      
[92mINFO [0m:      Received: evaluate message 728a8521-39d2-4f78-b34b-3572dfec8edb
[92mINFO [0m:      Sent reply
[92mINFO [0m:      
[92mINFO [0m:      Received: train message b0cc944f-33d8-420e-b62d-8e56c42d58ad
[92mINFO [0m:      Sent reply
[92mINFO [0m:      
[92mINFO [0m:      Received: evaluate message 3efb2ebd-a8fe-4026-bb43-bcfc8e48345f
[92mINFO [0m:      Sent reply
[92mINFO [0m:      
[92mINFO [0m:      Received: train message 37aefda1-5f14-44c5-91c3-a27ac3570253
[92mINFO [0m:      Sent reply
[92mINFO [0m:      
[92mINFO [0m:      Received: evaluate message 7775eb1a-2b3e-4fbc-be7c-fe95b6f60462
[92mINFO [0m:      Sent reply
[92mINFO [0m:      
[92mINFO [0m:      Received: train message 5103a8e5-f657-4f8d-8300-eecedb95c0e0
[92mINFO [0m:      Sent reply
[92mINFO [0m:      
[92mINFO [0m:      Received: evaluate message c1822d44-92eb-43cc-b164-3d8889a56ecb
[92mINFO [0m:      Sent reply
[92mINFO [0m:      
[92mINFO [0m:      Received: train message cc8c7ac5-c0b1-41c1-99f9-65c9d1dbbd3e
[92mINFO [0m:      Sent reply
[92mINFO [0m:      
[92mINFO [0m:      Received: evaluate message 1bb2c10f-7da9-49bf-b81b-98422a0e8755
[92mINFO [0m:      Sent reply
[92mINFO [0m:      
[92mINFO [0m:      Received: reconnect message 94ed853e-35db-47bb-b22d-ad8d5b9b35b4
[92mINFO [0m:      Disconnect and shut down
[Client 5] Logging metrics to: runs/manual_fedprox_alpha0.05_mu0.0/client_5_metrics.csv
[Data] Train samples=800, class_counts={0: 400, 1: 400}; Test samples=200, class_counts={0: 100, 1: 100}
[Client 5] Model validation passed: out_features=2, num_classes_global=2
[Client 5] Label histogram: {"0": 490, "1": 510}
