[93mWARNING [0m:   DEPRECATED FEATURE: flwr.client.start_numpy_client() is deprecated. 
	Instead, use `flwr.client.start_client()` by ensuring you first call the `.to_client()` method as shown below: 
	flwr.client.start_client(
		server_address='<IP>:<PORT>',
		client=FlowerClient().to_client(), # <-- where FlowerClient is of type flwr.client.NumPyClient object
	)
	Using `start_numpy_client()` is deprecated.

            This is a deprecated feature. It will be removed
            entirely in future versions of Flower.
        
[93mWARNING [0m:   DEPRECATED FEATURE: flwr.client.start_client() is deprecated.
	Instead, use the `flower-supernode` CLI command to start a SuperNode as shown below:

		$ flower-supernode --insecure --superlink='<IP>:<PORT>'

	To view all available options, run:

		$ flower-supernode --help

	Using `start_client()` is deprecated.

            This is a deprecated feature. It will be removed
            entirely in future versions of Flower.
        
[92mINFO [0m:      
[92mINFO [0m:      Received: get_parameters message 86290282-a810-4e93-87d4-6ee843b9a9e1
[92mINFO [0m:      Sent reply
[92mINFO [0m:      
[92mINFO [0m:      Received: train message 95168dc9-d974-479d-8ade-ec68f708bbb9
[92mINFO [0m:      Sent reply
[92mINFO [0m:      
[92mINFO [0m:      Received: evaluate message 3e3cc196-79c6-475d-b5dd-33977f030915
[92mINFO [0m:      Sent reply
[92mINFO [0m:      
[92mINFO [0m:      Received: train message dc83fde0-9f4d-4c40-954d-25fcf497e609
[92mINFO [0m:      Sent reply
[92mINFO [0m:      
[92mINFO [0m:      Received: evaluate message 3c4a2336-eff8-43df-abab-87fe0dea6ff9
[92mINFO [0m:      Sent reply
[92mINFO [0m:      
[92mINFO [0m:      Received: train message 9519d56c-01b6-447b-9b0d-2d4f27747599
[92mINFO [0m:      Sent reply
[92mINFO [0m:      
[92mINFO [0m:      Received: evaluate message ec3b10ad-ec40-4b78-9cec-8c3a948b6432
[92mINFO [0m:      Sent reply
[92mINFO [0m:      
[92mINFO [0m:      Received: train message 57b81022-21f7-4ba5-9523-b9dff2d1eef9
[92mINFO [0m:      Sent reply
[92mINFO [0m:      
[92mINFO [0m:      Received: evaluate message ee72aef9-7869-40db-9ce3-b8e4653afd0f
[92mINFO [0m:      Sent reply
[92mINFO [0m:      
[92mINFO [0m:      Received: train message 31d7e7c8-225f-4671-9e5a-12d447794ec3
[92mINFO [0m:      Sent reply
[92mINFO [0m:      
[92mINFO [0m:      Received: evaluate message 1a19f783-70d6-4d17-a204-2a9b80af8e0b
[92mINFO [0m:      Sent reply
[92mINFO [0m:      
[92mINFO [0m:      Received: train message 5825fb8a-f8cc-424d-a952-a214dbefc7ba
[92mINFO [0m:      Sent reply
[92mINFO [0m:      
[92mINFO [0m:      Received: evaluate message 0a61b814-207d-4575-b6c3-1aeb5d17c859
[92mINFO [0m:      Sent reply
[92mINFO [0m:      
[92mINFO [0m:      Received: train message 224e3ce9-8565-462f-89e9-c3e0f3e5ecae
[92mINFO [0m:      Sent reply
[92mINFO [0m:      
[92mINFO [0m:      Received: evaluate message d7bd7cbf-5860-4740-b888-067ff6816a5c
[92mINFO [0m:      Sent reply
[92mINFO [0m:      
[92mINFO [0m:      Received: train message 2e76ba9d-231d-4158-a932-4d35a0deb2f3
[92mINFO [0m:      Sent reply
[92mINFO [0m:      
[92mINFO [0m:      Received: evaluate message c15f5e75-ef37-4b2b-8e87-5c7d56d577bb
[92mINFO [0m:      Sent reply
[92mINFO [0m:      
[92mINFO [0m:      Received: train message 5fb058c5-22f7-4451-b6d9-924558e85f64
[92mINFO [0m:      Sent reply
[92mINFO [0m:      
[92mINFO [0m:      Received: evaluate message 7b2ecbe2-634a-4596-a352-e2ef1de5049d
[92mINFO [0m:      Sent reply
[92mINFO [0m:      
[92mINFO [0m:      Received: train message 2acd35b7-4900-4897-9010-a1e44cbbe32e
[92mINFO [0m:      Sent reply
[92mINFO [0m:      
[92mINFO [0m:      Received: evaluate message 806a7071-81ad-4427-8188-3e6900da9c53
[92mINFO [0m:      Sent reply
[92mINFO [0m:      
[92mINFO [0m:      Received: train message ba8c3bb9-c664-4f72-a58b-18c3965593c9
[92mINFO [0m:      Sent reply
[92mINFO [0m:      
[92mINFO [0m:      Received: evaluate message 09477ab3-f68a-4df9-8413-b24df3e436d5
[92mINFO [0m:      Sent reply
[92mINFO [0m:      
[92mINFO [0m:      Received: train message cb853098-7a6f-493a-a32e-56318863bdc5
[92mINFO [0m:      Sent reply
[92mINFO [0m:      
[92mINFO [0m:      Received: evaluate message dff6ae9c-4600-494f-94d3-ee269127509a
[92mINFO [0m:      Sent reply
[92mINFO [0m:      
[92mINFO [0m:      Received: train message 12b1c1ab-1b1a-4c81-8ccd-f841c1c9301f
[92mINFO [0m:      Sent reply
[92mINFO [0m:      
[92mINFO [0m:      Received: evaluate message 1099dc89-7c1a-4d20-9213-cf829efe5cc4
[92mINFO [0m:      Sent reply
[92mINFO [0m:      
[92mINFO [0m:      Received: train message 49e1c854-f7b1-4aa1-97ac-ef5ed565252f
[92mINFO [0m:      Sent reply
[92mINFO [0m:      
[92mINFO [0m:      Received: evaluate message 2637002c-f5c8-46f1-a46a-73334eb589f8
[92mINFO [0m:      Sent reply
[92mINFO [0m:      
[92mINFO [0m:      Received: train message e6a1cdc0-44fe-45c9-9709-9d0757fa7ced
[92mINFO [0m:      Sent reply
[92mINFO [0m:      
[92mINFO [0m:      Received: evaluate message 95fa2784-4b45-4a06-a5bd-6ad5c0c4c905
[92mINFO [0m:      Sent reply
[92mINFO [0m:      
[92mINFO [0m:      Received: train message 5beae9d8-244a-4c55-b286-3753c87fe7d4
[92mINFO [0m:      Sent reply
[92mINFO [0m:      
[92mINFO [0m:      Received: evaluate message aee1fe59-5ae4-4925-b573-e2383181f5ef
[92mINFO [0m:      Sent reply
[92mINFO [0m:      
[92mINFO [0m:      Received: train message 47fcab0b-79b8-43f9-9250-52cfcd5cb1fc
[92mINFO [0m:      Sent reply
[92mINFO [0m:      
[92mINFO [0m:      Received: evaluate message bc323081-a53b-4f51-b960-d475884db5a6
[92mINFO [0m:      Sent reply
[92mINFO [0m:      
[92mINFO [0m:      Received: train message 788d4bb8-0882-4650-872f-a4bad4cf3301
[92mINFO [0m:      Sent reply
[92mINFO [0m:      
[92mINFO [0m:      Received: evaluate message 90a5b977-159c-4ec9-bd31-f159294b870d
[92mINFO [0m:      Sent reply
[92mINFO [0m:      
[92mINFO [0m:      Received: train message 36cc4aab-d47b-410e-83d0-3efab7de75d0
[92mINFO [0m:      Sent reply
[92mINFO [0m:      
[92mINFO [0m:      Received: evaluate message b04e57c0-67a1-467f-89c8-c2e81e5e231e
[92mINFO [0m:      Sent reply
[92mINFO [0m:      
[92mINFO [0m:      Received: train message 9b58e487-6b8a-4838-84dd-51229d26d021
[92mINFO [0m:      Sent reply
[92mINFO [0m:      
[92mINFO [0m:      Received: evaluate message 77551a52-0db1-49ff-94a8-76f148976010
[92mINFO [0m:      Sent reply
[92mINFO [0m:      
[92mINFO [0m:      Received: reconnect message ecbfdb9c-4dd5-4b3a-ab40-b6118e0c5ad4
[92mINFO [0m:      Disconnect and shut down
[Client 7] Logging metrics to: runs/manual_fedprox_alpha0.05_mu0.0/client_7_metrics.csv
[Data] Train samples=800, class_counts={0: 400, 1: 400}; Test samples=200, class_counts={0: 100, 1: 100}
[Client 7] Model validation passed: out_features=2, num_classes_global=2
[Client 7] Label histogram: {"0": 490, "1": 510}
