[93mWARNING [0m:   DEPRECATED FEATURE: flwr.client.start_numpy_client() is deprecated. 
	Instead, use `flwr.client.start_client()` by ensuring you first call the `.to_client()` method as shown below: 
	flwr.client.start_client(
		server_address='<IP>:<PORT>',
		client=FlowerClient().to_client(), # <-- where FlowerClient is of type flwr.client.NumPyClient object
	)
	Using `start_numpy_client()` is deprecated.

            This is a deprecated feature. It will be removed
            entirely in future versions of Flower.
        
[93mWARNING [0m:   DEPRECATED FEATURE: flwr.client.start_client() is deprecated.
	Instead, use the `flower-supernode` CLI command to start a SuperNode as shown below:

		$ flower-supernode --insecure --superlink='<IP>:<PORT>'

	To view all available options, run:

		$ flower-supernode --help

	Using `start_client()` is deprecated.

            This is a deprecated feature. It will be removed
            entirely in future versions of Flower.
        
[92mINFO [0m:      
[92mINFO [0m:      Received: evaluate message bfe31b92-c2af-46a7-a9b2-e1986c56e1f8
[92mINFO [0m:      Sent reply
[92mINFO [0m:      
[92mINFO [0m:      Received: train message bb9ebf1c-0c97-4a1d-934f-d873eb344e37
[92mINFO [0m:      Sent reply
[92mINFO [0m:      
[92mINFO [0m:      Received: evaluate message 959d3fc2-5a79-46fe-b522-5d915d557e45
[92mINFO [0m:      Sent reply
[92mINFO [0m:      
[92mINFO [0m:      Received: train message 85f5d6be-532e-408f-ac2d-d6821df25681
[92mINFO [0m:      Sent reply
[92mINFO [0m:      
[92mINFO [0m:      Received: evaluate message e5936b76-e8f5-4563-9765-5b610dc9b059
[92mINFO [0m:      Sent reply
[92mINFO [0m:      
[92mINFO [0m:      Received: train message e68390d7-86bd-4954-b3fc-d395a074354e
[92mINFO [0m:      Sent reply
[92mINFO [0m:      
[92mINFO [0m:      Received: evaluate message 67214569-80b5-4399-9a4d-d13bf2147640
[92mINFO [0m:      Sent reply
[92mINFO [0m:      
[92mINFO [0m:      Received: train message c4d87858-41fe-4a7a-96c8-2b8292a6ae61
[92mINFO [0m:      Sent reply
[92mINFO [0m:      
[92mINFO [0m:      Received: evaluate message a8c72c88-46b7-4b5b-97ac-80b1cb57c6c7
[92mINFO [0m:      Sent reply
[92mINFO [0m:      
[92mINFO [0m:      Received: train message ecaf7efe-3f0e-4163-b38b-bf16b26be7be
[92mINFO [0m:      Sent reply
[92mINFO [0m:      
[92mINFO [0m:      Received: evaluate message 220061da-a61b-482a-8894-1a7d22b98b01
[92mINFO [0m:      Sent reply
[92mINFO [0m:      
[92mINFO [0m:      Received: train message 0782a020-7677-401f-ab27-41f4c0a3a538
[92mINFO [0m:      Sent reply
[92mINFO [0m:      
[92mINFO [0m:      Received: evaluate message 53090e2c-f672-4f8b-a50b-0a3865ec1078
[92mINFO [0m:      Sent reply
[92mINFO [0m:      
[92mINFO [0m:      Received: train message 8e817e26-005c-4dc7-9283-7981d39a7713
[92mINFO [0m:      Sent reply
[92mINFO [0m:      
[92mINFO [0m:      Received: evaluate message 21070210-59df-44bb-ba6a-573ebf2941e8
[92mINFO [0m:      Sent reply
[92mINFO [0m:      
[92mINFO [0m:      Received: train message f4baf851-0f24-4568-9f9a-7fcf043b2a75
[92mINFO [0m:      Sent reply
[92mINFO [0m:      
[92mINFO [0m:      Received: evaluate message 548afd9c-2750-49c7-a952-dd0aba0044e1
[92mINFO [0m:      Sent reply
[92mINFO [0m:      
[92mINFO [0m:      Received: train message 7cd40f16-6ccb-4ec0-b2f2-9de0c5c73102
[92mINFO [0m:      Sent reply
[92mINFO [0m:      
[92mINFO [0m:      Received: evaluate message 57308650-6c76-44c9-b2bd-828a2cd35dca
[92mINFO [0m:      Sent reply
[92mINFO [0m:      
[92mINFO [0m:      Received: train message b538ebd0-42ad-4040-bcca-96af94076f7b
[92mINFO [0m:      Sent reply
[92mINFO [0m:      
[92mINFO [0m:      Received: evaluate message a809a5f7-6ddf-4315-9b28-6b41cf7388bd
[92mINFO [0m:      Sent reply
[92mINFO [0m:      
[92mINFO [0m:      Received: train message 0c026706-3fa9-4f6e-a5d0-b79fb65aa1b5
[92mINFO [0m:      Sent reply
[92mINFO [0m:      
[92mINFO [0m:      Received: evaluate message e491dfbd-5a29-407e-bd2e-733dee835e3f
[92mINFO [0m:      Sent reply
[92mINFO [0m:      
[92mINFO [0m:      Received: train message 79e42056-6563-4000-a1d7-56dbc6c32fd4
[92mINFO [0m:      Sent reply
[92mINFO [0m:      
[92mINFO [0m:      Received: evaluate message 0a40ce87-351c-4c78-95d7-615fd3e0163c
[92mINFO [0m:      Sent reply
[92mINFO [0m:      
[92mINFO [0m:      Received: train message e27fc544-cd6e-4989-b43d-e0eb414908ea
[92mINFO [0m:      Sent reply
[92mINFO [0m:      
[92mINFO [0m:      Received: evaluate message 75e48112-3086-4d69-8d49-28a6d2527984
[92mINFO [0m:      Sent reply
[92mINFO [0m:      
[92mINFO [0m:      Received: train message f9d09fb0-6916-43e2-9abe-8e2064dc24fb
[92mINFO [0m:      Sent reply
[92mINFO [0m:      
[92mINFO [0m:      Received: evaluate message 3f0b592a-2634-4a53-9170-412deaaac3cc
[92mINFO [0m:      Sent reply
[92mINFO [0m:      
[92mINFO [0m:      Received: train message 79b5faa1-e09b-4fa2-80a8-02915dd5d460
[92mINFO [0m:      Sent reply
[92mINFO [0m:      
[92mINFO [0m:      Received: evaluate message f3fc0236-b9e8-44e0-8368-6b89a0810645
[92mINFO [0m:      Sent reply
[92mINFO [0m:      
[92mINFO [0m:      Received: train message fc12147d-cdd7-4aa0-9761-3504b3da2465
[92mINFO [0m:      Sent reply
[92mINFO [0m:      
[92mINFO [0m:      Received: evaluate message 8487b6ae-b4ef-4071-820e-f8a26367fd4b
[92mINFO [0m:      Sent reply
[92mINFO [0m:      
[92mINFO [0m:      Received: train message 0ecf139c-69d4-4db2-8ad3-2dd992989ea1
[92mINFO [0m:      Sent reply
[92mINFO [0m:      
[92mINFO [0m:      Received: evaluate message 6043c3dc-62aa-4bc5-b2f5-dc8b7c6c320a
[92mINFO [0m:      Sent reply
[92mINFO [0m:      
[92mINFO [0m:      Received: train message 2993d34f-12bf-42b1-b3e0-3fd658267769
[92mINFO [0m:      Sent reply
[92mINFO [0m:      
[92mINFO [0m:      Received: evaluate message c4b1ee1d-1777-47b3-b500-1422c247a3f7
[92mINFO [0m:      Sent reply
[92mINFO [0m:      
[92mINFO [0m:      Received: train message e39673af-e326-431f-af5e-a0f3160abcd2
[92mINFO [0m:      Sent reply
[92mINFO [0m:      
[92mINFO [0m:      Received: evaluate message 219d923d-bde8-4c23-9509-e6cbeedcd92d
[92mINFO [0m:      Sent reply
[92mINFO [0m:      
[92mINFO [0m:      Received: reconnect message 8212fe21-1445-48a8-83a1-98b578bf1118
[92mINFO [0m:      Disconnect and shut down
[Client 0] Logging metrics to: runs/manual_fedprox_alpha0.05_mu0.0/client_0_metrics.csv
[Data] Train samples=800, class_counts={0: 400, 1: 400}; Test samples=200, class_counts={0: 100, 1: 100}
[Client 0] Model validation passed: out_features=2, num_classes_global=2
[Client 0] Label histogram: {"0": 490, "1": 510}
