[93mWARNING [0m:   DEPRECATED FEATURE: flwr.client.start_numpy_client() is deprecated. 
	Instead, use `flwr.client.start_client()` by ensuring you first call the `.to_client()` method as shown below: 
	flwr.client.start_client(
		server_address='<IP>:<PORT>',
		client=FlowerClient().to_client(), # <-- where FlowerClient is of type flwr.client.NumPyClient object
	)
	Using `start_numpy_client()` is deprecated.

            This is a deprecated feature. It will be removed
            entirely in future versions of Flower.
        
[93mWARNING [0m:   DEPRECATED FEATURE: flwr.client.start_client() is deprecated.
	Instead, use the `flower-supernode` CLI command to start a SuperNode as shown below:

		$ flower-supernode --insecure --superlink='<IP>:<PORT>'

	To view all available options, run:

		$ flower-supernode --help

	Using `start_client()` is deprecated.

            This is a deprecated feature. It will be removed
            entirely in future versions of Flower.
        
[92mINFO [0m:      
[92mINFO [0m:      Received: evaluate message d4312d1c-f8a6-4291-a10c-4190a842d407
[92mINFO [0m:      Sent reply
[92mINFO [0m:      
[92mINFO [0m:      Received: train message feaa6ad2-f0a9-41a7-8482-4c4f595745c6
[92mINFO [0m:      Sent reply
[92mINFO [0m:      
[92mINFO [0m:      Received: evaluate message 821b7aee-aa3d-459d-8222-bfefeef9ac56
[92mINFO [0m:      Sent reply
[92mINFO [0m:      
[92mINFO [0m:      Received: train message f4a5120b-f382-4de4-a9b9-eb5cd25316a3
[92mINFO [0m:      Sent reply
[92mINFO [0m:      
[92mINFO [0m:      Received: evaluate message 83faf774-9bba-46fa-a65d-61aacf0f76a5
[92mINFO [0m:      Sent reply
[92mINFO [0m:      
[92mINFO [0m:      Received: train message be873526-d3f9-4b37-adb5-ae4dbff402d9
[92mINFO [0m:      Sent reply
[92mINFO [0m:      
[92mINFO [0m:      Received: evaluate message dcdd04c8-02ad-47ce-a139-9cb3cae2b64c
[92mINFO [0m:      Sent reply
[92mINFO [0m:      
[92mINFO [0m:      Received: train message 0897df72-d9a5-4b52-b072-d8365485cc59
[92mINFO [0m:      Sent reply
[92mINFO [0m:      
[92mINFO [0m:      Received: evaluate message b43e9dd3-610c-49fd-b4ba-584d6923ae4c
[92mINFO [0m:      Sent reply
[92mINFO [0m:      
[92mINFO [0m:      Received: train message cf721c44-b8be-4391-8ab8-0bbec10004e8
[92mINFO [0m:      Sent reply
[92mINFO [0m:      
[92mINFO [0m:      Received: evaluate message 868533f7-8f9c-4b9a-9dad-4f43a921509c
[92mINFO [0m:      Sent reply
[92mINFO [0m:      
[92mINFO [0m:      Received: train message bae1e583-7fcc-473d-9b5c-4972e8ffa312
[92mINFO [0m:      Sent reply
[92mINFO [0m:      
[92mINFO [0m:      Received: evaluate message 2ff8daf0-546d-4d7c-a4bc-b29a10574afc
[92mINFO [0m:      Sent reply
[92mINFO [0m:      
[92mINFO [0m:      Received: train message 18c22559-172b-41d8-a8cf-0af29aecb9c2
[92mINFO [0m:      Sent reply
[92mINFO [0m:      
[92mINFO [0m:      Received: evaluate message 106f85f7-8d49-4df4-8435-aecb6223ee99
[92mINFO [0m:      Sent reply
[92mINFO [0m:      
[92mINFO [0m:      Received: train message a26c98a3-08e7-4e36-8cee-7f1084d9b67a
[92mINFO [0m:      Sent reply
[92mINFO [0m:      
[92mINFO [0m:      Received: evaluate message 32dcd566-a806-4eae-8e73-4858b05f1d51
[92mINFO [0m:      Sent reply
[92mINFO [0m:      
[92mINFO [0m:      Received: train message fc0c750e-c362-429f-9743-09a458a37362
[92mINFO [0m:      Sent reply
[92mINFO [0m:      
[92mINFO [0m:      Received: evaluate message 6789b844-4cc7-4506-8459-ea6a623905ca
[92mINFO [0m:      Sent reply
[92mINFO [0m:      
[92mINFO [0m:      Received: train message f17904d2-c528-4e6e-8196-2d6161a54022
[92mINFO [0m:      Sent reply
[92mINFO [0m:      
[92mINFO [0m:      Received: evaluate message 65e3a93f-1c24-485b-81fc-61612ec4103f
[92mINFO [0m:      Sent reply
[92mINFO [0m:      
[92mINFO [0m:      Received: train message ff7deb2e-4f67-4365-bdcc-dcd36aa6fd4b
[92mINFO [0m:      Sent reply
[92mINFO [0m:      
[92mINFO [0m:      Received: evaluate message afa514d1-bbec-4a46-9ecb-8441f697dbc2
[92mINFO [0m:      Sent reply
[92mINFO [0m:      
[92mINFO [0m:      Received: train message 8925c45c-f209-49ef-aec2-5c68ba2c7c59
[92mINFO [0m:      Sent reply
[92mINFO [0m:      
[92mINFO [0m:      Received: evaluate message 01b236c3-6ded-429f-b1fc-1de3783e614d
[92mINFO [0m:      Sent reply
[92mINFO [0m:      
[92mINFO [0m:      Received: train message 5864607f-3d4c-412f-a0bc-c710b69554b8
[92mINFO [0m:      Sent reply
[92mINFO [0m:      
[92mINFO [0m:      Received: evaluate message 179a6f9f-a602-4517-aa86-fcd028d6e934
[92mINFO [0m:      Sent reply
[92mINFO [0m:      
[92mINFO [0m:      Received: train message 647bd455-fec7-4c34-84ae-b44fa3b03a28
[92mINFO [0m:      Sent reply
[92mINFO [0m:      
[92mINFO [0m:      Received: evaluate message e2c53614-27fe-46bc-8c66-72b1f63e3413
[92mINFO [0m:      Sent reply
[92mINFO [0m:      
[92mINFO [0m:      Received: train message d25b223f-c901-4cff-b234-d64bb81f59fe
[92mINFO [0m:      Sent reply
[92mINFO [0m:      
[92mINFO [0m:      Received: evaluate message 0b4e4770-0449-47de-a256-b0073056fb10
[92mINFO [0m:      Sent reply
[92mINFO [0m:      
[92mINFO [0m:      Received: train message 304bcefc-fcae-432b-9e72-fa8d2fbc7f6d
[92mINFO [0m:      Sent reply
[92mINFO [0m:      
[92mINFO [0m:      Received: evaluate message 9ce7281c-b079-4d9c-9ec1-eceb6aa11479
[92mINFO [0m:      Sent reply
[92mINFO [0m:      
[92mINFO [0m:      Received: train message 1717413b-2096-42b8-8c25-594eb1720b58
[92mINFO [0m:      Sent reply
[92mINFO [0m:      
[92mINFO [0m:      Received: evaluate message eebd02d4-5ffa-4eb0-821d-06f3bc7b4261
[92mINFO [0m:      Sent reply
[92mINFO [0m:      
[92mINFO [0m:      Received: train message 81126a78-f5b4-49f4-8a7d-db7aca6236f5
[92mINFO [0m:      Sent reply
[92mINFO [0m:      
[92mINFO [0m:      Received: evaluate message 03a4cf9c-8f90-43a2-9fa3-ea631c5c4b1c
[92mINFO [0m:      Sent reply
[92mINFO [0m:      
[92mINFO [0m:      Received: train message b5e3d387-12ab-40f5-b700-97db462eed0f
[92mINFO [0m:      Sent reply
[92mINFO [0m:      
[92mINFO [0m:      Received: evaluate message 89b70016-4839-4220-bff3-871e75413f0f
[92mINFO [0m:      Sent reply
[92mINFO [0m:      
[92mINFO [0m:      Received: reconnect message ebb9ed6b-eeec-4592-b02b-dd805e2c963f
[92mINFO [0m:      Disconnect and shut down
[Client 4] Logging metrics to: runs/manual_fedprox_alpha0.05_mu0.0/client_4_metrics.csv
[Data] Train samples=800, class_counts={0: 400, 1: 400}; Test samples=200, class_counts={0: 100, 1: 100}
[Client 4] Model validation passed: out_features=2, num_classes_global=2
[Client 4] Label histogram: {"0": 490, "1": 510}
