[93mWARNING [0m:   DEPRECATED FEATURE: flwr.client.start_numpy_client() is deprecated. 
	Instead, use `flwr.client.start_client()` by ensuring you first call the `.to_client()` method as shown below: 
	flwr.client.start_client(
		server_address='<IP>:<PORT>',
		client=FlowerClient().to_client(), # <-- where FlowerClient is of type flwr.client.NumPyClient object
	)
	Using `start_numpy_client()` is deprecated.

            This is a deprecated feature. It will be removed
            entirely in future versions of Flower.
        
[93mWARNING [0m:   DEPRECATED FEATURE: flwr.client.start_client() is deprecated.
	Instead, use the `flower-supernode` CLI command to start a SuperNode as shown below:

		$ flower-supernode --insecure --superlink='<IP>:<PORT>'

	To view all available options, run:

		$ flower-supernode --help

	Using `start_client()` is deprecated.

            This is a deprecated feature. It will be removed
            entirely in future versions of Flower.
        
[92mINFO [0m:      
[92mINFO [0m:      Received: evaluate message 64533fe9-0a42-4a86-b98c-db3449ad5850
[92mINFO [0m:      Sent reply
[92mINFO [0m:      
[92mINFO [0m:      Received: train message e792f7a7-96bc-4e89-adcc-7fc35e6149e5
[92mINFO [0m:      Sent reply
[92mINFO [0m:      
[92mINFO [0m:      Received: evaluate message 9507f208-eae1-4243-8b29-87fd1d0abb2e
[92mINFO [0m:      Sent reply
[92mINFO [0m:      
[92mINFO [0m:      Received: train message 5762a34b-89e2-4be6-b9cc-0d7982dc588d
[92mINFO [0m:      Sent reply
[92mINFO [0m:      
[92mINFO [0m:      Received: evaluate message dfca8025-e9bd-4cbb-a476-b5e6f56625d6
[92mINFO [0m:      Sent reply
[92mINFO [0m:      
[92mINFO [0m:      Received: train message c7791343-f7ec-42e7-a1e3-863594fa50ec
[92mINFO [0m:      Sent reply
[92mINFO [0m:      
[92mINFO [0m:      Received: evaluate message eff48754-2df3-4529-8f00-9f1ebff06160
[92mINFO [0m:      Sent reply
[92mINFO [0m:      
[92mINFO [0m:      Received: train message 76ba8c0f-0051-43d2-96f1-b64c18d9d470
[92mINFO [0m:      Sent reply
[92mINFO [0m:      
[92mINFO [0m:      Received: evaluate message f363b452-d9b7-4075-891d-5eb6c7cab148
[92mINFO [0m:      Sent reply
[92mINFO [0m:      
[92mINFO [0m:      Received: train message 5cbc6851-57e6-410b-bf62-360690070807
[92mINFO [0m:      Sent reply
[92mINFO [0m:      
[92mINFO [0m:      Received: evaluate message daa3b436-c268-427c-b26a-6bead78f15ac
[92mINFO [0m:      Sent reply
[92mINFO [0m:      
[92mINFO [0m:      Received: train message fe18ab5f-6c09-4d45-8624-8a3f6c0ee0f0
[92mINFO [0m:      Sent reply
[92mINFO [0m:      
[92mINFO [0m:      Received: evaluate message 13e705b8-22ca-4a85-904d-c66ee5f725fb
[92mINFO [0m:      Sent reply
[92mINFO [0m:      
[92mINFO [0m:      Received: train message a5c4514d-d9f5-40be-92f9-40abbb308e29
[92mINFO [0m:      Sent reply
[92mINFO [0m:      
[92mINFO [0m:      Received: evaluate message e258f2cb-3b17-4d1b-b5be-f273422c0f32
[92mINFO [0m:      Sent reply
[92mINFO [0m:      
[92mINFO [0m:      Received: train message 07e585d1-7464-4214-b460-0bd6c80c5588
[92mINFO [0m:      Sent reply
[92mINFO [0m:      
[92mINFO [0m:      Received: evaluate message aec0caf7-3938-4ee7-9d50-35e69656a290
[92mINFO [0m:      Sent reply
[92mINFO [0m:      
[92mINFO [0m:      Received: train message 622c1a5d-fdbb-41e2-837a-407d8976a75c
[92mINFO [0m:      Sent reply
[92mINFO [0m:      
[92mINFO [0m:      Received: evaluate message 6f73766b-d17c-40e6-b0ac-5f2c3e353cb4
[92mINFO [0m:      Sent reply
[92mINFO [0m:      
[92mINFO [0m:      Received: train message a9ca0d9a-19be-477b-95bb-2b0f501f5bf4
[92mINFO [0m:      Sent reply
[92mINFO [0m:      
[92mINFO [0m:      Received: evaluate message 8076b61e-432f-491f-9d35-e30e6b1c6ee5
[92mINFO [0m:      Sent reply
[92mINFO [0m:      
[92mINFO [0m:      Received: train message 26bf5050-808b-4534-9fc9-6076f95926ee
[92mINFO [0m:      Sent reply
[92mINFO [0m:      
[92mINFO [0m:      Received: evaluate message 7a84d3f4-c80f-40af-8e46-c3a79b454e01
[92mINFO [0m:      Sent reply
[92mINFO [0m:      
[92mINFO [0m:      Received: train message e2d3b5af-c5bc-4704-aeb0-8ddc0440d119
[92mINFO [0m:      Sent reply
[92mINFO [0m:      
[92mINFO [0m:      Received: evaluate message 4aac172b-3605-4ef1-a076-ff4498288639
[92mINFO [0m:      Sent reply
[92mINFO [0m:      
[92mINFO [0m:      Received: train message cded08a8-80a1-4f27-9901-f9f640cf3322
[92mINFO [0m:      Sent reply
[92mINFO [0m:      
[92mINFO [0m:      Received: evaluate message 0ba269b2-132c-49d6-9a23-3dfd17123187
[92mINFO [0m:      Sent reply
[92mINFO [0m:      
[92mINFO [0m:      Received: train message afce5ad8-ca26-4d26-83b6-a7ffacee5cd4
[92mINFO [0m:      Sent reply
[92mINFO [0m:      
[92mINFO [0m:      Received: evaluate message 17791d7f-3443-45be-a618-620980dccc31
[92mINFO [0m:      Sent reply
[92mINFO [0m:      
[92mINFO [0m:      Received: train message 7b5fcc1e-2f62-47c2-b678-8935d6be7804
[92mINFO [0m:      Sent reply
[92mINFO [0m:      
[92mINFO [0m:      Received: evaluate message f11ede07-ff05-4723-959c-27a4652a3e92
[92mINFO [0m:      Sent reply
[92mINFO [0m:      
[92mINFO [0m:      Received: train message 723b6894-e722-4fb4-822e-15d26821abf3
[92mINFO [0m:      Sent reply
[92mINFO [0m:      
[92mINFO [0m:      Received: evaluate message bb5f1f81-9ffe-440a-920d-8abb58eb75db
[92mINFO [0m:      Sent reply
[92mINFO [0m:      
[92mINFO [0m:      Received: train message 94140484-d32e-436c-b64c-38fbeabc441d
[92mINFO [0m:      Sent reply
[92mINFO [0m:      
[92mINFO [0m:      Received: evaluate message c94cdbac-bd75-4770-84a8-6c3d4b3f636b
[92mINFO [0m:      Sent reply
[92mINFO [0m:      
[92mINFO [0m:      Received: train message e7392306-91f7-4ddf-ab92-5ad589052882
[92mINFO [0m:      Sent reply
[92mINFO [0m:      
[92mINFO [0m:      Received: evaluate message 8ded0ca0-a065-48c4-a15b-08db2e33088b
[92mINFO [0m:      Sent reply
[92mINFO [0m:      
[92mINFO [0m:      Received: train message 329d2cbd-48d5-4370-8884-4f22c48f7d77
[92mINFO [0m:      Sent reply
[92mINFO [0m:      
[92mINFO [0m:      Received: evaluate message f053e9f6-49cc-457d-a7f5-65e27e4189ce
[92mINFO [0m:      Sent reply
[92mINFO [0m:      
[92mINFO [0m:      Received: reconnect message b465d3fe-336f-43af-b55a-dd821733aa17
[92mINFO [0m:      Disconnect and shut down
[Client 4] Logging metrics to: runs/nightly_fedprox_alpha0.1_mu0.1/client_4_metrics.csv
[Client 4] Model validation passed: out_features=2, num_classes_global=2
[Client 4] Label histogram: {"0": 2, "1": 13}
