[93mWARNING [0m:   DEPRECATED FEATURE: flwr.client.start_numpy_client() is deprecated. 
	Instead, use `flwr.client.start_client()` by ensuring you first call the `.to_client()` method as shown below: 
	flwr.client.start_client(
		server_address='<IP>:<PORT>',
		client=FlowerClient().to_client(), # <-- where FlowerClient is of type flwr.client.NumPyClient object
	)
	Using `start_numpy_client()` is deprecated.

            This is a deprecated feature. It will be removed
            entirely in future versions of Flower.
        
[93mWARNING [0m:   DEPRECATED FEATURE: flwr.client.start_client() is deprecated.
	Instead, use the `flower-supernode` CLI command to start a SuperNode as shown below:

		$ flower-supernode --insecure --superlink='<IP>:<PORT>'

	To view all available options, run:

		$ flower-supernode --help

	Using `start_client()` is deprecated.

            This is a deprecated feature. It will be removed
            entirely in future versions of Flower.
        
[92mINFO [0m:      
[92mINFO [0m:      Received: get_parameters message d3eddd16-c126-413a-be32-8d0943c1e2c5
[92mINFO [0m:      Sent reply
[92mINFO [0m:      
[92mINFO [0m:      Received: train message 4bd7c595-2178-401e-9380-3be3815e2b12
/opt/hostedtoolcache/Python/3.11.13/x64/lib/python3.11/site-packages/sklearn/metrics/_classification.py:1531: UndefinedMetricWarning: F-score is ill-defined and being set to 0.0 due to no true nor predicted samples. Use `zero_division` parameter to control this behavior.
  _warn_prf(average, modifier, f"{metric.capitalize()} is", len(result))
/opt/hostedtoolcache/Python/3.11.13/x64/lib/python3.11/site-packages/sklearn/metrics/_ranking.py:1030: UserWarning: No positive class found in y_true, recall is set to one for all thresholds.
  warnings.warn(
/opt/hostedtoolcache/Python/3.11.13/x64/lib/python3.11/site-packages/sklearn/metrics/_ranking.py:1030: UserWarning: No positive class found in y_true, recall is set to one for all thresholds.
  warnings.warn(
[92mINFO [0m:      Sent reply
[92mINFO [0m:      
[92mINFO [0m:      Received: evaluate message d81eb4d9-cb02-4ddb-b474-40c0c69e35c0
[92mINFO [0m:      Sent reply
[92mINFO [0m:      
[92mINFO [0m:      Received: train message 8f06628a-870e-4fdf-a566-0a799faef20f
/opt/hostedtoolcache/Python/3.11.13/x64/lib/python3.11/site-packages/sklearn/metrics/_classification.py:1531: UndefinedMetricWarning: F-score is ill-defined and being set to 0.0 due to no true nor predicted samples. Use `zero_division` parameter to control this behavior.
  _warn_prf(average, modifier, f"{metric.capitalize()} is", len(result))
/opt/hostedtoolcache/Python/3.11.13/x64/lib/python3.11/site-packages/sklearn/metrics/_ranking.py:1030: UserWarning: No positive class found in y_true, recall is set to one for all thresholds.
  warnings.warn(
/opt/hostedtoolcache/Python/3.11.13/x64/lib/python3.11/site-packages/sklearn/metrics/_ranking.py:1030: UserWarning: No positive class found in y_true, recall is set to one for all thresholds.
  warnings.warn(
[92mINFO [0m:      Sent reply
[92mINFO [0m:      
[92mINFO [0m:      Received: evaluate message fb1fe79b-5b93-493a-810a-53141097493a
[92mINFO [0m:      Sent reply
[92mINFO [0m:      
[92mINFO [0m:      Received: train message a6f57eb3-be56-4534-9762-f66fb81bb654
/opt/hostedtoolcache/Python/3.11.13/x64/lib/python3.11/site-packages/sklearn/metrics/_classification.py:1531: UndefinedMetricWarning: F-score is ill-defined and being set to 0.0 due to no true nor predicted samples. Use `zero_division` parameter to control this behavior.
  _warn_prf(average, modifier, f"{metric.capitalize()} is", len(result))
/opt/hostedtoolcache/Python/3.11.13/x64/lib/python3.11/site-packages/sklearn/metrics/_ranking.py:1030: UserWarning: No positive class found in y_true, recall is set to one for all thresholds.
  warnings.warn(
/opt/hostedtoolcache/Python/3.11.13/x64/lib/python3.11/site-packages/sklearn/metrics/_ranking.py:1030: UserWarning: No positive class found in y_true, recall is set to one for all thresholds.
  warnings.warn(
[92mINFO [0m:      Sent reply
[92mINFO [0m:      
[92mINFO [0m:      Received: evaluate message 97459a40-3ca7-4894-9bee-d56fc525ee5d
[92mINFO [0m:      Sent reply
[92mINFO [0m:      
[92mINFO [0m:      Received: train message 0281bc49-5316-47fa-8796-f9f53c806c98
/opt/hostedtoolcache/Python/3.11.13/x64/lib/python3.11/site-packages/sklearn/metrics/_classification.py:1531: UndefinedMetricWarning: F-score is ill-defined and being set to 0.0 due to no true nor predicted samples. Use `zero_division` parameter to control this behavior.
  _warn_prf(average, modifier, f"{metric.capitalize()} is", len(result))
/opt/hostedtoolcache/Python/3.11.13/x64/lib/python3.11/site-packages/sklearn/metrics/_ranking.py:1030: UserWarning: No positive class found in y_true, recall is set to one for all thresholds.
  warnings.warn(
/opt/hostedtoolcache/Python/3.11.13/x64/lib/python3.11/site-packages/sklearn/metrics/_ranking.py:1030: UserWarning: No positive class found in y_true, recall is set to one for all thresholds.
  warnings.warn(
[92mINFO [0m:      Sent reply
[92mINFO [0m:      
[92mINFO [0m:      Received: evaluate message 74e8d96f-07fe-4381-8668-8897972a8653
[92mINFO [0m:      Sent reply
[92mINFO [0m:      
[92mINFO [0m:      Received: train message d3e56a24-fd01-41d6-97b6-8faf2b440936
/opt/hostedtoolcache/Python/3.11.13/x64/lib/python3.11/site-packages/sklearn/metrics/_classification.py:1531: UndefinedMetricWarning: F-score is ill-defined and being set to 0.0 due to no true nor predicted samples. Use `zero_division` parameter to control this behavior.
  _warn_prf(average, modifier, f"{metric.capitalize()} is", len(result))
/opt/hostedtoolcache/Python/3.11.13/x64/lib/python3.11/site-packages/sklearn/metrics/_ranking.py:1030: UserWarning: No positive class found in y_true, recall is set to one for all thresholds.
  warnings.warn(
/opt/hostedtoolcache/Python/3.11.13/x64/lib/python3.11/site-packages/sklearn/metrics/_ranking.py:1030: UserWarning: No positive class found in y_true, recall is set to one for all thresholds.
  warnings.warn(
[92mINFO [0m:      Sent reply
[92mINFO [0m:      
[92mINFO [0m:      Received: evaluate message d55a1476-3c30-4cba-a277-46bb9d923bda
[92mINFO [0m:      Sent reply
[92mINFO [0m:      
[92mINFO [0m:      Received: train message ec2900b9-36ed-4a97-b841-c4614df31593
/opt/hostedtoolcache/Python/3.11.13/x64/lib/python3.11/site-packages/sklearn/metrics/_classification.py:1531: UndefinedMetricWarning: F-score is ill-defined and being set to 0.0 due to no true nor predicted samples. Use `zero_division` parameter to control this behavior.
  _warn_prf(average, modifier, f"{metric.capitalize()} is", len(result))
/opt/hostedtoolcache/Python/3.11.13/x64/lib/python3.11/site-packages/sklearn/metrics/_ranking.py:1030: UserWarning: No positive class found in y_true, recall is set to one for all thresholds.
  warnings.warn(
/opt/hostedtoolcache/Python/3.11.13/x64/lib/python3.11/site-packages/sklearn/metrics/_ranking.py:1030: UserWarning: No positive class found in y_true, recall is set to one for all thresholds.
  warnings.warn(
[92mINFO [0m:      Sent reply
[92mINFO [0m:      
[92mINFO [0m:      Received: evaluate message ca13ba41-1307-4ddf-8b0d-1f73227d5a31
[92mINFO [0m:      Sent reply
[92mINFO [0m:      
[92mINFO [0m:      Received: train message af5a5ab8-7b1b-45f9-bc3d-4435d781902f
/opt/hostedtoolcache/Python/3.11.13/x64/lib/python3.11/site-packages/sklearn/metrics/_classification.py:1531: UndefinedMetricWarning: F-score is ill-defined and being set to 0.0 due to no true nor predicted samples. Use `zero_division` parameter to control this behavior.
  _warn_prf(average, modifier, f"{metric.capitalize()} is", len(result))
/opt/hostedtoolcache/Python/3.11.13/x64/lib/python3.11/site-packages/sklearn/metrics/_ranking.py:1030: UserWarning: No positive class found in y_true, recall is set to one for all thresholds.
  warnings.warn(
/opt/hostedtoolcache/Python/3.11.13/x64/lib/python3.11/site-packages/sklearn/metrics/_ranking.py:1030: UserWarning: No positive class found in y_true, recall is set to one for all thresholds.
  warnings.warn(
[92mINFO [0m:      Sent reply
[92mINFO [0m:      
[92mINFO [0m:      Received: evaluate message 1e33f1cc-9ed9-4eba-96bf-bf4f88081d58
[92mINFO [0m:      Sent reply
[92mINFO [0m:      
[92mINFO [0m:      Received: train message 8b485cb1-e71d-4939-9559-73b58776d379
/opt/hostedtoolcache/Python/3.11.13/x64/lib/python3.11/site-packages/sklearn/metrics/_classification.py:1531: UndefinedMetricWarning: F-score is ill-defined and being set to 0.0 due to no true nor predicted samples. Use `zero_division` parameter to control this behavior.
  _warn_prf(average, modifier, f"{metric.capitalize()} is", len(result))
/opt/hostedtoolcache/Python/3.11.13/x64/lib/python3.11/site-packages/sklearn/metrics/_ranking.py:1030: UserWarning: No positive class found in y_true, recall is set to one for all thresholds.
  warnings.warn(
/opt/hostedtoolcache/Python/3.11.13/x64/lib/python3.11/site-packages/sklearn/metrics/_ranking.py:1030: UserWarning: No positive class found in y_true, recall is set to one for all thresholds.
  warnings.warn(
[92mINFO [0m:      Sent reply
[92mINFO [0m:      
[92mINFO [0m:      Received: evaluate message edd4e75c-1b6a-477d-bd4f-d6318a0dbd79
[92mINFO [0m:      Sent reply
[92mINFO [0m:      
[92mINFO [0m:      Received: train message 4d1d6a2d-e3b3-4286-8821-a741422e9ef4
/opt/hostedtoolcache/Python/3.11.13/x64/lib/python3.11/site-packages/sklearn/metrics/_classification.py:1531: UndefinedMetricWarning: F-score is ill-defined and being set to 0.0 due to no true nor predicted samples. Use `zero_division` parameter to control this behavior.
  _warn_prf(average, modifier, f"{metric.capitalize()} is", len(result))
/opt/hostedtoolcache/Python/3.11.13/x64/lib/python3.11/site-packages/sklearn/metrics/_ranking.py:1030: UserWarning: No positive class found in y_true, recall is set to one for all thresholds.
  warnings.warn(
/opt/hostedtoolcache/Python/3.11.13/x64/lib/python3.11/site-packages/sklearn/metrics/_ranking.py:1030: UserWarning: No positive class found in y_true, recall is set to one for all thresholds.
  warnings.warn(
[92mINFO [0m:      Sent reply
[92mINFO [0m:      
[92mINFO [0m:      Received: evaluate message bce957ab-9e07-4df3-9f64-e2e782f18f53
[92mINFO [0m:      Sent reply
[92mINFO [0m:      
[92mINFO [0m:      Received: train message 59dc2ae9-744a-4958-b9b6-4f83a1dfb3be
/opt/hostedtoolcache/Python/3.11.13/x64/lib/python3.11/site-packages/sklearn/metrics/_classification.py:1531: UndefinedMetricWarning: F-score is ill-defined and being set to 0.0 due to no true nor predicted samples. Use `zero_division` parameter to control this behavior.
  _warn_prf(average, modifier, f"{metric.capitalize()} is", len(result))
/opt/hostedtoolcache/Python/3.11.13/x64/lib/python3.11/site-packages/sklearn/metrics/_ranking.py:1030: UserWarning: No positive class found in y_true, recall is set to one for all thresholds.
  warnings.warn(
/opt/hostedtoolcache/Python/3.11.13/x64/lib/python3.11/site-packages/sklearn/metrics/_ranking.py:1030: UserWarning: No positive class found in y_true, recall is set to one for all thresholds.
  warnings.warn(
[92mINFO [0m:      Sent reply
[92mINFO [0m:      
[92mINFO [0m:      Received: evaluate message c56b2da9-ae74-48a7-b611-39f35db937b0
[92mINFO [0m:      Sent reply
[92mINFO [0m:      
[92mINFO [0m:      Received: train message 7c8ae540-b4f9-4917-b2ea-2749c7d93c30
/opt/hostedtoolcache/Python/3.11.13/x64/lib/python3.11/site-packages/sklearn/metrics/_classification.py:1531: UndefinedMetricWarning: F-score is ill-defined and being set to 0.0 due to no true nor predicted samples. Use `zero_division` parameter to control this behavior.
  _warn_prf(average, modifier, f"{metric.capitalize()} is", len(result))
/opt/hostedtoolcache/Python/3.11.13/x64/lib/python3.11/site-packages/sklearn/metrics/_ranking.py:1030: UserWarning: No positive class found in y_true, recall is set to one for all thresholds.
  warnings.warn(
/opt/hostedtoolcache/Python/3.11.13/x64/lib/python3.11/site-packages/sklearn/metrics/_ranking.py:1030: UserWarning: No positive class found in y_true, recall is set to one for all thresholds.
  warnings.warn(
[92mINFO [0m:      Sent reply
[92mINFO [0m:      
[92mINFO [0m:      Received: evaluate message 51eb00c2-044a-4180-9519-760f175bdd68
[92mINFO [0m:      Sent reply
[92mINFO [0m:      
[92mINFO [0m:      Received: train message 9f5ac774-8197-4dc4-851b-c27d130635b1
/opt/hostedtoolcache/Python/3.11.13/x64/lib/python3.11/site-packages/sklearn/metrics/_classification.py:1531: UndefinedMetricWarning: F-score is ill-defined and being set to 0.0 due to no true nor predicted samples. Use `zero_division` parameter to control this behavior.
  _warn_prf(average, modifier, f"{metric.capitalize()} is", len(result))
/opt/hostedtoolcache/Python/3.11.13/x64/lib/python3.11/site-packages/sklearn/metrics/_ranking.py:1030: UserWarning: No positive class found in y_true, recall is set to one for all thresholds.
  warnings.warn(
/opt/hostedtoolcache/Python/3.11.13/x64/lib/python3.11/site-packages/sklearn/metrics/_ranking.py:1030: UserWarning: No positive class found in y_true, recall is set to one for all thresholds.
  warnings.warn(
[92mINFO [0m:      Sent reply
[92mINFO [0m:      
[92mINFO [0m:      Received: evaluate message 147861c4-e0ac-4cc3-84ab-98426513ec24
[92mINFO [0m:      Sent reply
[92mINFO [0m:      
[92mINFO [0m:      Received: train message 22b3ebdd-11e4-408e-a7a8-5da8ae777ef8
/opt/hostedtoolcache/Python/3.11.13/x64/lib/python3.11/site-packages/sklearn/metrics/_classification.py:1531: UndefinedMetricWarning: F-score is ill-defined and being set to 0.0 due to no true nor predicted samples. Use `zero_division` parameter to control this behavior.
  _warn_prf(average, modifier, f"{metric.capitalize()} is", len(result))
/opt/hostedtoolcache/Python/3.11.13/x64/lib/python3.11/site-packages/sklearn/metrics/_ranking.py:1030: UserWarning: No positive class found in y_true, recall is set to one for all thresholds.
  warnings.warn(
/opt/hostedtoolcache/Python/3.11.13/x64/lib/python3.11/site-packages/sklearn/metrics/_ranking.py:1030: UserWarning: No positive class found in y_true, recall is set to one for all thresholds.
  warnings.warn(
[92mINFO [0m:      Sent reply
[92mINFO [0m:      
[92mINFO [0m:      Received: evaluate message eee27908-e524-434d-bd5d-264d9f6faa3d
[92mINFO [0m:      Sent reply
[92mINFO [0m:      
[92mINFO [0m:      Received: train message a9a5b673-e264-4cc0-a185-18c418992f87
/opt/hostedtoolcache/Python/3.11.13/x64/lib/python3.11/site-packages/sklearn/metrics/_classification.py:1531: UndefinedMetricWarning: F-score is ill-defined and being set to 0.0 due to no true nor predicted samples. Use `zero_division` parameter to control this behavior.
  _warn_prf(average, modifier, f"{metric.capitalize()} is", len(result))
/opt/hostedtoolcache/Python/3.11.13/x64/lib/python3.11/site-packages/sklearn/metrics/_ranking.py:1030: UserWarning: No positive class found in y_true, recall is set to one for all thresholds.
  warnings.warn(
/opt/hostedtoolcache/Python/3.11.13/x64/lib/python3.11/site-packages/sklearn/metrics/_ranking.py:1030: UserWarning: No positive class found in y_true, recall is set to one for all thresholds.
  warnings.warn(
[92mINFO [0m:      Sent reply
[92mINFO [0m:      
[92mINFO [0m:      Received: evaluate message 72b2803c-1da7-4686-a132-b435c7cfea25
[92mINFO [0m:      Sent reply
[92mINFO [0m:      
[92mINFO [0m:      Received: train message bd57a947-addc-4d59-84cb-00e9df13a8c7
/opt/hostedtoolcache/Python/3.11.13/x64/lib/python3.11/site-packages/sklearn/metrics/_classification.py:1531: UndefinedMetricWarning: F-score is ill-defined and being set to 0.0 due to no true nor predicted samples. Use `zero_division` parameter to control this behavior.
  _warn_prf(average, modifier, f"{metric.capitalize()} is", len(result))
/opt/hostedtoolcache/Python/3.11.13/x64/lib/python3.11/site-packages/sklearn/metrics/_ranking.py:1030: UserWarning: No positive class found in y_true, recall is set to one for all thresholds.
  warnings.warn(
/opt/hostedtoolcache/Python/3.11.13/x64/lib/python3.11/site-packages/sklearn/metrics/_ranking.py:1030: UserWarning: No positive class found in y_true, recall is set to one for all thresholds.
  warnings.warn(
[92mINFO [0m:      Sent reply
[92mINFO [0m:      
[92mINFO [0m:      Received: evaluate message 8f86a94c-6009-4be9-84ea-ad2b29562545
[92mINFO [0m:      Sent reply
[92mINFO [0m:      
[92mINFO [0m:      Received: train message 7d5cc4dc-2732-491b-8976-0ced3bac60ae
/opt/hostedtoolcache/Python/3.11.13/x64/lib/python3.11/site-packages/sklearn/metrics/_classification.py:1531: UndefinedMetricWarning: F-score is ill-defined and being set to 0.0 due to no true nor predicted samples. Use `zero_division` parameter to control this behavior.
  _warn_prf(average, modifier, f"{metric.capitalize()} is", len(result))
/opt/hostedtoolcache/Python/3.11.13/x64/lib/python3.11/site-packages/sklearn/metrics/_ranking.py:1030: UserWarning: No positive class found in y_true, recall is set to one for all thresholds.
  warnings.warn(
/opt/hostedtoolcache/Python/3.11.13/x64/lib/python3.11/site-packages/sklearn/metrics/_ranking.py:1030: UserWarning: No positive class found in y_true, recall is set to one for all thresholds.
  warnings.warn(
[92mINFO [0m:      Sent reply
[92mINFO [0m:      
[92mINFO [0m:      Received: evaluate message 71f7f81d-14db-4a92-801a-1a92f43515e3
[92mINFO [0m:      Sent reply
[92mINFO [0m:      
[92mINFO [0m:      Received: train message a07b4004-3757-436e-b37e-2f64d2cb5c19
/opt/hostedtoolcache/Python/3.11.13/x64/lib/python3.11/site-packages/sklearn/metrics/_classification.py:1531: UndefinedMetricWarning: F-score is ill-defined and being set to 0.0 due to no true nor predicted samples. Use `zero_division` parameter to control this behavior.
  _warn_prf(average, modifier, f"{metric.capitalize()} is", len(result))
/opt/hostedtoolcache/Python/3.11.13/x64/lib/python3.11/site-packages/sklearn/metrics/_ranking.py:1030: UserWarning: No positive class found in y_true, recall is set to one for all thresholds.
  warnings.warn(
/opt/hostedtoolcache/Python/3.11.13/x64/lib/python3.11/site-packages/sklearn/metrics/_ranking.py:1030: UserWarning: No positive class found in y_true, recall is set to one for all thresholds.
  warnings.warn(
[92mINFO [0m:      Sent reply
[92mINFO [0m:      
[92mINFO [0m:      Received: evaluate message 6a9e847a-1161-4e07-a7ea-5996e87be719
[92mINFO [0m:      Sent reply
[92mINFO [0m:      
[92mINFO [0m:      Received: train message 14037446-51af-41e3-bb73-4f7d14359a34
/opt/hostedtoolcache/Python/3.11.13/x64/lib/python3.11/site-packages/sklearn/metrics/_classification.py:1531: UndefinedMetricWarning: F-score is ill-defined and being set to 0.0 due to no true nor predicted samples. Use `zero_division` parameter to control this behavior.
  _warn_prf(average, modifier, f"{metric.capitalize()} is", len(result))
/opt/hostedtoolcache/Python/3.11.13/x64/lib/python3.11/site-packages/sklearn/metrics/_ranking.py:1030: UserWarning: No positive class found in y_true, recall is set to one for all thresholds.
  warnings.warn(
/opt/hostedtoolcache/Python/3.11.13/x64/lib/python3.11/site-packages/sklearn/metrics/_ranking.py:1030: UserWarning: No positive class found in y_true, recall is set to one for all thresholds.
  warnings.warn(
[92mINFO [0m:      Sent reply
[92mINFO [0m:      
[92mINFO [0m:      Received: evaluate message 532b9df6-dc70-4e90-a7c1-e40be80bfbad
[92mINFO [0m:      Sent reply
[92mINFO [0m:      
[92mINFO [0m:      Received: train message 1dd591b1-3a4e-4477-b221-33bb23f1c74e
/opt/hostedtoolcache/Python/3.11.13/x64/lib/python3.11/site-packages/sklearn/metrics/_classification.py:1531: UndefinedMetricWarning: F-score is ill-defined and being set to 0.0 due to no true nor predicted samples. Use `zero_division` parameter to control this behavior.
  _warn_prf(average, modifier, f"{metric.capitalize()} is", len(result))
/opt/hostedtoolcache/Python/3.11.13/x64/lib/python3.11/site-packages/sklearn/metrics/_ranking.py:1030: UserWarning: No positive class found in y_true, recall is set to one for all thresholds.
  warnings.warn(
/opt/hostedtoolcache/Python/3.11.13/x64/lib/python3.11/site-packages/sklearn/metrics/_ranking.py:1030: UserWarning: No positive class found in y_true, recall is set to one for all thresholds.
  warnings.warn(
[92mINFO [0m:      Sent reply
[92mINFO [0m:      
[92mINFO [0m:      Received: evaluate message 9dbc2e83-4a0d-4f9a-9cd1-fac5d954611c
[92mINFO [0m:      Sent reply
[92mINFO [0m:      
[92mINFO [0m:      Received: train message 73da97e8-be9b-43cd-a101-d41ea0f05fac
/opt/hostedtoolcache/Python/3.11.13/x64/lib/python3.11/site-packages/sklearn/metrics/_classification.py:1531: UndefinedMetricWarning: F-score is ill-defined and being set to 0.0 due to no true nor predicted samples. Use `zero_division` parameter to control this behavior.
  _warn_prf(average, modifier, f"{metric.capitalize()} is", len(result))
/opt/hostedtoolcache/Python/3.11.13/x64/lib/python3.11/site-packages/sklearn/metrics/_ranking.py:1030: UserWarning: No positive class found in y_true, recall is set to one for all thresholds.
  warnings.warn(
/opt/hostedtoolcache/Python/3.11.13/x64/lib/python3.11/site-packages/sklearn/metrics/_ranking.py:1030: UserWarning: No positive class found in y_true, recall is set to one for all thresholds.
  warnings.warn(
[92mINFO [0m:      Sent reply
[92mINFO [0m:      
[92mINFO [0m:      Received: evaluate message 1b126994-85af-4799-98af-c7fbcfefa132
[92mINFO [0m:      Sent reply
[92mINFO [0m:      
[92mINFO [0m:      Received: reconnect message e6200ae6-b12d-45be-9e7c-9d57a61dd907
[92mINFO [0m:      Disconnect and shut down
[Client 5] Logging metrics to: runs/nightly_fedprox_alpha0.1_mu0.1/client_5_metrics.csv
[Client 5] Model validation passed: out_features=2, num_classes_global=2
[Client 5] Label histogram: {"0": 126, "1": 1}
