[93mWARNING [0m:   DEPRECATED FEATURE: flwr.client.start_numpy_client() is deprecated. 
	Instead, use `flwr.client.start_client()` by ensuring you first call the `.to_client()` method as shown below: 
	flwr.client.start_client(
		server_address='<IP>:<PORT>',
		client=FlowerClient().to_client(), # <-- where FlowerClient is of type flwr.client.NumPyClient object
	)
	Using `start_numpy_client()` is deprecated.

            This is a deprecated feature. It will be removed
            entirely in future versions of Flower.
        
[93mWARNING [0m:   DEPRECATED FEATURE: flwr.client.start_client() is deprecated.
	Instead, use the `flower-supernode` CLI command to start a SuperNode as shown below:

		$ flower-supernode --insecure --superlink='<IP>:<PORT>'

	To view all available options, run:

		$ flower-supernode --help

	Using `start_client()` is deprecated.

            This is a deprecated feature. It will be removed
            entirely in future versions of Flower.
        
[92mINFO [0m:      
[92mINFO [0m:      Received: evaluate message 77345373-a205-46b0-abc7-24b62e1c240c
[92mINFO [0m:      Sent reply
[92mINFO [0m:      
[92mINFO [0m:      Received: train message 531bfa24-0599-4447-88b2-817b61baf41c
[92mINFO [0m:      Sent reply
[92mINFO [0m:      
[92mINFO [0m:      Received: evaluate message 24c1aa5b-fc4d-40ed-918c-06b3b4f2f7ca
[92mINFO [0m:      Sent reply
[92mINFO [0m:      
[92mINFO [0m:      Received: train message 12224911-0884-4226-b62f-f58dc9cf2f57
[92mINFO [0m:      Sent reply
[92mINFO [0m:      
[92mINFO [0m:      Received: evaluate message 0589c059-91dd-49f8-9c64-d6f5e9c9f403
[92mINFO [0m:      Sent reply
[92mINFO [0m:      
[92mINFO [0m:      Received: train message 19588e30-dde7-411a-8ef9-723086b1c76d
[92mINFO [0m:      Sent reply
[92mINFO [0m:      
[92mINFO [0m:      Received: evaluate message 3748c33b-5a7e-458c-a970-6861d63743c4
[92mINFO [0m:      Sent reply
[92mINFO [0m:      
[92mINFO [0m:      Received: train message 2cf4a788-2a0e-482c-be52-f7c748bc984d
[92mINFO [0m:      Sent reply
[92mINFO [0m:      
[92mINFO [0m:      Received: evaluate message 7ec10c08-f067-4cf8-99e1-6bcf39309a86
[92mINFO [0m:      Sent reply
[92mINFO [0m:      
[92mINFO [0m:      Received: train message c70c35c2-c7b3-490c-9997-395797efbd1f
[92mINFO [0m:      Sent reply
[92mINFO [0m:      
[92mINFO [0m:      Received: evaluate message 6afdbf0e-e02d-4105-aab6-0f895a8dc434
[92mINFO [0m:      Sent reply
[92mINFO [0m:      
[92mINFO [0m:      Received: train message f2f186a0-e456-4652-80c4-53187e840dea
[92mINFO [0m:      Sent reply
[92mINFO [0m:      
[92mINFO [0m:      Received: evaluate message 9068b8e9-ce52-4414-8b6a-ed7a640faed0
[92mINFO [0m:      Sent reply
[92mINFO [0m:      
[92mINFO [0m:      Received: train message d6735813-7426-4738-b784-2fd4d6f3da91
[92mINFO [0m:      Sent reply
[92mINFO [0m:      
[92mINFO [0m:      Received: evaluate message 12155891-4a7a-4ae1-8c86-c69c021a4ea6
[92mINFO [0m:      Sent reply
[92mINFO [0m:      
[92mINFO [0m:      Received: train message f4a344ac-5663-4d65-828d-93f589075786
[92mINFO [0m:      Sent reply
[92mINFO [0m:      
[92mINFO [0m:      Received: evaluate message a2c4c938-9059-4099-93ab-0dc94518d93e
[92mINFO [0m:      Sent reply
[92mINFO [0m:      
[92mINFO [0m:      Received: train message 3242ae25-1348-4593-896d-482d2234eb27
[92mINFO [0m:      Sent reply
[92mINFO [0m:      
[92mINFO [0m:      Received: evaluate message 3f618d56-810b-4e99-9668-530d84ac0f6d
[92mINFO [0m:      Sent reply
[92mINFO [0m:      
[92mINFO [0m:      Received: train message 5420c1ea-1954-4567-9a4e-8215b0f37997
[92mINFO [0m:      Sent reply
[92mINFO [0m:      
[92mINFO [0m:      Received: evaluate message d6af4aaf-5f37-4d17-a57c-8a8e3e465747
[92mINFO [0m:      Sent reply
[92mINFO [0m:      
[92mINFO [0m:      Received: train message d4963715-5aaa-4080-bab8-6ffbd27a09d9
[92mINFO [0m:      Sent reply
[92mINFO [0m:      
[92mINFO [0m:      Received: evaluate message 426ed5d6-680b-42c9-b7aa-aa0b27a8d335
[92mINFO [0m:      Sent reply
[92mINFO [0m:      
[92mINFO [0m:      Received: train message eed26ebb-0c49-4b37-a21b-0099f4105551
[92mINFO [0m:      Sent reply
[92mINFO [0m:      
[92mINFO [0m:      Received: evaluate message 7f607767-286f-42b8-8ff7-93bb837546e0
[92mINFO [0m:      Sent reply
[92mINFO [0m:      
[92mINFO [0m:      Received: train message dea48014-a282-48d1-bf93-1c3f90f1ae49
[92mINFO [0m:      Sent reply
[92mINFO [0m:      
[92mINFO [0m:      Received: evaluate message a9bbe8ea-e098-40d1-b30c-edb5f388b065
[92mINFO [0m:      Sent reply
[92mINFO [0m:      
[92mINFO [0m:      Received: train message a20742d6-3215-468b-85d2-2c32704da502
[92mINFO [0m:      Sent reply
[92mINFO [0m:      
[92mINFO [0m:      Received: evaluate message 6422111b-c267-41e6-aa9c-f5fe956f01cf
[92mINFO [0m:      Sent reply
[92mINFO [0m:      
[92mINFO [0m:      Received: train message 881dc10b-2cab-4260-9718-9b152338fcde
[92mINFO [0m:      Sent reply
[92mINFO [0m:      
[92mINFO [0m:      Received: evaluate message 0a8cfbc1-e4d1-4f5a-8bac-0cfc6a422e91
[92mINFO [0m:      Sent reply
[92mINFO [0m:      
[92mINFO [0m:      Received: train message e3a0fd86-e935-41f9-8079-6fc2d2504c81
[92mINFO [0m:      Sent reply
[92mINFO [0m:      
[92mINFO [0m:      Received: evaluate message 17a07d0e-0819-4954-a84e-e1495b42786c
[92mINFO [0m:      Sent reply
[92mINFO [0m:      
[92mINFO [0m:      Received: train message 7e777ea3-7591-45e1-94e4-19adf5269dfb
[92mINFO [0m:      Sent reply
[92mINFO [0m:      
[92mINFO [0m:      Received: evaluate message 786b4bec-7bfb-4c93-a87d-0fc74c178c3b
[92mINFO [0m:      Sent reply
[92mINFO [0m:      
[92mINFO [0m:      Received: train message a226da9f-0a18-4203-adab-6424324a447c
[92mINFO [0m:      Sent reply
[92mINFO [0m:      
[92mINFO [0m:      Received: evaluate message f13eb167-bc96-49f0-88ac-272298e67132
[92mINFO [0m:      Sent reply
[92mINFO [0m:      
[92mINFO [0m:      Received: train message cd0930ed-df88-4c9a-bc22-adde54484e0b
[92mINFO [0m:      Sent reply
[92mINFO [0m:      
[92mINFO [0m:      Received: evaluate message cc5df293-8ee1-48a7-b73b-3e8c9b61e0ef
[92mINFO [0m:      Sent reply
[92mINFO [0m:      
[92mINFO [0m:      Received: reconnect message 1cde4f9a-cad2-4225-830d-0ecb531e4f10
[92mINFO [0m:      Disconnect and shut down
[Client 1] Logging metrics to: runs/nightly_fedprox_alpha0.1_mu0.1/client_1_metrics.csv
[Client 1] Model validation passed: out_features=2, num_classes_global=2
[Client 1] Label histogram: {"0": 658, "1": 270}
