[93mWARNING [0m:   DEPRECATED FEATURE: flwr.client.start_numpy_client() is deprecated. 
	Instead, use `flwr.client.start_client()` by ensuring you first call the `.to_client()` method as shown below: 
	flwr.client.start_client(
		server_address='<IP>:<PORT>',
		client=FlowerClient().to_client(), # <-- where FlowerClient is of type flwr.client.NumPyClient object
	)
	Using `start_numpy_client()` is deprecated.

            This is a deprecated feature. It will be removed
            entirely in future versions of Flower.
        
[93mWARNING [0m:   DEPRECATED FEATURE: flwr.client.start_client() is deprecated.
	Instead, use the `flower-supernode` CLI command to start a SuperNode as shown below:

		$ flower-supernode --insecure --superlink='<IP>:<PORT>'

	To view all available options, run:

		$ flower-supernode --help

	Using `start_client()` is deprecated.

            This is a deprecated feature. It will be removed
            entirely in future versions of Flower.
        
[92mINFO [0m:      
[92mINFO [0m:      Received: evaluate message 4a9d9198-0210-45c4-8859-dece9caaf871
[92mINFO [0m:      Sent reply
[92mINFO [0m:      
[92mINFO [0m:      Received: train message d1b599c2-4d09-45b5-96ae-05e4fccd4ba3
[92mINFO [0m:      Sent reply
[92mINFO [0m:      
[92mINFO [0m:      Received: evaluate message acf2643b-afa6-4426-8ea9-313492c04c12
[92mINFO [0m:      Sent reply
[92mINFO [0m:      
[92mINFO [0m:      Received: train message f9e5bff4-2c15-4563-bdf8-9e363cbd777a
[92mINFO [0m:      Sent reply
[92mINFO [0m:      
[92mINFO [0m:      Received: evaluate message dcdf0a0f-0df5-4fec-ad52-a1b9de513b1e
[92mINFO [0m:      Sent reply
[92mINFO [0m:      
[92mINFO [0m:      Received: train message 2ef680b9-427a-4ad5-a77b-4d1620481661
[92mINFO [0m:      Sent reply
[92mINFO [0m:      
[92mINFO [0m:      Received: evaluate message 72ae0adc-b7d3-43e1-9f84-0320db3c69da
[92mINFO [0m:      Sent reply
[92mINFO [0m:      
[92mINFO [0m:      Received: train message da2550bc-ecc0-4c54-9aa3-d2ce9645ff8d
[92mINFO [0m:      Sent reply
[92mINFO [0m:      
[92mINFO [0m:      Received: evaluate message 6788a6ea-666e-4a3d-9c19-943cf21a5a98
[92mINFO [0m:      Sent reply
[92mINFO [0m:      
[92mINFO [0m:      Received: train message 7d7f598d-68af-4d33-a965-8bd73caf9b83
[92mINFO [0m:      Sent reply
[92mINFO [0m:      
[92mINFO [0m:      Received: evaluate message e56ace51-171a-42c7-a716-d47347857148
[92mINFO [0m:      Sent reply
[92mINFO [0m:      
[92mINFO [0m:      Received: train message 61416e01-7c7f-4c61-b10a-2b81d2772c6d
[92mINFO [0m:      Sent reply
[92mINFO [0m:      
[92mINFO [0m:      Received: evaluate message 08ca0282-0e00-4e00-a6e1-a8df068dddaa
[92mINFO [0m:      Sent reply
[92mINFO [0m:      
[92mINFO [0m:      Received: train message 95ff26ac-d05e-4621-9b84-f88a2b10fe76
[92mINFO [0m:      Sent reply
[92mINFO [0m:      
[92mINFO [0m:      Received: evaluate message 4bffb461-8d7f-43d6-8ffd-b83a71c3dd0d
[92mINFO [0m:      Sent reply
[92mINFO [0m:      
[92mINFO [0m:      Received: train message 5cb2f718-3da6-418f-88f0-61e15735f90d
[92mINFO [0m:      Sent reply
[92mINFO [0m:      
[92mINFO [0m:      Received: evaluate message 641cb996-ba05-46f4-b9ff-31fb00d0ad15
[92mINFO [0m:      Sent reply
[92mINFO [0m:      
[92mINFO [0m:      Received: train message 543a86dc-dc76-4f55-b9fc-6d58b08158a1
[92mINFO [0m:      Sent reply
[92mINFO [0m:      
[92mINFO [0m:      Received: evaluate message 3188e1a6-bff1-4cb9-9d43-5f2a7ccd3113
[92mINFO [0m:      Sent reply
[92mINFO [0m:      
[92mINFO [0m:      Received: train message bac5bfdc-d18f-42c3-b2d6-92476a61a813
[92mINFO [0m:      Sent reply
[92mINFO [0m:      
[92mINFO [0m:      Received: evaluate message 23ef28c8-dc35-4407-91f1-2fc1a07318dc
[92mINFO [0m:      Sent reply
[92mINFO [0m:      
[92mINFO [0m:      Received: train message e53e0d9a-81dc-4f4d-a5ae-edac15f7eadc
[92mINFO [0m:      Sent reply
[92mINFO [0m:      
[92mINFO [0m:      Received: evaluate message aeff58a9-455c-4ba4-a1c9-88d6a10c2da3
[92mINFO [0m:      Sent reply
[92mINFO [0m:      
[92mINFO [0m:      Received: train message 99601a0f-33b0-4c93-8c72-ba7435c30516
[92mINFO [0m:      Sent reply
[92mINFO [0m:      
[92mINFO [0m:      Received: evaluate message 55f34486-2479-4fa9-bdb7-2dd45e332140
[92mINFO [0m:      Sent reply
[92mINFO [0m:      
[92mINFO [0m:      Received: train message f39ec1fe-48af-4697-af59-032aac7e34b5
[92mINFO [0m:      Sent reply
[92mINFO [0m:      
[92mINFO [0m:      Received: evaluate message 9bc38796-30b2-439c-88d7-e79bcb873315
[92mINFO [0m:      Sent reply
[92mINFO [0m:      
[92mINFO [0m:      Received: train message 42382b42-74e2-4224-9464-46ba3e184bd6
[92mINFO [0m:      Sent reply
[92mINFO [0m:      
[92mINFO [0m:      Received: evaluate message deeccb0f-17e8-4c0e-b8ea-3dc5608d0430
[92mINFO [0m:      Sent reply
[92mINFO [0m:      
[92mINFO [0m:      Received: train message f9d365ff-f8c9-47b8-bbd3-3bb88b609a8d
[92mINFO [0m:      Sent reply
[92mINFO [0m:      
[92mINFO [0m:      Received: evaluate message 4068370b-7c13-4c44-8bc5-bc503e89d307
[92mINFO [0m:      Sent reply
[92mINFO [0m:      
[92mINFO [0m:      Received: train message d287a07a-6e19-479e-bd73-3dc46cb0bb94
[92mINFO [0m:      Sent reply
[92mINFO [0m:      
[92mINFO [0m:      Received: evaluate message f391c873-341a-4403-87ac-83c3a155fed6
[92mINFO [0m:      Sent reply
[92mINFO [0m:      
[92mINFO [0m:      Received: train message 6a5b5954-d7ca-4281-840a-a2b682605eb7
[92mINFO [0m:      Sent reply
[92mINFO [0m:      
[92mINFO [0m:      Received: evaluate message 158bafb3-fef3-4143-a2c8-8764aa806207
[92mINFO [0m:      Sent reply
[92mINFO [0m:      
[92mINFO [0m:      Received: train message bb1f98cd-5099-40c5-a55a-8053cd678995
[92mINFO [0m:      Sent reply
[92mINFO [0m:      
[92mINFO [0m:      Received: evaluate message c6fbf1a3-9976-489e-a4d4-b97015b56bc0
[92mINFO [0m:      Sent reply
[92mINFO [0m:      
[92mINFO [0m:      Received: train message dd83a89e-377e-4fc9-a1d9-cbd7218abf0e
[92mINFO [0m:      Sent reply
[92mINFO [0m:      
[92mINFO [0m:      Received: evaluate message 82a4b8f3-f81a-40b9-bdec-7c13ba9181be
[92mINFO [0m:      Sent reply
[92mINFO [0m:      
[92mINFO [0m:      Received: reconnect message febe6bc3-c9aa-455b-8983-ca591c3498e1
[92mINFO [0m:      Disconnect and shut down
[Client 3] Logging metrics to: runs/nightly_fedprox_alpha0.1_mu0.1/client_3_metrics.csv
[Client 3] Model validation passed: out_features=2, num_classes_global=2
[Client 3] Label histogram: {"0": 1203, "1": 175}
