[93mWARNING [0m:   DEPRECATED FEATURE: flwr.client.start_numpy_client() is deprecated. 
	Instead, use `flwr.client.start_client()` by ensuring you first call the `.to_client()` method as shown below: 
	flwr.client.start_client(
		server_address='<IP>:<PORT>',
		client=FlowerClient().to_client(), # <-- where FlowerClient is of type flwr.client.NumPyClient object
	)
	Using `start_numpy_client()` is deprecated.

            This is a deprecated feature. It will be removed
            entirely in future versions of Flower.
        
[93mWARNING [0m:   DEPRECATED FEATURE: flwr.client.start_client() is deprecated.
	Instead, use the `flower-supernode` CLI command to start a SuperNode as shown below:

		$ flower-supernode --insecure --superlink='<IP>:<PORT>'

	To view all available options, run:

		$ flower-supernode --help

	Using `start_client()` is deprecated.

            This is a deprecated feature. It will be removed
            entirely in future versions of Flower.
        
[92mINFO [0m:      
[92mINFO [0m:      Received: train message 543f4bf7-2619-415f-8753-7f2d145bca16
[92mINFO [0m:      Sent reply
[92mINFO [0m:      
[92mINFO [0m:      Received: evaluate message 97d067f3-4761-4564-8ef4-fd501552cebc
[92mINFO [0m:      Sent reply
[92mINFO [0m:      
[92mINFO [0m:      Received: train message 9e064a3d-f8a2-4ace-9354-1e1c9217a261
[92mINFO [0m:      Sent reply
[92mINFO [0m:      
[92mINFO [0m:      Received: evaluate message a59f93f2-b7a2-4f33-a2be-1bb1623148cf
[92mINFO [0m:      Sent reply
[92mINFO [0m:      
[92mINFO [0m:      Received: train message 88c1a913-bc39-4875-80ed-d6e706f03943
[92mINFO [0m:      Sent reply
[92mINFO [0m:      
[92mINFO [0m:      Received: evaluate message adec3c10-35ac-4dfe-9f83-5e6c42984051
[92mINFO [0m:      Sent reply
[92mINFO [0m:      
[92mINFO [0m:      Received: train message ed64058a-9040-4bf3-8dc6-6b7cc4e48808
[92mINFO [0m:      Sent reply
[92mINFO [0m:      
[92mINFO [0m:      Received: evaluate message be57e1e9-1adb-485a-a815-fbd8f723b75a
[92mINFO [0m:      Sent reply
[92mINFO [0m:      
[92mINFO [0m:      Received: train message 03a0a0e6-31db-49c5-9dc2-b59a189e3660
[92mINFO [0m:      Sent reply
[92mINFO [0m:      
[92mINFO [0m:      Received: evaluate message 7516353b-4ded-499e-b994-98e774bb2e0b
[92mINFO [0m:      Sent reply
[92mINFO [0m:      
[92mINFO [0m:      Received: train message a46f6e2c-27a1-48bb-b590-641e21437f7a
[92mINFO [0m:      Sent reply
[92mINFO [0m:      
[92mINFO [0m:      Received: evaluate message 5239d676-9ebe-454d-ba56-0669a676841d
[92mINFO [0m:      Sent reply
[92mINFO [0m:      
[92mINFO [0m:      Received: train message e5b76a4b-9096-41c5-bcc2-75b50cfd960b
[92mINFO [0m:      Sent reply
[92mINFO [0m:      
[92mINFO [0m:      Received: evaluate message bb6e5e8a-d965-4440-a520-888711f52fb1
[92mINFO [0m:      Sent reply
[92mINFO [0m:      
[92mINFO [0m:      Received: train message 68b7f5f2-505a-4a0d-9349-a983f72b2e71
[92mINFO [0m:      Sent reply
[92mINFO [0m:      
[92mINFO [0m:      Received: evaluate message dd65a914-c5b8-4571-b3aa-b62e924f446c
[92mINFO [0m:      Sent reply
[92mINFO [0m:      
[92mINFO [0m:      Received: train message 7d1ed64a-1f95-453b-af1a-a20c4202f6cc
[92mINFO [0m:      Sent reply
[92mINFO [0m:      
[92mINFO [0m:      Received: evaluate message ba6dfd19-1e0a-44e2-a696-239d0152aa1a
[92mINFO [0m:      Sent reply
[92mINFO [0m:      
[92mINFO [0m:      Received: train message d3011b54-93da-42f8-8e42-96c952787fed
[92mINFO [0m:      Sent reply
[92mINFO [0m:      
[92mINFO [0m:      Received: evaluate message f84d1336-c748-452d-aae8-83cfdf8311a2
[92mINFO [0m:      Sent reply
[92mINFO [0m:      
[92mINFO [0m:      Received: train message 506b4db2-7821-451d-97a9-09312a2a2eac
[92mINFO [0m:      Sent reply
[92mINFO [0m:      
[92mINFO [0m:      Received: evaluate message 000842f5-2e00-4ee8-a35c-54b44be3e7ed
[92mINFO [0m:      Sent reply
[92mINFO [0m:      
[92mINFO [0m:      Received: train message f635401c-5896-4966-8e69-49357f6ce906
[92mINFO [0m:      Sent reply
[92mINFO [0m:      
[92mINFO [0m:      Received: evaluate message d109b9bd-438b-4af1-800d-4110c1c226bc
[92mINFO [0m:      Sent reply
[92mINFO [0m:      
[92mINFO [0m:      Received: train message faee1877-6715-452e-bb1b-18c509789940
[92mINFO [0m:      Sent reply
[92mINFO [0m:      
[92mINFO [0m:      Received: evaluate message 85e6d655-38fb-4afb-b0d3-c8bcd72262c3
[92mINFO [0m:      Sent reply
[92mINFO [0m:      
[92mINFO [0m:      Received: train message 82d6b5a7-edd8-4ac5-bb75-1cfa03ade610
[92mINFO [0m:      Sent reply
[92mINFO [0m:      
[92mINFO [0m:      Received: evaluate message f29043aa-65c8-46bc-969b-ad4a40b2b541
[92mINFO [0m:      Sent reply
[92mINFO [0m:      
[92mINFO [0m:      Received: train message b6524285-eeb9-4de9-9e69-9ff240ccc523
[92mINFO [0m:      Sent reply
[92mINFO [0m:      
[92mINFO [0m:      Received: evaluate message d060e4e0-476e-4904-924d-58b9dd437f0b
[92mINFO [0m:      Sent reply
[92mINFO [0m:      
[92mINFO [0m:      Received: train message dc0fae4a-a196-48b4-b8fa-7b41268d406b
[92mINFO [0m:      Sent reply
[92mINFO [0m:      
[92mINFO [0m:      Received: evaluate message 38f21887-292b-4f03-93ea-253caad83623
[92mINFO [0m:      Sent reply
[92mINFO [0m:      
[92mINFO [0m:      Received: train message 5cc7058d-5235-4fb0-a5a7-5730021b8d5a
[92mINFO [0m:      Sent reply
[92mINFO [0m:      
[92mINFO [0m:      Received: evaluate message bf35aea1-cb2d-493a-a313-c9a75d3d5fd6
[92mINFO [0m:      Sent reply
[92mINFO [0m:      
[92mINFO [0m:      Received: train message 4b33b130-4403-41f8-a1ed-5c03a461c904
[92mINFO [0m:      Sent reply
[92mINFO [0m:      
[92mINFO [0m:      Received: evaluate message 880d0df6-2c7a-43ea-8367-a68125e962b8
[92mINFO [0m:      Sent reply
[92mINFO [0m:      
[92mINFO [0m:      Received: train message 2c13b6e0-8e16-4c5e-99d2-397bb287d02d
[92mINFO [0m:      Sent reply
[92mINFO [0m:      
[92mINFO [0m:      Received: evaluate message e7eee00e-1cca-4d84-96ce-4d81cbe13b11
[92mINFO [0m:      Sent reply
[92mINFO [0m:      
[92mINFO [0m:      Received: train message 8abe6cdf-0ed0-4331-9917-395f6db2082a
[92mINFO [0m:      Sent reply
[92mINFO [0m:      
[92mINFO [0m:      Received: evaluate message 0a985d40-b869-46fe-89a1-6d11794cbe22
[92mINFO [0m:      Sent reply
[92mINFO [0m:      
[92mINFO [0m:      Received: reconnect message 1ce550e6-4d4a-4eae-a2c5-ba6bb6adef29
[92mINFO [0m:      Disconnect and shut down
[Client 0] Logging metrics to: runs/manual_fedprox_alpha0.5_mu0.1/client_0_metrics.csv
[Data] Train samples=800, class_counts={0: 400, 1: 400}; Test samples=200, class_counts={0: 100, 1: 100}
[Client 0] Model validation passed: out_features=2, num_classes_global=2
[Client 0] Label histogram: {"0": 490, "1": 510}
