[93mWARNING [0m:   DEPRECATED FEATURE: flwr.client.start_numpy_client() is deprecated. 
	Instead, use `flwr.client.start_client()` by ensuring you first call the `.to_client()` method as shown below: 
	flwr.client.start_client(
		server_address='<IP>:<PORT>',
		client=FlowerClient().to_client(), # <-- where FlowerClient is of type flwr.client.NumPyClient object
	)
	Using `start_numpy_client()` is deprecated.

            This is a deprecated feature. It will be removed
            entirely in future versions of Flower.
        
[93mWARNING [0m:   DEPRECATED FEATURE: flwr.client.start_client() is deprecated.
	Instead, use the `flower-supernode` CLI command to start a SuperNode as shown below:

		$ flower-supernode --insecure --superlink='<IP>:<PORT>'

	To view all available options, run:

		$ flower-supernode --help

	Using `start_client()` is deprecated.

            This is a deprecated feature. It will be removed
            entirely in future versions of Flower.
        
[92mINFO [0m:      
[92mINFO [0m:      Received: evaluate message 6d0c1545-536c-4cbb-b79f-36c5a947f28b
[92mINFO [0m:      Sent reply
[92mINFO [0m:      
[92mINFO [0m:      Received: train message 67ce8762-a186-4bb5-8b3e-9a5a62748945
[92mINFO [0m:      Sent reply
[92mINFO [0m:      
[92mINFO [0m:      Received: evaluate message 973e78aa-59fb-4b21-815c-c32f618863ae
[92mINFO [0m:      Sent reply
[92mINFO [0m:      
[92mINFO [0m:      Received: train message c639c82d-ce45-4452-aeae-a3d24c6f9b3c
[92mINFO [0m:      Sent reply
[92mINFO [0m:      
[92mINFO [0m:      Received: evaluate message c087f71c-742f-420b-9a5e-c71531349d29
[92mINFO [0m:      Sent reply
[92mINFO [0m:      
[92mINFO [0m:      Received: train message 7b32c0ea-f058-479a-b6c3-aa8c843748cb
[92mINFO [0m:      Sent reply
[92mINFO [0m:      
[92mINFO [0m:      Received: evaluate message be01a874-1751-4981-9339-e68b56013baa
[92mINFO [0m:      Sent reply
[92mINFO [0m:      
[92mINFO [0m:      Received: train message 68502fc9-7169-4d27-8be5-d181cf498ca8
[92mINFO [0m:      Sent reply
[92mINFO [0m:      
[92mINFO [0m:      Received: evaluate message 34588120-b03b-4a42-872d-bc3b1bd202bf
[92mINFO [0m:      Sent reply
[92mINFO [0m:      
[92mINFO [0m:      Received: train message d31d0500-9951-426f-86e9-f4292216808e
[92mINFO [0m:      Sent reply
[92mINFO [0m:      
[92mINFO [0m:      Received: evaluate message 427b4cd5-dabb-4d56-86ff-8932c0965b1b
[92mINFO [0m:      Sent reply
[92mINFO [0m:      
[92mINFO [0m:      Received: train message 17405f8a-8401-44e5-a0ff-87b4ceac2424
[92mINFO [0m:      Sent reply
[92mINFO [0m:      
[92mINFO [0m:      Received: evaluate message dfd0ef94-70eb-436c-ad4b-8819e474135b
[92mINFO [0m:      Sent reply
[92mINFO [0m:      
[92mINFO [0m:      Received: train message 56fb79a5-acd7-4b52-8905-b2f6c3b01e87
[92mINFO [0m:      Sent reply
[92mINFO [0m:      
[92mINFO [0m:      Received: evaluate message f1d0e28b-5c99-4cbf-ade9-4052f9382b61
[92mINFO [0m:      Sent reply
[92mINFO [0m:      
[92mINFO [0m:      Received: train message 6588d7f6-aaca-4776-82e8-cc59d9fa734b
[92mINFO [0m:      Sent reply
[92mINFO [0m:      
[92mINFO [0m:      Received: evaluate message 86fd1485-e4b3-4d8c-982b-a98672f4507f
[92mINFO [0m:      Sent reply
[92mINFO [0m:      
[92mINFO [0m:      Received: train message cbd2c1d7-982a-44be-a42d-463093a4ea1a
[92mINFO [0m:      Sent reply
[92mINFO [0m:      
[92mINFO [0m:      Received: evaluate message ab73c95b-cd3e-485a-9ac6-8f6b0ce0eb4d
[92mINFO [0m:      Sent reply
[92mINFO [0m:      
[92mINFO [0m:      Received: train message f569cd93-4b93-40dc-9f25-307bb68d2032
[92mINFO [0m:      Sent reply
[92mINFO [0m:      
[92mINFO [0m:      Received: evaluate message a6ca0ee0-1882-453d-acb2-321a998b0658
[92mINFO [0m:      Sent reply
[92mINFO [0m:      
[92mINFO [0m:      Received: train message 6c52041b-ad8d-4054-89dc-29fa54443228
[92mINFO [0m:      Sent reply
[92mINFO [0m:      
[92mINFO [0m:      Received: evaluate message a755df38-4643-4672-8ac5-88dcf35d539e
[92mINFO [0m:      Sent reply
[92mINFO [0m:      
[92mINFO [0m:      Received: train message eba90339-ebbb-41c2-b285-c399f49a0972
[92mINFO [0m:      Sent reply
[92mINFO [0m:      
[92mINFO [0m:      Received: evaluate message 05fba4c0-e60c-4e6a-80b0-4b5b6c74e929
[92mINFO [0m:      Sent reply
[92mINFO [0m:      
[92mINFO [0m:      Received: train message c9aeae7e-203d-42f8-afa3-296d36160d58
[92mINFO [0m:      Sent reply
[92mINFO [0m:      
[92mINFO [0m:      Received: evaluate message b5847a23-c31b-43c1-bdf1-03a6ab6b6410
[92mINFO [0m:      Sent reply
[92mINFO [0m:      
[92mINFO [0m:      Received: train message ff0fda7d-4472-4bb8-841b-0da270149425
[92mINFO [0m:      Sent reply
[92mINFO [0m:      
[92mINFO [0m:      Received: evaluate message feb7a31b-9150-44a0-aef3-2226732fde32
[92mINFO [0m:      Sent reply
[92mINFO [0m:      
[92mINFO [0m:      Received: train message 84d795eb-ae89-4b90-8193-b6e3479fc305
[92mINFO [0m:      Sent reply
[92mINFO [0m:      
[92mINFO [0m:      Received: evaluate message 86c8ccdd-f78c-4188-bfcf-8f511a4d71b5
[92mINFO [0m:      Sent reply
[92mINFO [0m:      
[92mINFO [0m:      Received: train message 1bd76b86-1b4b-4750-bc8e-542fe19ed3ff
[92mINFO [0m:      Sent reply
[92mINFO [0m:      
[92mINFO [0m:      Received: evaluate message 690b6a8c-a830-4143-842e-f3f152d7405a
[92mINFO [0m:      Sent reply
[92mINFO [0m:      
[92mINFO [0m:      Received: train message be9fb4bb-e5b6-4b1a-836a-d66989743788
[92mINFO [0m:      Sent reply
[92mINFO [0m:      
[92mINFO [0m:      Received: evaluate message 8927c582-2836-45fd-9420-de5d66c062f7
[92mINFO [0m:      Sent reply
[92mINFO [0m:      
[92mINFO [0m:      Received: train message e0a70732-2688-4b1e-9237-7eadeefef7d2
[92mINFO [0m:      Sent reply
[92mINFO [0m:      
[92mINFO [0m:      Received: evaluate message 3c8f2c19-7a63-4e4e-a37e-21e79b188043
[92mINFO [0m:      Sent reply
[92mINFO [0m:      
[92mINFO [0m:      Received: train message d4db4436-685a-41a4-b5a6-89d77bf3748b
[92mINFO [0m:      Sent reply
[92mINFO [0m:      
[92mINFO [0m:      Received: evaluate message 30e4876d-2214-4874-8bbd-8077d1bd76fb
[92mINFO [0m:      Sent reply
[92mINFO [0m:      
[92mINFO [0m:      Received: reconnect message c26b06ee-5361-4451-9a27-ea8bc1fe219e
[92mINFO [0m:      Disconnect and shut down
[Client 5] Logging metrics to: runs/manual_fedprox_alpha0.5_mu0.1/client_5_metrics.csv
[Data] Train samples=800, class_counts={0: 400, 1: 400}; Test samples=200, class_counts={0: 100, 1: 100}
[Client 5] Model validation passed: out_features=2, num_classes_global=2
[Client 5] Label histogram: {"0": 490, "1": 510}
