[93mWARNING [0m:   DEPRECATED FEATURE: flwr.client.start_numpy_client() is deprecated. 
	Instead, use `flwr.client.start_client()` by ensuring you first call the `.to_client()` method as shown below: 
	flwr.client.start_client(
		server_address='<IP>:<PORT>',
		client=FlowerClient().to_client(), # <-- where FlowerClient is of type flwr.client.NumPyClient object
	)
	Using `start_numpy_client()` is deprecated.

            This is a deprecated feature. It will be removed
            entirely in future versions of Flower.
        
[93mWARNING [0m:   DEPRECATED FEATURE: flwr.client.start_client() is deprecated.
	Instead, use the `flower-supernode` CLI command to start a SuperNode as shown below:

		$ flower-supernode --insecure --superlink='<IP>:<PORT>'

	To view all available options, run:

		$ flower-supernode --help

	Using `start_client()` is deprecated.

            This is a deprecated feature. It will be removed
            entirely in future versions of Flower.
        
[92mINFO [0m:      
[92mINFO [0m:      Received: evaluate message fac80a0f-581a-45f4-8cc1-9f66fa52d94f
[92mINFO [0m:      Sent reply
[92mINFO [0m:      
[92mINFO [0m:      Received: train message cb2c3543-252c-4773-bea4-aa8ffc56b75e
[92mINFO [0m:      Sent reply
[92mINFO [0m:      
[92mINFO [0m:      Received: evaluate message 91cabb4f-0863-4d7e-9b8f-bce6f0f1dda1
[92mINFO [0m:      Sent reply
[92mINFO [0m:      
[92mINFO [0m:      Received: train message 71abd012-dfbc-416d-9704-696e2a893ce6
[92mINFO [0m:      Sent reply
[92mINFO [0m:      
[92mINFO [0m:      Received: evaluate message 5222bc0e-628e-44fe-9196-2f4ae7489c70
[92mINFO [0m:      Sent reply
[92mINFO [0m:      
[92mINFO [0m:      Received: train message d0ae1b07-9290-4826-b1b5-559951414a4c
[92mINFO [0m:      Sent reply
[92mINFO [0m:      
[92mINFO [0m:      Received: evaluate message b8585c74-eeeb-4d98-8ef8-531dc32b0d64
[92mINFO [0m:      Sent reply
[92mINFO [0m:      
[92mINFO [0m:      Received: train message d3ffdf93-0983-434b-bb53-19a76e35b43e
[92mINFO [0m:      Sent reply
[92mINFO [0m:      
[92mINFO [0m:      Received: evaluate message d126f543-c143-4ef9-8363-bacf350d4a20
[92mINFO [0m:      Sent reply
[92mINFO [0m:      
[92mINFO [0m:      Received: train message d6e1f21d-c397-41d9-8128-e7e2318d9abc
[92mINFO [0m:      Sent reply
[92mINFO [0m:      
[92mINFO [0m:      Received: evaluate message 2fc9f647-5a50-499d-9e7e-839141a69c6e
[92mINFO [0m:      Sent reply
[92mINFO [0m:      
[92mINFO [0m:      Received: train message 8f564c17-cfc4-43ce-8621-d5111567f225
[92mINFO [0m:      Sent reply
[92mINFO [0m:      
[92mINFO [0m:      Received: evaluate message d3dfb4de-ea6e-4bda-8e3c-0e72b0270b1b
[92mINFO [0m:      Sent reply
[92mINFO [0m:      
[92mINFO [0m:      Received: train message 75f87695-5d9a-4422-a3a5-c009c10cd2d3
[92mINFO [0m:      Sent reply
[92mINFO [0m:      
[92mINFO [0m:      Received: evaluate message 916e3279-8b70-4805-8160-3708075da1a8
[92mINFO [0m:      Sent reply
[92mINFO [0m:      
[92mINFO [0m:      Received: train message 0fc6a0da-c7c1-4261-862e-4ecb58f1ee0b
[92mINFO [0m:      Sent reply
[92mINFO [0m:      
[92mINFO [0m:      Received: evaluate message 31ed2eb0-8613-4755-8aac-37df7594e6f4
[92mINFO [0m:      Sent reply
[92mINFO [0m:      
[92mINFO [0m:      Received: train message e5e41a89-4d8e-4958-881c-7af125f57d99
[92mINFO [0m:      Sent reply
[92mINFO [0m:      
[92mINFO [0m:      Received: evaluate message 191e3142-4657-4944-8f28-f27a684eaf3e
[92mINFO [0m:      Sent reply
[92mINFO [0m:      
[92mINFO [0m:      Received: train message 6cbd9557-cfff-4772-bd0d-b8168d159494
[92mINFO [0m:      Sent reply
[92mINFO [0m:      
[92mINFO [0m:      Received: evaluate message 1f010084-baef-452b-9c63-5b5ba3abb707
[92mINFO [0m:      Sent reply
[92mINFO [0m:      
[92mINFO [0m:      Received: train message b4488085-7273-4894-ac36-06aa9f8da972
[92mINFO [0m:      Sent reply
[92mINFO [0m:      
[92mINFO [0m:      Received: evaluate message 2a8d75e6-58bb-40e9-b947-80846e7fe690
[92mINFO [0m:      Sent reply
[92mINFO [0m:      
[92mINFO [0m:      Received: train message 3ba46c4a-e1b2-4782-a7ab-92fc52e2a365
[92mINFO [0m:      Sent reply
[92mINFO [0m:      
[92mINFO [0m:      Received: evaluate message ad36a7dc-b3af-4640-9c28-a361742cbe98
[92mINFO [0m:      Sent reply
[92mINFO [0m:      
[92mINFO [0m:      Received: train message 6ee50160-97c0-4f3e-8fc0-e3bb9ea71e66
[92mINFO [0m:      Sent reply
[92mINFO [0m:      
[92mINFO [0m:      Received: evaluate message a7e45ecc-8bea-4543-80ba-fbce267d3020
[92mINFO [0m:      Sent reply
[92mINFO [0m:      
[92mINFO [0m:      Received: train message 8dcad7c4-95e1-450c-8245-a8cef2d86ef6
[92mINFO [0m:      Sent reply
[92mINFO [0m:      
[92mINFO [0m:      Received: evaluate message 142595ee-1965-4a01-8464-b2d3e679c66b
[92mINFO [0m:      Sent reply
[92mINFO [0m:      
[92mINFO [0m:      Received: train message 54d94410-e542-47c0-aaa8-d29c50b965dc
[92mINFO [0m:      Sent reply
[92mINFO [0m:      
[92mINFO [0m:      Received: evaluate message b8cf074e-8c11-4dba-9855-9888661e22d7
[92mINFO [0m:      Sent reply
[92mINFO [0m:      
[92mINFO [0m:      Received: train message a3684319-5df8-4de6-a968-cbf2f1bbb88f
[92mINFO [0m:      Sent reply
[92mINFO [0m:      
[92mINFO [0m:      Received: evaluate message 56179f37-3b81-49f6-9523-59538307ac63
[92mINFO [0m:      Sent reply
[92mINFO [0m:      
[92mINFO [0m:      Received: train message e868acf0-5826-4dc5-9cba-0b34998c666c
[92mINFO [0m:      Sent reply
[92mINFO [0m:      
[92mINFO [0m:      Received: evaluate message 2e59f39e-921c-4366-9643-bc1d7c47faca
[92mINFO [0m:      Sent reply
[92mINFO [0m:      
[92mINFO [0m:      Received: train message cde0783f-229e-4b4f-b193-5389cbafed49
[92mINFO [0m:      Sent reply
[92mINFO [0m:      
[92mINFO [0m:      Received: evaluate message 356e47cb-a89e-452a-be2f-30306bca4c1c
[92mINFO [0m:      Sent reply
[92mINFO [0m:      
[92mINFO [0m:      Received: train message 6ffb61c7-7ca1-4ccc-820b-3b035106674b
[92mINFO [0m:      Sent reply
[92mINFO [0m:      
[92mINFO [0m:      Received: evaluate message 4abc3e0c-10fd-4bf8-ab07-2dcb79bf81c7
[92mINFO [0m:      Sent reply
[92mINFO [0m:      
[92mINFO [0m:      Received: reconnect message 7748204a-87f7-4a0d-9c2f-3d085a036845
[92mINFO [0m:      Disconnect and shut down
[Client 7] Logging metrics to: runs/manual_fedprox_alpha0.5_mu0.1/client_7_metrics.csv
[Data] Train samples=800, class_counts={0: 400, 1: 400}; Test samples=200, class_counts={0: 100, 1: 100}
[Client 7] Model validation passed: out_features=2, num_classes_global=2
[Client 7] Label histogram: {"0": 490, "1": 510}
